{
  "/Users/paul/Desktop/form_builder/apps/builder/.eslintrc.js": {
    "path": "/Users/paul/Desktop/form_builder/apps/builder/.eslintrc.js",
    "statementMap": {
      "0": { "start": { "line": 1, "column": 0 }, "end": { "line": 10, "column": null } }
    },
    "fnMap": {},
    "branchMap": {},
    "s": { "0": 0 },
    "f": {},
    "b": {}
  },
  "/Users/paul/Desktop/form_builder/apps/builder/middleware.ts": {
    "path": "/Users/paul/Desktop/form_builder/apps/builder/middleware.ts",
    "statementMap": {
      "0": { "start": { "line": 60, "column": 13 }, "end": { "line": 60, "column": 19 } },
      "1": { "start": { "line": 21, "column": 16 }, "end": { "line": 21, "column": 26 } },
      "2": { "start": { "line": 1, "column": 29 }, "end": { "line": 1, "column": null } },
      "3": { "start": { "line": 5, "column": 21 }, "end": { "line": 10, "column": null } },
      "4": { "start": { "line": 13, "column": 24 }, "end": { "line": 19, "column": null } },
      "5": { "start": { "line": 22, "column": 23 }, "end": { "line": 22, "column": 38 } },
      "6": { "start": { "line": 25, "column": 2 }, "end": { "line": 30, "column": null } },
      "7": { "start": { "line": 27, "column": 36 }, "end": { "line": 27, "column": null } },
      "8": { "start": { "line": 29, "column": 4 }, "end": { "line": 29, "column": null } },
      "9": { "start": { "line": 33, "column": 2 }, "end": { "line": 40, "column": null } },
      "10": { "start": { "line": 39, "column": 4 }, "end": { "line": 39, "column": null } },
      "11": { "start": { "line": 43, "column": 16 }, "end": { "line": 43, "column": null } },
      "12": { "start": { "line": 46, "column": 2 }, "end": { "line": 50, "column": null } },
      "13": { "start": { "line": 47, "column": 21 }, "end": { "line": 47, "column": null } },
      "14": { "start": { "line": 48, "column": 4 }, "end": { "line": 48, "column": null } },
      "15": { "start": { "line": 49, "column": 4 }, "end": { "line": 49, "column": null } },
      "16": { "start": { "line": 53, "column": 2 }, "end": { "line": 55, "column": null } },
      "17": { "start": { "line": 54, "column": 4 }, "end": { "line": 54, "column": null } },
      "18": { "start": { "line": 57, "column": 2 }, "end": { "line": 57, "column": null } },
      "19": { "start": { "line": 60, "column": 22 }, "end": { "line": 71, "column": null } }
    },
    "fnMap": {
      "0": {
        "name": "middleware",
        "decl": { "start": { "line": 21, "column": 16 }, "end": { "line": 21, "column": 26 } },
        "loc": { "start": { "line": 21, "column": 47 }, "end": { "line": 58, "column": null } }
      },
      "1": {
        "name": "(anonymous_4)",
        "decl": { "start": { "line": 27, "column": 25 }, "end": { "line": 27, "column": 26 } },
        "loc": { "start": { "line": 27, "column": 36 }, "end": { "line": 27, "column": null } }
      }
    },
    "branchMap": {
      "0": {
        "loc": { "start": { "line": 25, "column": 2 }, "end": { "line": 30, "column": null } },
        "type": "if",
        "locations": [
          { "start": { "line": 25, "column": 2 }, "end": { "line": 30, "column": null } }
        ]
      },
      "1": {
        "loc": { "start": { "line": 26, "column": 4 }, "end": { "line": 27, "column": null } },
        "type": "binary-expr",
        "locations": [
          { "start": { "line": 26, "column": 4 }, "end": { "line": 26, "column": null } },
          { "start": { "line": 27, "column": 4 }, "end": { "line": 27, "column": null } }
        ]
      },
      "2": {
        "loc": { "start": { "line": 33, "column": 2 }, "end": { "line": 40, "column": null } },
        "type": "if",
        "locations": [
          { "start": { "line": 33, "column": 2 }, "end": { "line": 40, "column": null } }
        ]
      },
      "3": {
        "loc": { "start": { "line": 34, "column": 4 }, "end": { "line": 37, "column": null } },
        "type": "binary-expr",
        "locations": [
          { "start": { "line": 34, "column": 4 }, "end": { "line": 34, "column": null } },
          { "start": { "line": 35, "column": 4 }, "end": { "line": 35, "column": null } },
          { "start": { "line": 36, "column": 4 }, "end": { "line": 36, "column": 30 } },
          { "start": { "line": 37, "column": 4 }, "end": { "line": 37, "column": null } }
        ]
      },
      "4": {
        "loc": { "start": { "line": 46, "column": 2 }, "end": { "line": 50, "column": null } },
        "type": "if",
        "locations": [
          { "start": { "line": 46, "column": 2 }, "end": { "line": 50, "column": null } }
        ]
      },
      "5": {
        "loc": { "start": { "line": 46, "column": 6 }, "end": { "line": 46, "column": 48 } },
        "type": "binary-expr",
        "locations": [
          { "start": { "line": 46, "column": 6 }, "end": { "line": 46, "column": 16 } },
          { "start": { "line": 46, "column": 16 }, "end": { "line": 46, "column": 48 } }
        ]
      },
      "6": {
        "loc": { "start": { "line": 53, "column": 2 }, "end": { "line": 55, "column": null } },
        "type": "if",
        "locations": [
          { "start": { "line": 53, "column": 2 }, "end": { "line": 55, "column": null } }
        ]
      },
      "7": {
        "loc": { "start": { "line": 53, "column": 6 }, "end": { "line": 53, "column": 46 } },
        "type": "binary-expr",
        "locations": [
          { "start": { "line": 53, "column": 6 }, "end": { "line": 53, "column": 15 } },
          { "start": { "line": 53, "column": 15 }, "end": { "line": 53, "column": 46 } }
        ]
      }
    },
    "s": {
      "0": 0,
      "1": 0,
      "2": 0,
      "3": 0,
      "4": 0,
      "5": 0,
      "6": 0,
      "7": 0,
      "8": 0,
      "9": 0,
      "10": 0,
      "11": 0,
      "12": 0,
      "13": 0,
      "14": 0,
      "15": 0,
      "16": 0,
      "17": 0,
      "18": 0,
      "19": 0
    },
    "f": { "0": 0, "1": 0 },
    "b": {
      "0": [0],
      "1": [0, 0],
      "2": [0],
      "3": [0, 0, 0, 0],
      "4": [0],
      "5": [0, 0],
      "6": [0],
      "7": [0, 0]
    }
  },
  "/Users/paul/Desktop/form_builder/apps/builder/app/layout.tsx": {
    "path": "/Users/paul/Desktop/form_builder/apps/builder/app/layout.tsx",
    "statementMap": {
      "0": { "start": { "line": 18, "column": 24 }, "end": { "line": 18, "column": 35 } },
      "1": { "start": { "line": 3, "column": 7 }, "end": { "line": 3, "column": null } },
      "2": { "start": { "line": 4, "column": 26 }, "end": { "line": 4, "column": null } },
      "3": { "start": { "line": 5, "column": 26 }, "end": { "line": 5, "column": null } },
      "4": { "start": { "line": 6, "column": 22 }, "end": { "line": 6, "column": null } },
      "5": { "start": { "line": 7, "column": 49 }, "end": { "line": 7, "column": null } },
      "6": { "start": { "line": 8, "column": 24 }, "end": { "line": 8, "column": null } },
      "7": { "start": { "line": 9, "column": 30 }, "end": { "line": 9, "column": null } },
      "8": { "start": { "line": 10, "column": 36 }, "end": { "line": 10, "column": null } },
      "9": { "start": { "line": 12, "column": 14 }, "end": { "line": 16, "column": null } },
      "10": { "start": { "line": 23, "column": 24 }, "end": { "line": 32, "column": null } },
      "11": { "start": { "line": 25, "column": 6 }, "end": { "line": 32, "column": null } },
      "12": { "start": { "line": 36, "column": 2 }, "end": { "line": 38, "column": null } },
      "13": { "start": { "line": 37, "column": 4 }, "end": { "line": 37, "column": null } }
    },
    "fnMap": {
      "0": {
        "name": "RootLayout",
        "decl": { "start": { "line": 18, "column": 24 }, "end": { "line": 18, "column": 35 } },
        "loc": { "start": { "line": 22, "column": 2 }, "end": { "line": 79, "column": null } }
      },
      "1": {
        "name": "(anonymous_2)",
        "decl": { "start": { "line": 24, "column": 4 }, "end": { "line": 24, "column": null } },
        "loc": { "start": { "line": 25, "column": 6 }, "end": { "line": 32, "column": null } }
      },
      "2": {
        "name": "(anonymous_3)",
        "decl": { "start": { "line": 36, "column": 12 }, "end": { "line": 36, "column": null } },
        "loc": { "start": { "line": 36, "column": 12 }, "end": { "line": 38, "column": 5 } }
      }
    },
    "branchMap": {},
    "s": {
      "0": 0,
      "1": 0,
      "2": 0,
      "3": 0,
      "4": 0,
      "5": 0,
      "6": 0,
      "7": 0,
      "8": 0,
      "9": 0,
      "10": 0,
      "11": 0,
      "12": 0,
      "13": 0
    },
    "f": { "0": 0, "1": 0, "2": 0 },
    "b": {}
  },
  "/Users/paul/Desktop/form_builder/apps/builder/app/page.tsx": {
    "path": "/Users/paul/Desktop/form_builder/apps/builder/app/page.tsx",
    "statementMap": {
      "0": { "start": { "line": 52, "column": 24 }, "end": { "line": 52, "column": null } },
      "1": { "start": { "line": 3, "column": 23 }, "end": { "line": 3, "column": null } },
      "2": { "start": { "line": 5, "column": 17 }, "end": { "line": 5, "column": null } },
      "3": { "start": { "line": 6, "column": 59 }, "end": { "line": 6, "column": null } },
      "4": { "start": { "line": 21, "column": 7 }, "end": { "line": 21, "column": null } },
      "5": { "start": { "line": 23, "column": 36 }, "end": { "line": 23, "column": null } },
      "6": { "start": { "line": 24, "column": 27 }, "end": { "line": 24, "column": null } },
      "7": { "start": { "line": 25, "column": 31 }, "end": { "line": 25, "column": null } },
      "8": { "start": { "line": 26, "column": 31 }, "end": { "line": 26, "column": null } },
      "9": { "start": { "line": 27, "column": 37 }, "end": { "line": 27, "column": null } },
      "10": { "start": { "line": 28, "column": 28 }, "end": { "line": 28, "column": null } },
      "11": { "start": { "line": 29, "column": 29 }, "end": { "line": 29, "column": null } },
      "12": { "start": { "line": 32, "column": 22 }, "end": { "line": 45, "column": null } },
      "13": { "start": { "line": 47, "column": 19 }, "end": { "line": 50, "column": null } },
      "14": { "start": { "line": 53, "column": 52 }, "end": { "line": 53, "column": null } },
      "15": { "start": { "line": 54, "column": 40 }, "end": { "line": 54, "column": null } },
      "16": { "start": { "line": 55, "column": 40 }, "end": { "line": 55, "column": null } },
      "17": { "start": { "line": 58, "column": 2 }, "end": { "line": 75, "column": null } },
      "18": { "start": { "line": 59, "column": 4 }, "end": { "line": 74, "column": null } },
      "19": { "start": { "line": 60, "column": 6 }, "end": { "line": 73, "column": null } },
      "20": { "start": { "line": 78, "column": 2 }, "end": { "line": 78, "column": null } },
      "21": { "start": { "line": 79, "column": 2 }, "end": { "line": 79, "column": null } },
      "22": { "start": { "line": 82, "column": 2 }, "end": { "line": 91, "column": null } },
      "23": { "start": { "line": 83, "column": 32 }, "end": { "line": 85, "column": null } },
      "24": { "start": { "line": 84, "column": 6 }, "end": { "line": 84, "column": null } },
      "25": { "start": { "line": 84, "column": 31 }, "end": { "line": 84, "column": null } },
      "26": { "start": { "line": 87, "column": 4 }, "end": { "line": 87, "column": null } },
      "27": { "start": { "line": 88, "column": 4 }, "end": { "line": 90, "column": null } },
      "28": { "start": { "line": 89, "column": 6 }, "end": { "line": 89, "column": null } },
      "29": { "start": { "line": 93, "column": 25 }, "end": { "line": 94, "column": null } },
      "30": { "start": { "line": 94, "column": 4 }, "end": { "line": 94, "column": null } },
      "31": { "start": { "line": 97, "column": 27 }, "end": { "line": 100, "column": null } },
      "32": { "start": { "line": 97, "column": 57 }, "end": { "line": 100, "column": null } },
      "33": { "start": { "line": 99, "column": 45 }, "end": { "line": 99, "column": 75 } },
      "34": { "start": { "line": 126, "column": 63 }, "end": { "line": 126, "column": null } },
      "35": { "start": { "line": 165, "column": 33 }, "end": { "line": 165, "column": null } },
      "36": { "start": { "line": 174, "column": 16 }, "end": { "line": 175, "column": 41 } },
      "37": { "start": { "line": 181, "column": 24 }, "end": { "line": 181, "column": 55 } },
      "38": { "start": { "line": 229, "column": 56 }, "end": { "line": 229, "column": 79 } }
    },
    "fnMap": {
      "0": {
        "name": "BuilderPage",
        "decl": { "start": { "line": 52, "column": 24 }, "end": { "line": 52, "column": null } },
        "loc": { "start": { "line": 52, "column": 24 }, "end": { "line": 232, "column": null } }
      },
      "1": {
        "name": "(anonymous_6)",
        "decl": { "start": { "line": 58, "column": 12 }, "end": { "line": 58, "column": null } },
        "loc": { "start": { "line": 58, "column": 12 }, "end": { "line": 75, "column": 5 } }
      },
      "2": {
        "name": "(anonymous_7)",
        "decl": { "start": { "line": 82, "column": 12 }, "end": { "line": 82, "column": null } },
        "loc": { "start": { "line": 82, "column": 12 }, "end": { "line": 91, "column": 5 } }
      },
      "3": {
        "name": "(anonymous_8)",
        "decl": { "start": { "line": 83, "column": 32 }, "end": { "line": 83, "column": null } },
        "loc": { "start": { "line": 83, "column": 32 }, "end": { "line": 85, "column": null } }
      },
      "4": {
        "name": "(anonymous_9)",
        "decl": { "start": { "line": 84, "column": 21 }, "end": { "line": 84, "column": 22 } },
        "loc": { "start": { "line": 84, "column": 31 }, "end": { "line": 84, "column": null } }
      },
      "5": {
        "name": "(anonymous_10)",
        "decl": { "start": { "line": 88, "column": 11 }, "end": { "line": 88, "column": null } },
        "loc": { "start": { "line": 88, "column": 11 }, "end": { "line": 90, "column": null } }
      },
      "6": {
        "name": "(anonymous_11)",
        "decl": { "start": { "line": 93, "column": 46 }, "end": { "line": 93, "column": 47 } },
        "loc": { "start": { "line": 94, "column": 4 }, "end": { "line": 94, "column": null } }
      },
      "7": {
        "name": "(anonymous_12)",
        "decl": { "start": { "line": 97, "column": 42 }, "end": { "line": 97, "column": 43 } },
        "loc": { "start": { "line": 97, "column": 57 }, "end": { "line": 100, "column": null } }
      },
      "8": {
        "name": "(anonymous_13)",
        "decl": { "start": { "line": 99, "column": 34 }, "end": { "line": 99, "column": 35 } },
        "loc": { "start": { "line": 99, "column": 45 }, "end": { "line": 99, "column": 75 } }
      },
      "9": {
        "name": "(anonymous_14)",
        "decl": { "start": { "line": 126, "column": 57 }, "end": { "line": 126, "column": 63 } },
        "loc": { "start": { "line": 126, "column": 63 }, "end": { "line": 126, "column": null } }
      },
      "10": {
        "name": "(anonymous_15)",
        "decl": { "start": { "line": 165, "column": 26 }, "end": { "line": 165, "column": 27 } },
        "loc": { "start": { "line": 165, "column": 33 }, "end": { "line": 165, "column": null } }
      },
      "11": {
        "name": "(anonymous_16)",
        "decl": { "start": { "line": 173, "column": 14 }, "end": { "line": 173, "column": 15 } },
        "loc": { "start": { "line": 174, "column": 16 }, "end": { "line": 175, "column": 41 } }
      },
      "12": {
        "name": "(anonymous_17)",
        "decl": { "start": { "line": 180, "column": 43 }, "end": { "line": 180, "column": 44 } },
        "loc": { "start": { "line": 181, "column": 24 }, "end": { "line": 181, "column": 55 } }
      },
      "13": {
        "name": "(anonymous_18)",
        "decl": { "start": { "line": 229, "column": 50 }, "end": { "line": 229, "column": 56 } },
        "loc": { "start": { "line": 229, "column": 56 }, "end": { "line": 229, "column": 79 } }
      }
    },
    "branchMap": {
      "0": {
        "loc": { "start": { "line": 59, "column": 4 }, "end": { "line": 74, "column": null } },
        "type": "if",
        "locations": [
          { "start": { "line": 59, "column": 4 }, "end": { "line": 74, "column": null } }
        ]
      },
      "1": {
        "loc": { "start": { "line": 79, "column": 14 }, "end": { "line": 79, "column": null } },
        "type": "binary-expr",
        "locations": [
          { "start": { "line": 79, "column": 14 }, "end": { "line": 79, "column": 26 } },
          { "start": { "line": 79, "column": 26 }, "end": { "line": 79, "column": null } }
        ]
      },
      "2": {
        "loc": { "start": { "line": 116, "column": 53 }, "end": { "line": 116, "column": null } },
        "type": "binary-expr",
        "locations": [
          { "start": { "line": 116, "column": 53 }, "end": { "line": 116, "column": 68 } },
          { "start": { "line": 116, "column": 68 }, "end": { "line": 116, "column": null } }
        ]
      },
      "3": {
        "loc": { "start": { "line": 118, "column": 17 }, "end": { "line": 120, "column": null } },
        "type": "cond-expr",
        "locations": [
          { "start": { "line": 119, "column": 20 }, "end": { "line": 119, "column": 81 } },
          { "start": { "line": 120, "column": 20 }, "end": { "line": 120, "column": null } }
        ]
      },
      "4": {
        "loc": { "start": { "line": 174, "column": 16 }, "end": { "line": 175, "column": 41 } },
        "type": "binary-expr",
        "locations": [
          { "start": { "line": 174, "column": 16 }, "end": { "line": 174, "column": null } },
          { "start": { "line": 175, "column": 18 }, "end": { "line": 175, "column": 41 } }
        ]
      },
      "5": {
        "loc": { "start": { "line": 188, "column": 13 }, "end": { "line": 188, "column": null } },
        "type": "binary-expr",
        "locations": [
          { "start": { "line": 188, "column": 13 }, "end": { "line": 188, "column": null } }
        ]
      },
      "6": {
        "loc": { "start": { "line": 216, "column": 16 }, "end": { "line": 218, "column": 17 } },
        "type": "cond-expr",
        "locations": [
          { "start": { "line": 216, "column": 16 }, "end": { "line": 218, "column": 17 } }
        ]
      }
    },
    "s": {
      "0": 0,
      "1": 0,
      "2": 0,
      "3": 0,
      "4": 0,
      "5": 0,
      "6": 0,
      "7": 0,
      "8": 0,
      "9": 0,
      "10": 0,
      "11": 0,
      "12": 0,
      "13": 0,
      "14": 0,
      "15": 0,
      "16": 0,
      "17": 0,
      "18": 0,
      "19": 0,
      "20": 0,
      "21": 0,
      "22": 0,
      "23": 0,
      "24": 0,
      "25": 0,
      "26": 0,
      "27": 0,
      "28": 0,
      "29": 0,
      "30": 0,
      "31": 0,
      "32": 0,
      "33": 0,
      "34": 0,
      "35": 0,
      "36": 0,
      "37": 0,
      "38": 0
    },
    "f": {
      "0": 0,
      "1": 0,
      "2": 0,
      "3": 0,
      "4": 0,
      "5": 0,
      "6": 0,
      "7": 0,
      "8": 0,
      "9": 0,
      "10": 0,
      "11": 0,
      "12": 0,
      "13": 0
    },
    "b": { "0": [0], "1": [0, 0], "2": [0, 0], "3": [0, 0], "4": [0, 0], "5": [0], "6": [0] }
  },
  "/Users/paul/Desktop/form_builder/apps/builder/app/auth/forgot-password/page.tsx": {
    "path": "/Users/paul/Desktop/form_builder/apps/builder/app/auth/forgot-password/page.tsx",
    "statementMap": {
      "0": { "start": { "line": 23, "column": 24 }, "end": { "line": 23, "column": null } },
      "1": { "start": { "line": 3, "column": 25 }, "end": { "line": 3, "column": null } },
      "2": { "start": { "line": 4, "column": 17 }, "end": { "line": 4, "column": null } },
      "3": { "start": { "line": 5, "column": 28 }, "end": { "line": 5, "column": null } },
      "4": { "start": { "line": 6, "column": 24 }, "end": { "line": 6, "column": null } },
      "5": { "start": { "line": 7, "column": 19 }, "end": { "line": 7, "column": null } },
      "6": { "start": { "line": 8, "column": 35 }, "end": { "line": 8, "column": null } },
      "7": { "start": { "line": 10, "column": 23 }, "end": { "line": 10, "column": null } },
      "8": { "start": { "line": 15, "column": 24 }, "end": { "line": 15, "column": null } },
      "9": { "start": { "line": 17, "column": 29 }, "end": { "line": 19, "column": null } },
      "10": { "start": { "line": 24, "column": 20 }, "end": { "line": 24, "column": null } },
      "11": { "start": { "line": 25, "column": 36 }, "end": { "line": 25, "column": null } },
      "12": { "start": { "line": 26, "column": 40 }, "end": { "line": 26, "column": null } },
      "13": { "start": { "line": 28, "column": 15 }, "end": { "line": 33, "column": null } },
      "14": { "start": { "line": 35, "column": 19 }, "end": { "line": 53, "column": null } },
      "15": { "start": { "line": 36, "column": 4 }, "end": { "line": 52, "column": null } },
      "16": { "start": { "line": 37, "column": 6 }, "end": { "line": 37, "column": null } },
      "17": { "start": { "line": 38, "column": 6 }, "end": { "line": 38, "column": null } },
      "18": { "start": { "line": 39, "column": 6 }, "end": { "line": 39, "column": null } },
      "19": { "start": { "line": 40, "column": 6 }, "end": { "line": 43, "column": null } },
      "20": { "start": { "line": 45, "column": 6 }, "end": { "line": 49, "column": null } },
      "21": { "start": { "line": 51, "column": 6 }, "end": { "line": 51, "column": null } },
      "22": { "start": { "line": 55, "column": 2 }, "end": { "line": 92, "column": null } },
      "23": { "start": { "line": 73, "column": 16 }, "end": { "line": 73, "column": null } },
      "24": { "start": { "line": 74, "column": 16 }, "end": { "line": 74, "column": null } }
    },
    "fnMap": {
      "0": {
        "name": "ForgotPasswordPage",
        "decl": { "start": { "line": 23, "column": 24 }, "end": { "line": 23, "column": null } },
        "loc": { "start": { "line": 23, "column": 24 }, "end": { "line": 149, "column": null } }
      },
      "1": {
        "name": "(anonymous_6)",
        "decl": { "start": { "line": 35, "column": 19 }, "end": { "line": 35, "column": 26 } },
        "loc": { "start": { "line": 35, "column": 26 }, "end": { "line": 53, "column": null } }
      },
      "2": {
        "name": "(anonymous_7)",
        "decl": { "start": { "line": 72, "column": 23 }, "end": { "line": 72, "column": null } },
        "loc": { "start": { "line": 72, "column": 23 }, "end": { "line": 75, "column": null } }
      }
    },
    "branchMap": {
      "0": {
        "loc": { "start": { "line": 47, "column": 21 }, "end": { "line": 47, "column": null } },
        "type": "binary-expr",
        "locations": [
          { "start": { "line": 47, "column": 21 }, "end": { "line": 47, "column": 52 } },
          { "start": { "line": 47, "column": 52 }, "end": { "line": 47, "column": null } }
        ]
      },
      "1": {
        "loc": { "start": { "line": 55, "column": 2 }, "end": { "line": 92, "column": null } },
        "type": "if",
        "locations": [
          { "start": { "line": 55, "column": 2 }, "end": { "line": 92, "column": null } }
        ]
      },
      "2": {
        "loc": { "start": { "line": 125, "column": 17 }, "end": { "line": 131, "column": null } },
        "type": "cond-expr",
        "locations": [
          { "start": { "line": 126, "column": 18 }, "end": { "line": 131, "column": null } },
          { "start": { "line": 131, "column": 18 }, "end": { "line": 131, "column": null } }
        ]
      }
    },
    "s": {
      "0": 0,
      "1": 0,
      "2": 0,
      "3": 0,
      "4": 0,
      "5": 0,
      "6": 0,
      "7": 0,
      "8": 0,
      "9": 0,
      "10": 0,
      "11": 0,
      "12": 0,
      "13": 0,
      "14": 0,
      "15": 0,
      "16": 0,
      "17": 0,
      "18": 0,
      "19": 0,
      "20": 0,
      "21": 0,
      "22": 0,
      "23": 0,
      "24": 0
    },
    "f": { "0": 0, "1": 0, "2": 0 },
    "b": { "0": [0, 0], "1": [0], "2": [0, 0] }
  },
  "/Users/paul/Desktop/form_builder/apps/builder/app/auth/login/page.tsx": {
    "path": "/Users/paul/Desktop/form_builder/apps/builder/app/auth/login/page.tsx",
    "statementMap": {
      "0": { "start": { "line": 25, "column": 24 }, "end": { "line": 25, "column": null } },
      "1": { "start": { "line": 3, "column": 25 }, "end": { "line": 3, "column": null } },
      "2": { "start": { "line": 4, "column": 26 }, "end": { "line": 4, "column": null } },
      "3": { "start": { "line": 5, "column": 17 }, "end": { "line": 5, "column": null } },
      "4": { "start": { "line": 6, "column": 28 }, "end": { "line": 6, "column": null } },
      "5": { "start": { "line": 7, "column": 24 }, "end": { "line": 7, "column": null } },
      "6": { "start": { "line": 8, "column": 19 }, "end": { "line": 8, "column": null } },
      "7": { "start": { "line": 9, "column": 24 }, "end": { "line": 9, "column": null } },
      "8": { "start": { "line": 11, "column": 23 }, "end": { "line": 11, "column": null } },
      "9": { "start": { "line": 16, "column": 29 }, "end": { "line": 16, "column": null } },
      "10": { "start": { "line": 18, "column": 20 }, "end": { "line": 21, "column": null } },
      "11": { "start": { "line": 26, "column": 17 }, "end": { "line": 26, "column": null } },
      "12": { "start": { "line": 27, "column": 20 }, "end": { "line": 27, "column": null } },
      "13": { "start": { "line": 28, "column": 31 }, "end": { "line": 28, "column": null } },
      "14": { "start": { "line": 29, "column": 28 }, "end": { "line": 29, "column": null } },
      "15": { "start": { "line": 31, "column": 15 }, "end": { "line": 37, "column": null } },
      "16": { "start": { "line": 39, "column": 19 }, "end": { "line": 57, "column": null } },
      "17": { "start": { "line": 40, "column": 4 }, "end": { "line": 56, "column": null } },
      "18": { "start": { "line": 41, "column": 6 }, "end": { "line": 41, "column": null } },
      "19": { "start": { "line": 42, "column": 6 }, "end": { "line": 42, "column": null } },
      "20": { "start": { "line": 43, "column": 6 }, "end": { "line": 46, "column": null } },
      "21": { "start": { "line": 47, "column": 6 }, "end": { "line": 47, "column": null } },
      "22": { "start": { "line": 49, "column": 22 }, "end": { "line": 49, "column": null } },
      "23": { "start": { "line": 50, "column": 6 }, "end": { "line": 50, "column": null } },
      "24": { "start": { "line": 51, "column": 6 }, "end": { "line": 55, "column": null } }
    },
    "fnMap": {
      "0": {
        "name": "LoginPage",
        "decl": { "start": { "line": 25, "column": 24 }, "end": { "line": 25, "column": null } },
        "loc": { "start": { "line": 25, "column": 24 }, "end": { "line": 141, "column": null } }
      },
      "1": {
        "name": "(anonymous_6)",
        "decl": { "start": { "line": 39, "column": 19 }, "end": { "line": 39, "column": 26 } },
        "loc": { "start": { "line": 39, "column": 26 }, "end": { "line": 57, "column": null } }
      }
    },
    "branchMap": {
      "0": {
        "loc": { "start": { "line": 49, "column": 22 }, "end": { "line": 49, "column": null } },
        "type": "binary-expr",
        "locations": [
          { "start": { "line": 49, "column": 22 }, "end": { "line": 49, "column": 53 } },
          { "start": { "line": 49, "column": 53 }, "end": { "line": 49, "column": 66 } },
          { "start": { "line": 49, "column": 70 }, "end": { "line": 49, "column": null } }
        ]
      },
      "1": {
        "loc": { "start": { "line": 107, "column": 15 }, "end": { "line": 107, "column": null } },
        "type": "binary-expr",
        "locations": [
          { "start": { "line": 107, "column": 15 }, "end": { "line": 107, "column": null } }
        ]
      },
      "2": {
        "loc": { "start": { "line": 113, "column": 17 }, "end": { "line": 119, "column": null } },
        "type": "cond-expr",
        "locations": [
          { "start": { "line": 114, "column": 18 }, "end": { "line": 119, "column": null } },
          { "start": { "line": 119, "column": 18 }, "end": { "line": 119, "column": null } }
        ]
      }
    },
    "s": {
      "0": 0,
      "1": 0,
      "2": 0,
      "3": 0,
      "4": 0,
      "5": 0,
      "6": 0,
      "7": 0,
      "8": 0,
      "9": 0,
      "10": 0,
      "11": 0,
      "12": 0,
      "13": 0,
      "14": 0,
      "15": 0,
      "16": 0,
      "17": 0,
      "18": 0,
      "19": 0,
      "20": 0,
      "21": 0,
      "22": 0,
      "23": 0,
      "24": 0
    },
    "f": { "0": 0, "1": 0 },
    "b": { "0": [0, 0, 0], "1": [0], "2": [0, 0] }
  },
  "/Users/paul/Desktop/form_builder/apps/builder/app/auth/reset-password/page.tsx": {
    "path": "/Users/paul/Desktop/form_builder/apps/builder/app/auth/reset-password/page.tsx",
    "statementMap": {
      "0": { "start": { "line": 180, "column": 24 }, "end": { "line": 180, "column": null } },
      "1": { "start": { "line": 3, "column": 35 }, "end": { "line": 3, "column": null } },
      "2": { "start": { "line": 4, "column": 43 }, "end": { "line": 4, "column": null } },
      "3": { "start": { "line": 5, "column": 17 }, "end": { "line": 5, "column": null } },
      "4": { "start": { "line": 6, "column": 28 }, "end": { "line": 6, "column": null } },
      "5": { "start": { "line": 7, "column": 24 }, "end": { "line": 7, "column": null } },
      "6": { "start": { "line": 8, "column": 19 }, "end": { "line": 8, "column": null } },
      "7": { "start": { "line": 9, "column": 24 }, "end": { "line": 9, "column": null } },
      "8": { "start": { "line": 11, "column": 23 }, "end": { "line": 11, "column": null } },
      "9": { "start": { "line": 24, "column": 24 }, "end": { "line": 24, "column": null } },
      "10": { "start": { "line": 26, "column": 28 }, "end": { "line": 39, "column": null } },
      "11": { "start": { "line": 36, "column": 20 }, "end": { "line": 36, "column": 58 } },
      "12": { "start": { "line": 44, "column": 17 }, "end": { "line": 44, "column": null } },
      "13": { "start": { "line": 45, "column": 23 }, "end": { "line": 45, "column": null } },
      "14": { "start": { "line": 46, "column": 20 }, "end": { "line": 46, "column": null } },
      "15": { "start": { "line": 47, "column": 36 }, "end": { "line": 47, "column": null } },
      "16": { "start": { "line": 49, "column": 16 }, "end": { "line": 49, "column": null } },
      "17": { "start": { "line": 51, "column": 15 }, "end": { "line": 57, "column": null } },
      "18": { "start": { "line": 59, "column": 19 }, "end": { "line": 86, "column": null } },
      "19": { "start": { "line": 60, "column": 4 }, "end": { "line": 67, "column": null } },
      "20": { "start": { "line": 61, "column": 6 }, "end": { "line": 65, "column": null } },
      "21": { "start": { "line": 66, "column": 6 }, "end": { "line": 66, "column": null } },
      "22": { "start": { "line": 69, "column": 4 }, "end": { "line": 85, "column": null } },
      "23": { "start": { "line": 70, "column": 6 }, "end": { "line": 70, "column": null } },
      "24": { "start": { "line": 71, "column": 6 }, "end": { "line": 71, "column": null } },
      "25": { "start": { "line": 72, "column": 6 }, "end": { "line": 75, "column": null } },
      "26": { "start": { "line": 76, "column": 6 }, "end": { "line": 76, "column": null } },
      "27": { "start": { "line": 78, "column": 6 }, "end": { "line": 82, "column": null } },
      "28": { "start": { "line": 84, "column": 6 }, "end": { "line": 84, "column": null } },
      "29": { "start": { "line": 88, "column": 2 }, "end": { "line": 106, "column": null } }
    },
    "fnMap": {
      "0": {
        "name": "(anonymous_5)",
        "decl": { "start": { "line": 36, "column": 10 }, "end": { "line": 36, "column": 11 } },
        "loc": { "start": { "line": 36, "column": 20 }, "end": { "line": 36, "column": 58 } }
      },
      "1": {
        "name": "ResetPasswordForm",
        "decl": { "start": { "line": 43, "column": 9 }, "end": { "line": 43, "column": null } },
        "loc": { "start": { "line": 43, "column": 9 }, "end": { "line": 178, "column": null } }
      },
      "2": {
        "name": "(anonymous_7)",
        "decl": { "start": { "line": 59, "column": 19 }, "end": { "line": 59, "column": 26 } },
        "loc": { "start": { "line": 59, "column": 26 }, "end": { "line": 86, "column": null } }
      },
      "3": {
        "name": "ResetPasswordPage",
        "decl": { "start": { "line": 180, "column": 24 }, "end": { "line": 180, "column": null } },
        "loc": { "start": { "line": 180, "column": 24 }, "end": { "line": 192, "column": null } }
      }
    },
    "branchMap": {
      "0": {
        "loc": { "start": { "line": 60, "column": 4 }, "end": { "line": 67, "column": null } },
        "type": "if",
        "locations": [
          { "start": { "line": 60, "column": 4 }, "end": { "line": 67, "column": null } }
        ]
      },
      "1": {
        "loc": { "start": { "line": 80, "column": 21 }, "end": { "line": 80, "column": null } },
        "type": "binary-expr",
        "locations": [
          { "start": { "line": 80, "column": 21 }, "end": { "line": 80, "column": 52 } },
          { "start": { "line": 80, "column": 52 }, "end": { "line": 80, "column": null } }
        ]
      },
      "2": {
        "loc": { "start": { "line": 88, "column": 2 }, "end": { "line": 106, "column": null } },
        "type": "if",
        "locations": [
          { "start": { "line": 88, "column": 2 }, "end": { "line": 106, "column": null } }
        ]
      },
      "3": {
        "loc": { "start": { "line": 158, "column": 17 }, "end": { "line": 164, "column": null } },
        "type": "cond-expr",
        "locations": [
          { "start": { "line": 159, "column": 18 }, "end": { "line": 164, "column": null } },
          { "start": { "line": 164, "column": 18 }, "end": { "line": 164, "column": null } }
        ]
      }
    },
    "s": {
      "0": 0,
      "1": 0,
      "2": 0,
      "3": 0,
      "4": 0,
      "5": 0,
      "6": 0,
      "7": 0,
      "8": 0,
      "9": 0,
      "10": 0,
      "11": 0,
      "12": 0,
      "13": 0,
      "14": 0,
      "15": 0,
      "16": 0,
      "17": 0,
      "18": 0,
      "19": 0,
      "20": 0,
      "21": 0,
      "22": 0,
      "23": 0,
      "24": 0,
      "25": 0,
      "26": 0,
      "27": 0,
      "28": 0,
      "29": 0
    },
    "f": { "0": 0, "1": 0, "2": 0, "3": 0 },
    "b": { "0": [0], "1": [0, 0], "2": [0], "3": [0, 0] }
  },
  "/Users/paul/Desktop/form_builder/apps/builder/app/auth/signup/page.tsx": {
    "path": "/Users/paul/Desktop/form_builder/apps/builder/app/auth/signup/page.tsx",
    "statementMap": {
      "0": { "start": { "line": 40, "column": 24 }, "end": { "line": 40, "column": null } },
      "1": { "start": { "line": 3, "column": 25 }, "end": { "line": 3, "column": null } },
      "2": { "start": { "line": 4, "column": 26 }, "end": { "line": 4, "column": null } },
      "3": { "start": { "line": 5, "column": 17 }, "end": { "line": 5, "column": null } },
      "4": { "start": { "line": 6, "column": 28 }, "end": { "line": 6, "column": null } },
      "5": { "start": { "line": 7, "column": 24 }, "end": { "line": 7, "column": null } },
      "6": { "start": { "line": 8, "column": 19 }, "end": { "line": 8, "column": null } },
      "7": { "start": { "line": 9, "column": 24 }, "end": { "line": 9, "column": null } },
      "8": { "start": { "line": 11, "column": 23 }, "end": { "line": 11, "column": null } },
      "9": { "start": { "line": 24, "column": 29 }, "end": { "line": 24, "column": null } },
      "10": { "start": { "line": 26, "column": 21 }, "end": { "line": 36, "column": null } },
      "11": { "start": { "line": 41, "column": 17 }, "end": { "line": 41, "column": null } },
      "12": { "start": { "line": 42, "column": 20 }, "end": { "line": 42, "column": null } },
      "13": { "start": { "line": 43, "column": 32 }, "end": { "line": 43, "column": null } },
      "14": { "start": { "line": 44, "column": 28 }, "end": { "line": 44, "column": null } },
      "15": { "start": { "line": 46, "column": 15 }, "end": { "line": 54, "column": null } },
      "16": { "start": { "line": 56, "column": 19 }, "end": { "line": 74, "column": null } },
      "17": { "start": { "line": 57, "column": 4 }, "end": { "line": 73, "column": null } },
      "18": { "start": { "line": 58, "column": 6 }, "end": { "line": 58, "column": null } },
      "19": { "start": { "line": 59, "column": 6 }, "end": { "line": 59, "column": null } },
      "20": { "start": { "line": 60, "column": 6 }, "end": { "line": 63, "column": null } },
      "21": { "start": { "line": 64, "column": 6 }, "end": { "line": 64, "column": null } },
      "22": { "start": { "line": 66, "column": 22 }, "end": { "line": 66, "column": null } },
      "23": { "start": { "line": 67, "column": 6 }, "end": { "line": 67, "column": null } },
      "24": { "start": { "line": 68, "column": 6 }, "end": { "line": 72, "column": null } }
    },
    "fnMap": {
      "0": {
        "name": "SignupPage",
        "decl": { "start": { "line": 40, "column": 24 }, "end": { "line": 40, "column": null } },
        "loc": { "start": { "line": 40, "column": 24 }, "end": { "line": 183, "column": null } }
      },
      "1": {
        "name": "(anonymous_6)",
        "decl": { "start": { "line": 56, "column": 19 }, "end": { "line": 56, "column": 26 } },
        "loc": { "start": { "line": 56, "column": 26 }, "end": { "line": 74, "column": null } }
      }
    },
    "branchMap": {
      "0": {
        "loc": { "start": { "line": 66, "column": 22 }, "end": { "line": 66, "column": null } },
        "type": "binary-expr",
        "locations": [
          { "start": { "line": 66, "column": 22 }, "end": { "line": 66, "column": 53 } },
          { "start": { "line": 66, "column": 53 }, "end": { "line": 66, "column": 66 } },
          { "start": { "line": 66, "column": 70 }, "end": { "line": 66, "column": null } }
        ]
      },
      "1": {
        "loc": { "start": { "line": 154, "column": 15 }, "end": { "line": 154, "column": null } },
        "type": "binary-expr",
        "locations": [
          { "start": { "line": 154, "column": 15 }, "end": { "line": 154, "column": null } }
        ]
      },
      "2": {
        "loc": { "start": { "line": 160, "column": 17 }, "end": { "line": 166, "column": null } },
        "type": "cond-expr",
        "locations": [
          { "start": { "line": 161, "column": 18 }, "end": { "line": 166, "column": null } },
          { "start": { "line": 166, "column": 18 }, "end": { "line": 166, "column": null } }
        ]
      }
    },
    "s": {
      "0": 0,
      "1": 0,
      "2": 0,
      "3": 0,
      "4": 0,
      "5": 0,
      "6": 0,
      "7": 0,
      "8": 0,
      "9": 0,
      "10": 0,
      "11": 0,
      "12": 0,
      "13": 0,
      "14": 0,
      "15": 0,
      "16": 0,
      "17": 0,
      "18": 0,
      "19": 0,
      "20": 0,
      "21": 0,
      "22": 0,
      "23": 0,
      "24": 0
    },
    "f": { "0": 0, "1": 0 },
    "b": { "0": [0, 0, 0], "1": [0], "2": [0, 0] }
  },
  "/Users/paul/Desktop/form_builder/apps/builder/app/dashboard/page.tsx": {
    "path": "/Users/paul/Desktop/form_builder/apps/builder/app/dashboard/page.tsx",
    "statementMap": {
      "0": { "start": { "line": 25, "column": 24 }, "end": { "line": 25, "column": null } },
      "1": { "start": { "line": 3, "column": 36 }, "end": { "line": 3, "column": null } },
      "2": { "start": { "line": 4, "column": 17 }, "end": { "line": 4, "column": null } },
      "3": { "start": { "line": 5, "column": 26 }, "end": { "line": 5, "column": null } },
      "4": { "start": { "line": 6, "column": 23 }, "end": { "line": 6, "column": null } },
      "5": { "start": { "line": 8, "column": 82 }, "end": { "line": 8, "column": null } },
      "6": { "start": { "line": 20, "column": 7 }, "end": { "line": 20, "column": null } },
      "7": { "start": { "line": 22, "column": 26 }, "end": { "line": 22, "column": null } },
      "8": { "start": { "line": 23, "column": 27 }, "end": { "line": 23, "column": null } },
      "9": { "start": { "line": 26, "column": 28 }, "end": { "line": 26, "column": null } },
      "10": { "start": { "line": 27, "column": 32 }, "end": { "line": 27, "column": null } },
      "11": { "start": { "line": 28, "column": 34 }, "end": { "line": 28, "column": null } },
      "12": { "start": { "line": 29, "column": 40 }, "end": { "line": 29, "column": null } },
      "13": { "start": { "line": 30, "column": 17 }, "end": { "line": 30, "column": null } },
      "14": { "start": { "line": 32, "column": 2 }, "end": { "line": 34, "column": null } },
      "15": { "start": { "line": 33, "column": 4 }, "end": { "line": 33, "column": null } },
      "16": { "start": { "line": 36, "column": 20 }, "end": { "line": 45, "column": null } },
      "17": { "start": { "line": 37, "column": 4 }, "end": { "line": 44, "column": null } },
      "18": { "start": { "line": 38, "column": 23 }, "end": { "line": 38, "column": null } },
      "19": { "start": { "line": 39, "column": 6 }, "end": { "line": 39, "column": null } },
      "20": { "start": { "line": 41, "column": 6 }, "end": { "line": 41, "column": null } },
      "21": { "start": { "line": 43, "column": 6 }, "end": { "line": 43, "column": null } },
      "22": { "start": { "line": 47, "column": 27 }, "end": { "line": 49, "column": null } },
      "23": { "start": { "line": 48, "column": 4 }, "end": { "line": 48, "column": null } },
      "24": { "start": { "line": 51, "column": 24 }, "end": { "line": 52, "column": null } },
      "25": { "start": { "line": 52, "column": 4 }, "end": { "line": 52, "column": null } },
      "26": { "start": { "line": 83, "column": 35 }, "end": { "line": 83, "column": null } },
      "27": { "start": { "line": 90, "column": 33 }, "end": { "line": 90, "column": null } },
      "28": { "start": { "line": 97, "column": 33 }, "end": { "line": 97, "column": null } },
      "29": { "start": { "line": 111, "column": 16 }, "end": { "line": 111, "column": 30 } },
      "30": { "start": { "line": 145, "column": 16 }, "end": { "line": 146, "column": null } },
      "31": { "start": { "line": 216, "column": 20 }, "end": { "line": 216, "column": 38 } }
    },
    "fnMap": {
      "0": {
        "name": "DashboardPage",
        "decl": { "start": { "line": 25, "column": 24 }, "end": { "line": 25, "column": null } },
        "loc": { "start": { "line": 25, "column": 24 }, "end": { "line": 269, "column": null } }
      },
      "1": {
        "name": "(anonymous_3)",
        "decl": { "start": { "line": 32, "column": 12 }, "end": { "line": 32, "column": null } },
        "loc": { "start": { "line": 32, "column": 12 }, "end": { "line": 34, "column": 5 } }
      },
      "2": {
        "name": "(anonymous_4)",
        "decl": { "start": { "line": 36, "column": 20 }, "end": { "line": 36, "column": null } },
        "loc": { "start": { "line": 36, "column": 20 }, "end": { "line": 45, "column": null } }
      },
      "3": {
        "name": "(anonymous_5)",
        "decl": { "start": { "line": 47, "column": 27 }, "end": { "line": 47, "column": null } },
        "loc": { "start": { "line": 47, "column": 27 }, "end": { "line": 49, "column": null } }
      },
      "4": {
        "name": "(anonymous_6)",
        "decl": { "start": { "line": 51, "column": 37 }, "end": { "line": 51, "column": 38 } },
        "loc": { "start": { "line": 52, "column": 4 }, "end": { "line": 52, "column": null } }
      },
      "5": {
        "name": "(anonymous_7)",
        "decl": { "start": { "line": 83, "column": 28 }, "end": { "line": 83, "column": 29 } },
        "loc": { "start": { "line": 83, "column": 35 }, "end": { "line": 83, "column": null } }
      },
      "6": {
        "name": "(anonymous_8)",
        "decl": { "start": { "line": 90, "column": 27 }, "end": { "line": 90, "column": 33 } },
        "loc": { "start": { "line": 90, "column": 33 }, "end": { "line": 90, "column": null } }
      },
      "7": {
        "name": "(anonymous_9)",
        "decl": { "start": { "line": 97, "column": 27 }, "end": { "line": 97, "column": 33 } },
        "loc": { "start": { "line": 97, "column": 33 }, "end": { "line": 97, "column": null } }
      },
      "8": {
        "name": "(anonymous_10)",
        "decl": { "start": { "line": 110, "column": 29 }, "end": { "line": 110, "column": 30 } },
        "loc": { "start": { "line": 111, "column": 16 }, "end": { "line": 111, "column": 30 } }
      },
      "9": {
        "name": "(anonymous_11)",
        "decl": { "start": { "line": 144, "column": 33 }, "end": { "line": 144, "column": 34 } },
        "loc": { "start": { "line": 145, "column": 16 }, "end": { "line": 146, "column": null } }
      },
      "10": {
        "name": "(anonymous_12)",
        "decl": { "start": { "line": 215, "column": 37 }, "end": { "line": 215, "column": 38 } },
        "loc": { "start": { "line": 216, "column": 20 }, "end": { "line": 216, "column": 38 } }
      }
    },
    "branchMap": {
      "0": {
        "loc": { "start": { "line": 39, "column": 15 }, "end": { "line": 39, "column": 35 } },
        "type": "binary-expr",
        "locations": [
          { "start": { "line": 39, "column": 15 }, "end": { "line": 39, "column": 29 } },
          { "start": { "line": 39, "column": 33 }, "end": { "line": 39, "column": 35 } }
        ]
      },
      "1": {
        "loc": { "start": { "line": 88, "column": 27 }, "end": { "line": 88, "column": null } },
        "type": "cond-expr",
        "locations": [
          { "start": { "line": 88, "column": 49 }, "end": { "line": 88, "column": 61 } },
          { "start": { "line": 88, "column": 61 }, "end": { "line": 88, "column": null } }
        ]
      },
      "2": {
        "loc": { "start": { "line": 95, "column": 27 }, "end": { "line": 95, "column": null } },
        "type": "cond-expr",
        "locations": [
          { "start": { "line": 95, "column": 49 }, "end": { "line": 95, "column": 61 } },
          { "start": { "line": 95, "column": 61 }, "end": { "line": 95, "column": null } }
        ]
      },
      "3": {
        "loc": { "start": { "line": 109, "column": 12 }, "end": { "line": 122, "column": 28 } },
        "type": "cond-expr",
        "locations": [
          { "start": { "line": 109, "column": 12 }, "end": { "line": 122, "column": 28 } }
        ]
      },
      "4": {
        "loc": { "start": { "line": 123, "column": 12 }, "end": { "line": 142, "column": 27 } },
        "type": "cond-expr",
        "locations": [
          { "start": { "line": 123, "column": 12 }, "end": { "line": 142, "column": 27 } }
        ]
      },
      "5": {
        "loc": { "start": { "line": 127, "column": 19 }, "end": { "line": 127, "column": null } },
        "type": "cond-expr",
        "locations": [
          { "start": { "line": 127, "column": 33 }, "end": { "line": 127, "column": 52 } },
          { "start": { "line": 127, "column": 52 }, "end": { "line": 127, "column": null } }
        ]
      },
      "6": {
        "loc": { "start": { "line": 130, "column": 19 }, "end": { "line": 132, "column": null } },
        "type": "cond-expr",
        "locations": [
          { "start": { "line": 131, "column": 22 }, "end": { "line": 131, "column": null } },
          { "start": { "line": 132, "column": 22 }, "end": { "line": 132, "column": null } }
        ]
      },
      "7": {
        "loc": { "start": { "line": 134, "column": 17 }, "end": { "line": 134, "column": null } },
        "type": "binary-expr",
        "locations": [
          { "start": { "line": 134, "column": 17 }, "end": { "line": 134, "column": null } }
        ]
      },
      "8": {
        "loc": { "start": { "line": 143, "column": 12 }, "end": { "line": 204, "column": 13 } },
        "type": "cond-expr",
        "locations": [
          { "start": { "line": 143, "column": 12 }, "end": { "line": 204, "column": 13 } }
        ]
      },
      "9": {
        "loc": { "start": { "line": 156, "column": 44 }, "end": { "line": 156, "column": null } },
        "type": "binary-expr",
        "locations": [
          { "start": { "line": 156, "column": 44 }, "end": { "line": 156, "column": 60 } },
          { "start": { "line": 156, "column": 64 }, "end": { "line": 156, "column": null } }
        ]
      },
      "10": {
        "loc": { "start": { "line": 172, "column": 28 }, "end": { "line": 174, "column": null } },
        "type": "cond-expr",
        "locations": [
          { "start": { "line": 173, "column": 32 }, "end": { "line": 173, "column": null } },
          { "start": { "line": 174, "column": 32 }, "end": { "line": 174, "column": null } }
        ]
      },
      "11": {
        "loc": { "start": { "line": 179, "column": 30 }, "end": { "line": 179, "column": null } },
        "type": "cond-expr",
        "locations": [
          { "start": { "line": 179, "column": 60 }, "end": { "line": 179, "column": 77 } },
          { "start": { "line": 179, "column": 77 }, "end": { "line": 179, "column": null } }
        ]
      },
      "12": {
        "loc": { "start": { "line": 182, "column": 27 }, "end": { "line": 182, "column": null } },
        "type": "cond-expr",
        "locations": [
          { "start": { "line": 182, "column": 57 }, "end": { "line": 182, "column": 71 } },
          { "start": { "line": 182, "column": 71 }, "end": { "line": 182, "column": null } }
        ]
      },
      "13": {
        "loc": { "start": { "line": 221, "column": 29 }, "end": { "line": 221, "column": null } },
        "type": "binary-expr",
        "locations": [
          { "start": { "line": 221, "column": 29 }, "end": { "line": 221, "column": 45 } },
          { "start": { "line": 221, "column": 49 }, "end": { "line": 221, "column": null } }
        ]
      },
      "14": {
        "loc": { "start": { "line": 228, "column": 28 }, "end": { "line": 230, "column": null } },
        "type": "cond-expr",
        "locations": [
          { "start": { "line": 229, "column": 32 }, "end": { "line": 229, "column": null } },
          { "start": { "line": 230, "column": 32 }, "end": { "line": 230, "column": null } }
        ]
      },
      "15": {
        "loc": { "start": { "line": 235, "column": 30 }, "end": { "line": 235, "column": null } },
        "type": "cond-expr",
        "locations": [
          { "start": { "line": 235, "column": 60 }, "end": { "line": 235, "column": 77 } },
          { "start": { "line": 235, "column": 77 }, "end": { "line": 235, "column": null } }
        ]
      },
      "16": {
        "loc": { "start": { "line": 238, "column": 27 }, "end": { "line": 238, "column": null } },
        "type": "cond-expr",
        "locations": [
          { "start": { "line": 238, "column": 57 }, "end": { "line": 238, "column": 71 } },
          { "start": { "line": 238, "column": 71 }, "end": { "line": 238, "column": null } }
        ]
      }
    },
    "s": {
      "0": 0,
      "1": 0,
      "2": 0,
      "3": 0,
      "4": 0,
      "5": 0,
      "6": 0,
      "7": 0,
      "8": 0,
      "9": 0,
      "10": 0,
      "11": 0,
      "12": 0,
      "13": 0,
      "14": 0,
      "15": 0,
      "16": 0,
      "17": 0,
      "18": 0,
      "19": 0,
      "20": 0,
      "21": 0,
      "22": 0,
      "23": 0,
      "24": 0,
      "25": 0,
      "26": 0,
      "27": 0,
      "28": 0,
      "29": 0,
      "30": 0,
      "31": 0
    },
    "f": {
      "0": 0,
      "1": 0,
      "2": 0,
      "3": 0,
      "4": 0,
      "5": 0,
      "6": 0,
      "7": 0,
      "8": 0,
      "9": 0,
      "10": 0
    },
    "b": {
      "0": [0, 0],
      "1": [0, 0],
      "2": [0, 0],
      "3": [0],
      "4": [0],
      "5": [0, 0],
      "6": [0, 0],
      "7": [0],
      "8": [0],
      "9": [0, 0],
      "10": [0, 0],
      "11": [0, 0],
      "12": [0, 0],
      "13": [0, 0],
      "14": [0, 0],
      "15": [0, 0],
      "16": [0, 0]
    }
  },
  "/Users/paul/Desktop/form_builder/apps/builder/app/forms/page.tsx": {
    "path": "/Users/paul/Desktop/form_builder/apps/builder/app/forms/page.tsx",
    "statementMap": {
      "0": { "start": { "line": 54, "column": 24 }, "end": { "line": 54, "column": null } },
      "1": { "start": { "line": 3, "column": 25 }, "end": { "line": 3, "column": null } },
      "2": { "start": { "line": 4, "column": 17 }, "end": { "line": 4, "column": null } },
      "3": { "start": { "line": 5, "column": 26 }, "end": { "line": 5, "column": null } },
      "4": { "start": { "line": 6, "column": 54 }, "end": { "line": 6, "column": null } },
      "5": { "start": { "line": 7, "column": 23 }, "end": { "line": 7, "column": null } },
      "6": { "start": { "line": 8, "column": 22 }, "end": { "line": 8, "column": null } },
      "7": { "start": { "line": 35, "column": 7 }, "end": { "line": 35, "column": null } },
      "8": { "start": { "line": 47, "column": 7 }, "end": { "line": 47, "column": null } },
      "9": { "start": { "line": 49, "column": 29 }, "end": { "line": 49, "column": null } },
      "10": { "start": { "line": 50, "column": 25 }, "end": { "line": 50, "column": null } },
      "11": { "start": { "line": 55, "column": 17 }, "end": { "line": 55, "column": null } },
      "12": { "start": { "line": 56, "column": 22 }, "end": { "line": 56, "column": null } },
      "13": { "start": { "line": 57, "column": 40 }, "end": { "line": 57, "column": null } },
      "14": { "start": { "line": 58, "column": 50 }, "end": { "line": 58, "column": null } },
      "15": { "start": { "line": 59, "column": 50 }, "end": { "line": 59, "column": null } },
      "16": { "start": { "line": 61, "column": 37 }, "end": { "line": 64, "column": null } },
      "17": { "start": { "line": 63, "column": 19 }, "end": { "line": 63, "column": null } },
      "18": { "start": { "line": 66, "column": 25 }, "end": { "line": 77, "column": null } },
      "19": { "start": { "line": 69, "column": 6 }, "end": { "line": 69, "column": null } },
      "20": { "start": { "line": 70, "column": 6 }, "end": { "line": 70, "column": null } },
      "21": { "start": { "line": 71, "column": 6 }, "end": { "line": 71, "column": null } },
      "22": { "start": { "line": 72, "column": 6 }, "end": { "line": 72, "column": null } },
      "23": { "start": { "line": 75, "column": 6 }, "end": { "line": 75, "column": null } },
      "24": { "start": { "line": 79, "column": 28 }, "end": { "line": 88, "column": null } },
      "25": { "start": { "line": 80, "column": 32 }, "end": { "line": 80, "column": null } },
      "26": { "start": { "line": 82, "column": 6 }, "end": { "line": 82, "column": null } },
      "27": { "start": { "line": 83, "column": 6 }, "end": { "line": 83, "column": null } },
      "28": { "start": { "line": 86, "column": 6 }, "end": { "line": 86, "column": null } },
      "29": { "start": { "line": 90, "column": 25 }, "end": { "line": 99, "column": null } },
      "30": { "start": { "line": 91, "column": 32 }, "end": { "line": 91, "column": null } },
      "31": { "start": { "line": 93, "column": 6 }, "end": { "line": 93, "column": null } },
      "32": { "start": { "line": 94, "column": 6 }, "end": { "line": 94, "column": null } },
      "33": { "start": { "line": 97, "column": 6 }, "end": { "line": 97, "column": null } },
      "34": { "start": { "line": 101, "column": 27 }, "end": { "line": 108, "column": null } },
      "35": { "start": { "line": 102, "column": 4 }, "end": { "line": 102, "column": null } },
      "36": { "start": { "line": 103, "column": 21 }, "end": { "line": 103, "column": null } },
      "37": { "start": { "line": 104, "column": 4 }, "end": { "line": 107, "column": null } },
      "38": { "start": { "line": 119, "column": 51 }, "end": { "line": 119, "column": null } },
      "39": { "start": { "line": 178, "column": 29 }, "end": { "line": 178, "column": null } },
      "40": { "start": { "line": 188, "column": 12 }, "end": { "line": 188, "column": null } },
      "41": { "start": { "line": 205, "column": 12 }, "end": { "line": 205, "column": 32 } },
      "42": { "start": { "line": 231, "column": 55 }, "end": { "line": 231, "column": null } },
      "43": { "start": { "line": 250, "column": 26 }, "end": { "line": 252, "column": null } },
      "44": { "start": { "line": 251, "column": 28 }, "end": { "line": 251, "column": null } },
      "45": { "start": { "line": 301, "column": 35 }, "end": { "line": 301, "column": null } }
    },
    "fnMap": {
      "0": {
        "name": "FormsPage",
        "decl": { "start": { "line": 54, "column": 24 }, "end": { "line": 54, "column": null } },
        "loc": { "start": { "line": 54, "column": 24 }, "end": { "line": 310, "column": null } }
      },
      "1": {
        "name": "(anonymous_3)",
        "decl": { "start": { "line": 63, "column": 13 }, "end": { "line": 63, "column": 19 } },
        "loc": { "start": { "line": 63, "column": 19 }, "end": { "line": 63, "column": null } }
      },
      "2": {
        "name": "(anonymous_4)",
        "decl": { "start": { "line": 68, "column": 15 }, "end": { "line": 68, "column": 16 } },
        "loc": { "start": { "line": 68, "column": 16 }, "end": { "line": 73, "column": null } }
      },
      "3": {
        "name": "(anonymous_5)",
        "decl": { "start": { "line": 74, "column": 13 }, "end": { "line": 74, "column": null } },
        "loc": { "start": { "line": 74, "column": 13 }, "end": { "line": 76, "column": null } }
      },
      "4": {
        "name": "(anonymous_6)",
        "decl": { "start": { "line": 80, "column": 16 }, "end": { "line": 80, "column": 17 } },
        "loc": { "start": { "line": 80, "column": 32 }, "end": { "line": 80, "column": null } }
      },
      "5": {
        "name": "(anonymous_7)",
        "decl": { "start": { "line": 81, "column": 15 }, "end": { "line": 81, "column": null } },
        "loc": { "start": { "line": 81, "column": 15 }, "end": { "line": 84, "column": null } }
      },
      "6": {
        "name": "(anonymous_8)",
        "decl": { "start": { "line": 85, "column": 13 }, "end": { "line": 85, "column": null } },
        "loc": { "start": { "line": 85, "column": 13 }, "end": { "line": 87, "column": null } }
      },
      "7": {
        "name": "(anonymous_9)",
        "decl": { "start": { "line": 91, "column": 16 }, "end": { "line": 91, "column": 17 } },
        "loc": { "start": { "line": 91, "column": 32 }, "end": { "line": 91, "column": null } }
      },
      "8": {
        "name": "(anonymous_10)",
        "decl": { "start": { "line": 92, "column": 15 }, "end": { "line": 92, "column": null } },
        "loc": { "start": { "line": 92, "column": 15 }, "end": { "line": 95, "column": null } }
      },
      "9": {
        "name": "(anonymous_11)",
        "decl": { "start": { "line": 96, "column": 13 }, "end": { "line": 96, "column": null } },
        "loc": { "start": { "line": 96, "column": 13 }, "end": { "line": 98, "column": null } }
      },
      "10": {
        "name": "(anonymous_12)",
        "decl": { "start": { "line": 101, "column": 27 }, "end": { "line": 101, "column": 28 } },
        "loc": { "start": { "line": 101, "column": 28 }, "end": { "line": 108, "column": null } }
      },
      "11": {
        "name": "(anonymous_13)",
        "decl": { "start": { "line": 119, "column": 45 }, "end": { "line": 119, "column": 51 } },
        "loc": { "start": { "line": 119, "column": 51 }, "end": { "line": 119, "column": null } }
      },
      "12": {
        "name": "(anonymous_14)",
        "decl": { "start": { "line": 178, "column": 22 }, "end": { "line": 178, "column": 23 } },
        "loc": { "start": { "line": 178, "column": 29 }, "end": { "line": 178, "column": null } }
      },
      "13": {
        "name": "(anonymous_15)",
        "decl": { "start": { "line": 187, "column": 29 }, "end": { "line": 187, "column": 30 } },
        "loc": { "start": { "line": 188, "column": 12 }, "end": { "line": 188, "column": null } }
      },
      "14": {
        "name": "(anonymous_16)",
        "decl": { "start": { "line": 204, "column": 28 }, "end": { "line": 204, "column": 29 } },
        "loc": { "start": { "line": 205, "column": 12 }, "end": { "line": 205, "column": 32 } }
      },
      "15": {
        "name": "(anonymous_17)",
        "decl": { "start": { "line": 231, "column": 49 }, "end": { "line": 231, "column": 55 } },
        "loc": { "start": { "line": 231, "column": 55 }, "end": { "line": 231, "column": null } }
      },
      "16": {
        "name": "(anonymous_18)",
        "decl": { "start": { "line": 249, "column": 33 }, "end": { "line": 249, "column": null } },
        "loc": { "start": { "line": 249, "column": 33 }, "end": { "line": 253, "column": null } }
      },
      "17": {
        "name": "(anonymous_19)",
        "decl": { "start": { "line": 301, "column": 29 }, "end": { "line": 301, "column": 35 } },
        "loc": { "start": { "line": 301, "column": 35 }, "end": { "line": 301, "column": null } }
      }
    },
    "branchMap": {
      "0": {
        "loc": { "start": { "line": 162, "column": 21 }, "end": { "line": 162, "column": null } },
        "type": "cond-expr",
        "locations": [
          { "start": { "line": 162, "column": 48 }, "end": { "line": 162, "column": 64 } },
          { "start": { "line": 162, "column": 64 }, "end": { "line": 162, "column": null } }
        ]
      },
      "1": {
        "loc": { "start": { "line": 186, "column": 8 }, "end": { "line": 203, "column": 9 } },
        "type": "cond-expr",
        "locations": [
          { "start": { "line": 186, "column": 8 }, "end": { "line": 203, "column": 9 } }
        ]
      },
      "2": {
        "loc": { "start": { "line": 210, "column": 38 }, "end": { "line": 210, "column": null } },
        "type": "binary-expr",
        "locations": [
          { "start": { "line": 210, "column": 38 }, "end": { "line": 210, "column": 54 } },
          { "start": { "line": 210, "column": 58 }, "end": { "line": 210, "column": null } }
        ]
      },
      "3": {
        "loc": { "start": { "line": 250, "column": 26 }, "end": { "line": 252, "column": null } },
        "type": "if",
        "locations": [
          { "start": { "line": 250, "column": 26 }, "end": { "line": 252, "column": null } }
        ]
      },
      "4": {
        "loc": { "start": { "line": 265, "column": 28 }, "end": { "line": 265, "column": 63 } },
        "type": "binary-expr",
        "locations": [
          { "start": { "line": 265, "column": 28 }, "end": { "line": 265, "column": 57 } },
          { "start": { "line": 265, "column": 61 }, "end": { "line": 265, "column": 63 } }
        ]
      },
      "5": {
        "loc": { "start": { "line": 266, "column": 36 }, "end": { "line": 266, "column": null } },
        "type": "cond-expr",
        "locations": [
          { "start": { "line": 266, "column": 75 }, "end": { "line": 266, "column": 87 } },
          { "start": { "line": 266, "column": 87 }, "end": { "line": 266, "column": null } }
        ]
      },
      "6": {
        "loc": { "start": { "line": 267, "column": 23 }, "end": { "line": 267, "column": null } },
        "type": "binary-expr",
        "locations": [
          { "start": { "line": 267, "column": 23 }, "end": { "line": 267, "column": 43 } },
          { "start": { "line": 267, "column": 47 }, "end": { "line": 267, "column": null } }
        ]
      },
      "7": {
        "loc": { "start": { "line": 273, "column": 31 }, "end": { "line": 273, "column": null } },
        "type": "binary-expr",
        "locations": [
          { "start": { "line": 273, "column": 31 }, "end": { "line": 273, "column": 55 } },
          { "start": { "line": 273, "column": 59 }, "end": { "line": 273, "column": 73 } },
          { "start": { "line": 273, "column": 77 }, "end": { "line": 273, "column": null } }
        ]
      },
      "8": {
        "loc": { "start": { "line": 292, "column": 7 }, "end": { "line": 292, "column": 36 } },
        "type": "binary-expr",
        "locations": [
          { "start": { "line": 292, "column": 7 }, "end": { "line": 292, "column": 36 } },
          { "start": { "line": 292, "column": 36 }, "end": { "line": 292, "column": null } }
        ]
      },
      "9": {
        "loc": { "start": { "line": 296, "column": 13 }, "end": { "line": 298, "column": null } },
        "type": "cond-expr",
        "locations": [
          { "start": { "line": 297, "column": 16 }, "end": { "line": 297, "column": null } },
          { "start": { "line": 298, "column": 16 }, "end": { "line": 298, "column": null } }
        ]
      },
      "10": {
        "loc": { "start": { "line": 300, "column": 11 }, "end": { "line": 300, "column": null } },
        "type": "binary-expr",
        "locations": [
          { "start": { "line": 300, "column": 11 }, "end": { "line": 300, "column": null } }
        ]
      }
    },
    "s": {
      "0": 0,
      "1": 0,
      "2": 0,
      "3": 0,
      "4": 0,
      "5": 0,
      "6": 0,
      "7": 0,
      "8": 0,
      "9": 0,
      "10": 0,
      "11": 0,
      "12": 0,
      "13": 0,
      "14": 0,
      "15": 0,
      "16": 0,
      "17": 0,
      "18": 0,
      "19": 0,
      "20": 0,
      "21": 0,
      "22": 0,
      "23": 0,
      "24": 0,
      "25": 0,
      "26": 0,
      "27": 0,
      "28": 0,
      "29": 0,
      "30": 0,
      "31": 0,
      "32": 0,
      "33": 0,
      "34": 0,
      "35": 0,
      "36": 0,
      "37": 0,
      "38": 0,
      "39": 0,
      "40": 0,
      "41": 0,
      "42": 0,
      "43": 0,
      "44": 0,
      "45": 0
    },
    "f": {
      "0": 0,
      "1": 0,
      "2": 0,
      "3": 0,
      "4": 0,
      "5": 0,
      "6": 0,
      "7": 0,
      "8": 0,
      "9": 0,
      "10": 0,
      "11": 0,
      "12": 0,
      "13": 0,
      "14": 0,
      "15": 0,
      "16": 0,
      "17": 0
    },
    "b": {
      "0": [0, 0],
      "1": [0],
      "2": [0, 0],
      "3": [0],
      "4": [0, 0],
      "5": [0, 0],
      "6": [0, 0],
      "7": [0, 0, 0],
      "8": [0, 0],
      "9": [0, 0],
      "10": [0]
    }
  },
  "/Users/paul/Desktop/form_builder/apps/builder/app/forms/[id]/analytics/page.tsx": {
    "path": "/Users/paul/Desktop/form_builder/apps/builder/app/forms/[id]/analytics/page.tsx",
    "statementMap": {
      "0": { "start": { "line": 14, "column": 24 }, "end": { "line": 14, "column": 42 } },
      "1": { "start": { "line": 3, "column": 20 }, "end": { "line": 3, "column": null } },
      "2": { "start": { "line": 4, "column": 17 }, "end": { "line": 4, "column": null } },
      "3": { "start": { "line": 5, "column": 25 }, "end": { "line": 5, "column": null } },
      "4": { "start": { "line": 6, "column": 25 }, "end": { "line": 6, "column": null } },
      "5": { "start": { "line": 8, "column": 33 }, "end": { "line": 8, "column": null } },
      "6": { "start": { "line": 9, "column": 44 }, "end": { "line": 9, "column": null } },
      "7": { "start": { "line": 11, "column": 25 }, "end": { "line": 11, "column": null } },
      "8": { "start": { "line": 12, "column": 35 }, "end": { "line": 12, "column": null } },
      "9": { "start": { "line": 15, "column": 17 }, "end": { "line": 15, "column": null } },
      "10": { "start": { "line": 21, "column": 6 }, "end": { "line": 24, "column": null } },
      "11": { "start": { "line": 23, "column": 19 }, "end": { "line": 23, "column": null } },
      "12": { "start": { "line": 26, "column": 2 }, "end": { "line": 28, "column": null } },
      "13": { "start": { "line": 27, "column": 4 }, "end": { "line": 27, "column": null } },
      "14": { "start": { "line": 30, "column": 23 }, "end": { "line": 33, "column": null } },
      "15": { "start": { "line": 32, "column": 4 }, "end": { "line": 32, "column": null } },
      "16": { "start": { "line": 35, "column": 22 }, "end": { "line": 38, "column": null } },
      "17": { "start": { "line": 37, "column": 4 }, "end": { "line": 37, "column": null } },
      "18": { "start": { "line": 86, "column": 14 }, "end": { "line": 86, "column": 32 } }
    },
    "fnMap": {
      "0": {
        "name": "FormAnalyticsPage",
        "decl": { "start": { "line": 14, "column": 24 }, "end": { "line": 14, "column": 42 } },
        "loc": { "start": { "line": 14, "column": 89 }, "end": { "line": 96, "column": null } }
      },
      "1": {
        "name": "(anonymous_3)",
        "decl": { "start": { "line": 23, "column": 13 }, "end": { "line": 23, "column": 19 } },
        "loc": { "start": { "line": 23, "column": 19 }, "end": { "line": 23, "column": null } }
      },
      "2": {
        "name": "(anonymous_4)",
        "decl": { "start": { "line": 30, "column": 23 }, "end": { "line": 30, "column": null } },
        "loc": { "start": { "line": 30, "column": 23 }, "end": { "line": 33, "column": null } }
      },
      "3": {
        "name": "(anonymous_5)",
        "decl": { "start": { "line": 35, "column": 22 }, "end": { "line": 35, "column": null } },
        "loc": { "start": { "line": 35, "column": 22 }, "end": { "line": 38, "column": null } }
      },
      "4": {
        "name": "(anonymous_6)",
        "decl": { "start": { "line": 85, "column": 31 }, "end": { "line": 85, "column": 32 } },
        "loc": { "start": { "line": 86, "column": 14 }, "end": { "line": 86, "column": 32 } }
      }
    },
    "branchMap": {
      "0": {
        "loc": { "start": { "line": 26, "column": 2 }, "end": { "line": 28, "column": null } },
        "type": "if",
        "locations": [
          { "start": { "line": 26, "column": 2 }, "end": { "line": 28, "column": null } }
        ]
      },
      "1": {
        "loc": { "start": { "line": 56, "column": 14 }, "end": { "line": 61, "column": null } },
        "type": "cond-expr",
        "locations": [
          { "start": { "line": 56, "column": 14 }, "end": { "line": 61, "column": null } }
        ]
      },
      "2": {
        "loc": { "start": { "line": 63, "column": 17 }, "end": { "line": 63, "column": 38 } },
        "type": "binary-expr",
        "locations": [
          { "start": { "line": 63, "column": 17 }, "end": { "line": 63, "column": 38 } }
        ]
      },
      "3": {
        "loc": { "start": { "line": 82, "column": 7 }, "end": { "line": 93, "column": null } },
        "type": "cond-expr",
        "locations": [
          { "start": { "line": 83, "column": 8 }, "end": { "line": 91, "column": null } },
          { "start": { "line": 91, "column": 10 }, "end": { "line": 93, "column": null } }
        ]
      },
      "4": {
        "loc": { "start": { "line": 91, "column": 10 }, "end": { "line": 93, "column": null } },
        "type": "cond-expr",
        "locations": [
          { "start": { "line": 92, "column": 8 }, "end": { "line": 93, "column": null } },
          { "start": { "line": 93, "column": 10 }, "end": { "line": 93, "column": null } }
        ]
      }
    },
    "s": {
      "0": 0,
      "1": 0,
      "2": 0,
      "3": 0,
      "4": 0,
      "5": 0,
      "6": 0,
      "7": 0,
      "8": 0,
      "9": 0,
      "10": 0,
      "11": 0,
      "12": 0,
      "13": 0,
      "14": 0,
      "15": 0,
      "16": 0,
      "17": 0,
      "18": 0
    },
    "f": { "0": 0, "1": 0, "2": 0, "3": 0, "4": 0 },
    "b": { "0": [0], "1": [0], "2": [0], "3": [0, 0], "4": [0, 0] }
  },
  "/Users/paul/Desktop/form_builder/apps/builder/app/forms/[id]/edit/page.tsx": {
    "path": "/Users/paul/Desktop/form_builder/apps/builder/app/forms/[id]/edit/page.tsx",
    "statementMap": {
      "0": { "start": { "line": 37, "column": 24 }, "end": { "line": 37, "column": null } },
      "1": { "start": { "line": 3, "column": 26 }, "end": { "line": 3, "column": null } },
      "2": { "start": { "line": 4, "column": 17 }, "end": { "line": 4, "column": null } },
      "3": { "start": { "line": 5, "column": 26 }, "end": { "line": 5, "column": null } },
      "4": { "start": { "line": 6, "column": 25 }, "end": { "line": 6, "column": null } },
      "5": { "start": { "line": 7, "column": 22 }, "end": { "line": 7, "column": null } },
      "6": { "start": { "line": 17, "column": 7 }, "end": { "line": 17, "column": null } },
      "7": { "start": { "line": 28, "column": 7 }, "end": { "line": 28, "column": null } },
      "8": { "start": { "line": 30, "column": 29 }, "end": { "line": 30, "column": null } },
      "9": { "start": { "line": 31, "column": 27 }, "end": { "line": 31, "column": null } },
      "10": { "start": { "line": 32, "column": 30 }, "end": { "line": 32, "column": null } },
      "11": { "start": { "line": 33, "column": 25 }, "end": { "line": 33, "column": null } },
      "12": { "start": { "line": 34, "column": 36 }, "end": { "line": 34, "column": null } },
      "13": { "start": { "line": 35, "column": 27 }, "end": { "line": 35, "column": null } },
      "14": { "start": { "line": 38, "column": 17 }, "end": { "line": 38, "column": null } },
      "15": { "start": { "line": 39, "column": 17 }, "end": { "line": 39, "column": 26 } },
      "16": { "start": { "line": 42, "column": 4 }, "end": { "line": 42, "column": null } },
      "17": { "start": { "line": 44, "column": 37 }, "end": { "line": 53, "column": null } },
      "18": { "start": { "line": 48, "column": 6 }, "end": { "line": 50, "column": null } },
      "19": { "start": { "line": 49, "column": 8 }, "end": { "line": 49, "column": null } },
      "20": { "start": { "line": 51, "column": 6 }, "end": { "line": 51, "column": null } },
      "21": { "start": { "line": 55, "column": 2 }, "end": { "line": 59, "column": null } },
      "22": { "start": { "line": 56, "column": 4 }, "end": { "line": 58, "column": null } },
      "23": { "start": { "line": 57, "column": 6 }, "end": { "line": 57, "column": null } },
      "24": { "start": { "line": 61, "column": 21 }, "end": { "line": 78, "column": null } },
      "25": { "start": { "line": 62, "column": 4 }, "end": { "line": 62, "column": null } },
      "26": { "start": { "line": 62, "column": 27 }, "end": { "line": 62, "column": null } },
      "27": { "start": { "line": 64, "column": 4 }, "end": { "line": 77, "column": null } },
      "28": { "start": { "line": 65, "column": 6 }, "end": { "line": 72, "column": null } },
      "29": { "start": { "line": 73, "column": 6 }, "end": { "line": 73, "column": null } },
      "30": { "start": { "line": 74, "column": 6 }, "end": { "line": 74, "column": null } },
      "31": { "start": { "line": 76, "column": 6 }, "end": { "line": 76, "column": null } },
      "32": { "start": { "line": 80, "column": 24 }, "end": { "line": 87, "column": null } },
      "33": { "start": { "line": 81, "column": 4 }, "end": { "line": 86, "column": null } },
      "34": { "start": { "line": 82, "column": 6 }, "end": { "line": 82, "column": null } },
      "35": { "start": { "line": 83, "column": 6 }, "end": { "line": 83, "column": null } },
      "36": { "start": { "line": 85, "column": 6 }, "end": { "line": 85, "column": null } },
      "37": { "start": { "line": 89, "column": 2 }, "end": { "line": 98, "column": null } },
      "38": { "start": { "line": 100, "column": 2 }, "end": { "line": 109, "column": null } }
    },
    "fnMap": {
      "0": {
        "name": "EditFormPage",
        "decl": { "start": { "line": 37, "column": 24 }, "end": { "line": 37, "column": null } },
        "loc": { "start": { "line": 37, "column": 24 }, "end": { "line": 200, "column": null } }
      },
      "1": {
        "name": "(anonymous_3)",
        "decl": { "start": { "line": 46, "column": 13 }, "end": { "line": 46, "column": null } },
        "loc": { "start": { "line": 46, "column": 13 }, "end": { "line": 52, "column": null } }
      },
      "2": {
        "name": "(anonymous_4)",
        "decl": { "start": { "line": 55, "column": 12 }, "end": { "line": 55, "column": null } },
        "loc": { "start": { "line": 55, "column": 12 }, "end": { "line": 59, "column": 5 } }
      },
      "3": {
        "name": "(anonymous_5)",
        "decl": { "start": { "line": 61, "column": 21 }, "end": { "line": 61, "column": null } },
        "loc": { "start": { "line": 61, "column": 21 }, "end": { "line": 78, "column": null } }
      },
      "4": {
        "name": "(anonymous_6)",
        "decl": { "start": { "line": 80, "column": 24 }, "end": { "line": 80, "column": null } },
        "loc": { "start": { "line": 80, "column": 24 }, "end": { "line": 87, "column": null } }
      }
    },
    "branchMap": {
      "0": {
        "loc": { "start": { "line": 48, "column": 6 }, "end": { "line": 50, "column": null } },
        "type": "if",
        "locations": [
          { "start": { "line": 48, "column": 6 }, "end": { "line": 50, "column": null } }
        ]
      },
      "1": {
        "loc": { "start": { "line": 56, "column": 4 }, "end": { "line": 58, "column": null } },
        "type": "if",
        "locations": [
          { "start": { "line": 56, "column": 4 }, "end": { "line": 58, "column": null } }
        ]
      },
      "2": {
        "loc": { "start": { "line": 62, "column": 4 }, "end": { "line": 62, "column": null } },
        "type": "if",
        "locations": [
          { "start": { "line": 62, "column": 4 }, "end": { "line": 62, "column": null } }
        ]
      },
      "3": {
        "loc": { "start": { "line": 62, "column": 8 }, "end": { "line": 62, "column": 27 } },
        "type": "binary-expr",
        "locations": [
          { "start": { "line": 62, "column": 8 }, "end": { "line": 62, "column": 17 } },
          { "start": { "line": 62, "column": 17 }, "end": { "line": 62, "column": 27 } }
        ]
      },
      "4": {
        "loc": { "start": { "line": 89, "column": 2 }, "end": { "line": 98, "column": null } },
        "type": "if",
        "locations": [
          { "start": { "line": 89, "column": 2 }, "end": { "line": 98, "column": null } }
        ]
      },
      "5": {
        "loc": { "start": { "line": 100, "column": 2 }, "end": { "line": 109, "column": null } },
        "type": "if",
        "locations": [
          { "start": { "line": 100, "column": 2 }, "end": { "line": 109, "column": null } }
        ]
      },
      "6": {
        "loc": { "start": { "line": 123, "column": 49 }, "end": { "line": 123, "column": null } },
        "type": "binary-expr",
        "locations": [
          { "start": { "line": 123, "column": 49 }, "end": { "line": 123, "column": 64 } },
          { "start": { "line": 123, "column": 64 }, "end": { "line": 123, "column": null } }
        ]
      },
      "7": {
        "loc": { "start": { "line": 124, "column": 11 }, "end": { "line": 124, "column": 22 } },
        "type": "binary-expr",
        "locations": [
          { "start": { "line": 124, "column": 11 }, "end": { "line": 124, "column": 22 } }
        ]
      }
    },
    "s": {
      "0": 0,
      "1": 0,
      "2": 0,
      "3": 0,
      "4": 0,
      "5": 0,
      "6": 0,
      "7": 0,
      "8": 0,
      "9": 0,
      "10": 0,
      "11": 0,
      "12": 0,
      "13": 0,
      "14": 0,
      "15": 0,
      "16": 0,
      "17": 0,
      "18": 0,
      "19": 0,
      "20": 0,
      "21": 0,
      "22": 0,
      "23": 0,
      "24": 0,
      "25": 0,
      "26": 0,
      "27": 0,
      "28": 0,
      "29": 0,
      "30": 0,
      "31": 0,
      "32": 0,
      "33": 0,
      "34": 0,
      "35": 0,
      "36": 0,
      "37": 0,
      "38": 0
    },
    "f": { "0": 0, "1": 0, "2": 0, "3": 0, "4": 0 },
    "b": { "0": [0], "1": [0], "2": [0], "3": [0, 0], "4": [0], "5": [0], "6": [0, 0], "7": [0] }
  },
  "/Users/paul/Desktop/form_builder/apps/builder/app/forms/[id]/submissions/page.tsx": {
    "path": "/Users/paul/Desktop/form_builder/apps/builder/app/forms/[id]/submissions/page.tsx",
    "statementMap": {
      "0": { "start": { "line": 69, "column": 24 }, "end": { "line": 69, "column": 40 } },
      "1": { "start": { "line": 3, "column": 25 }, "end": { "line": 3, "column": null } },
      "2": { "start": { "line": 4, "column": 23 }, "end": { "line": 4, "column": null } },
      "3": { "start": { "line": 16, "column": 7 }, "end": { "line": 16, "column": null } },
      "4": { "start": { "line": 17, "column": 23 }, "end": { "line": 17, "column": null } },
[...]
        "loc": { "start": { "line": 258, "column": 11 }, "end": { "line": 266, "column": null } }
      },
      "36": {
        "name": "(anonymous_37)",
        "decl": { "start": { "line": 270, "column": 21 }, "end": { "line": 270, "column": 22 } },
        "loc": { "start": { "line": 270, "column": 30 }, "end": { "line": 281, "column": null } }
      },
      "37": {
        "name": "(anonymous_38)",
        "decl": { "start": { "line": 271, "column": 10 }, "end": { "line": 271, "column": 11 } },
        "loc": { "start": { "line": 271, "column": 11 }, "end": { "line": 279, "column": null } }
      },
      "38": {
        "name": "(anonymous_39)",
        "decl": { "start": { "line": 273, "column": 51 }, "end": { "line": 273, "column": 52 } },
        "loc": { "start": { "line": 273, "column": 58 }, "end": { "line": 273, "column": null } }
      },
      "39": {
        "name": "(anonymous_40)",
        "decl": { "start": { "line": 283, "column": 21 }, "end": { "line": 283, "column": 22 } },
        "loc": { "start": { "line": 283, "column": 22 }, "end": { "line": 294, "column": null } }
      },
      "40": {
        "name": "(anonymous_41)",
        "decl": { "start": { "line": 284, "column": 10 }, "end": { "line": 284, "column": 11 } },
        "loc": { "start": { "line": 284, "column": 11 }, "end": { "line": 292, "column": null } }
      },
      "41": {
        "name": "(anonymous_42)",
        "decl": { "start": { "line": 286, "column": 57 }, "end": { "line": 286, "column": 58 } },
        "loc": { "start": { "line": 286, "column": 64 }, "end": { "line": 286, "column": null } }
      },
      "42": {
        "name": "(anonymous_43)",
        "decl": { "start": { "line": 296, "column": 17 }, "end": { "line": 296, "column": 18 } },
        "loc": { "start": { "line": 296, "column": 18 }, "end": { "line": 307, "column": null } }
      },
      "43": {
        "name": "(anonymous_44)",
        "decl": { "start": { "line": 297, "column": 10 }, "end": { "line": 297, "column": 11 } },
        "loc": { "start": { "line": 297, "column": 11 }, "end": { "line": 305, "column": null } }
      },
      "44": {
        "name": "(anonymous_45)",
        "decl": { "start": { "line": 309, "column": 17 }, "end": { "line": 309, "column": 18 } },
        "loc": { "start": { "line": 309, "column": 18 }, "end": { "line": 313, "column": null } }
      },
      "45": {
        "name": "(anonymous_46)",
        "decl": { "start": { "line": 310, "column": 10 }, "end": { "line": 310, "column": 11 } },
        "loc": { "start": { "line": 310, "column": 11 }, "end": { "line": 312, "column": null } }
      },
      "46": {
        "name": "(anonymous_47)",
        "decl": { "start": { "line": 315, "column": 16 }, "end": { "line": 315, "column": 17 } },
        "loc": { "start": { "line": 315, "column": 17 }, "end": { "line": 319, "column": null } }
      },
      "47": {
        "name": "(anonymous_48)",
        "decl": { "start": { "line": 316, "column": 10 }, "end": { "line": 316, "column": 11 } },
        "loc": { "start": { "line": 316, "column": 11 }, "end": { "line": 318, "column": null } }
      },
      "48": {
        "name": "(anonymous_49)",
        "decl": { "start": { "line": 321, "column": 10 }, "end": { "line": 321, "column": null } },
        "loc": { "start": { "line": 321, "column": 10 }, "end": { "line": 329, "column": null } }
      },
      "49": {
        "name": "(anonymous_50)",
        "decl": { "start": { "line": 322, "column": 10 }, "end": { "line": 322, "column": 11 } },
        "loc": { "start": { "line": 322, "column": 11 }, "end": { "line": 328, "column": null } }
      },
      "50": {
        "name": "(anonymous_51)",
        "decl": { "start": { "line": 331, "column": 10 }, "end": { "line": 331, "column": null } },
        "loc": { "start": { "line": 331, "column": 10 }, "end": { "line": 339, "column": null } }
      },
      "51": {
        "name": "(anonymous_52)",
        "decl": { "start": { "line": 332, "column": 10 }, "end": { "line": 332, "column": 11 } },
        "loc": { "start": { "line": 332, "column": 11 }, "end": { "line": 338, "column": null } }
      },
      "52": {
        "name": "(anonymous_53)",
        "decl": { "start": { "line": 341, "column": 17 }, "end": { "line": 341, "column": null } },
        "loc": { "start": { "line": 341, "column": 17 }, "end": { "line": 358, "column": null } }
      },
      "53": {
        "name": "(anonymous_54)",
        "decl": { "start": { "line": 342, "column": 10 }, "end": { "line": 342, "column": 11 } },
        "loc": { "start": { "line": 342, "column": 11 }, "end": { "line": 357, "column": null } }
      },
      "54": {
        "name": "(anonymous_55)",
        "decl": { "start": { "line": 360, "column": 11 }, "end": { "line": 360, "column": null } },
        "loc": { "start": { "line": 360, "column": 11 }, "end": { "line": 369, "column": null } }
      },
      "55": {
        "name": "(anonymous_56)",
        "decl": { "start": { "line": 371, "column": 15 }, "end": { "line": 371, "column": null } },
        "loc": { "start": { "line": 371, "column": 15 }, "end": { "line": 375, "column": null } }
      },
      "56": {
        "name": "(anonymous_57)",
        "decl": { "start": { "line": 372, "column": 10 }, "end": { "line": 372, "column": 11 } },
        "loc": { "start": { "line": 372, "column": 11 }, "end": { "line": 374, "column": null } }
      }
    },
    "branchMap": {
      "0": {
        "loc": { "start": { "line": 69, "column": 31 }, "end": { "line": 69, "column": null } },
        "type": "binary-expr",
        "locations": [
          { "start": { "line": 69, "column": 31 }, "end": { "line": 69, "column": 52 } },
          { "start": { "line": 69, "column": 52 }, "end": { "line": 69, "column": null } }
        ]
      },
      "1": {
        "loc": { "start": { "line": 87, "column": 8 }, "end": { "line": 90, "column": null } },
        "type": "if",
        "locations": [
          { "start": { "line": 87, "column": 8 }, "end": { "line": 90, "column": null } }
        ]
      },
      "2": {
        "loc": { "start": { "line": 97, "column": 8 }, "end": { "line": 108, "column": null } },
        "type": "if",
        "locations": [
          { "start": { "line": 97, "column": 8 }, "end": { "line": 108, "column": null } }
        ]
      },
      "3": {
        "loc": { "start": { "line": 99, "column": 10 }, "end": { "line": 107, "column": null } },
        "type": "if",
        "locations": [
          { "start": { "line": 99, "column": 10 }, "end": { "line": 107, "column": null } }
        ]
      },
      "4": {
        "loc": { "start": { "line": 100, "column": 12 }, "end": { "line": 104, "column": null } },
        "type": "if",
        "locations": [
          { "start": { "line": 100, "column": 12 }, "end": { "line": 104, "column": null } },
          { "start": { "line": 102, "column": 19 }, "end": { "line": 104, "column": null } }
        ]
      },
      "5": {
        "loc": { "start": { "line": 115, "column": 8 }, "end": { "line": 124, "column": null } },
        "type": "if",
        "locations": [
          { "start": { "line": 115, "column": 8 }, "end": { "line": 124, "column": null } }
        ]
      },
      "6": {
        "loc": { "start": { "line": 118, "column": 12 }, "end": { "line": 122, "column": null } },
        "type": "if",
        "locations": [
          { "start": { "line": 118, "column": 12 }, "end": { "line": 122, "column": null } }
        ]
      },
      "7": {
        "loc": { "start": { "line": 131, "column": 8 }, "end": { "line": 143, "column": null } },
        "type": "if",
        "locations": [
          { "start": { "line": 131, "column": 8 }, "end": { "line": 143, "column": null } }
        ]
      },
      "8": {
        "loc": { "start": { "line": 134, "column": 12 }, "end": { "line": 141, "column": null } },
        "type": "if",
        "locations": [
          { "start": { "line": 134, "column": 12 }, "end": { "line": 141, "column": null } }
        ]
      },
      "9": {
        "loc": { "start": { "line": 137, "column": 14 }, "end": { "line": 139, "column": null } },
        "type": "if",
        "locations": [
          { "start": { "line": 137, "column": 14 }, "end": { "line": 139, "column": null } }
        ]
      },
      "10": {
        "loc": { "start": { "line": 150, "column": 8 }, "end": { "line": 170, "column": null } },
        "type": "if",
        "locations": [
          { "start": { "line": 150, "column": 8 }, "end": { "line": 170, "column": null } }
        ]
      },
      "11": {
        "loc": { "start": { "line": 156, "column": 12 }, "end": { "line": 159, "column": null } },
        "type": "if",
        "locations": [
          { "start": { "line": 156, "column": 12 }, "end": { "line": 159, "column": null } }
        ]
      },
      "12": {
        "loc": { "start": { "line": 163, "column": 10 }, "end": { "line": 169, "column": null } },
        "type": "if",
        "locations": [
          { "start": { "line": 163, "column": 10 }, "end": { "line": 169, "column": null } }
        ]
      },
      "13": {
        "loc": { "start": { "line": 165, "column": 12 }, "end": { "line": 168, "column": null } },
        "type": "if",
        "locations": [
          { "start": { "line": 165, "column": 12 }, "end": { "line": 168, "column": null } }
        ]
      },
      "14": {
        "loc": { "start": { "line": 177, "column": 8 }, "end": { "line": 192, "column": null } },
        "type": "if",
        "locations": [
          { "start": { "line": 177, "column": 8 }, "end": { "line": 192, "column": null } }
        ]
      },
      "15": {
        "loc": { "start": { "line": 180, "column": 12 }, "end": { "line": 190, "column": null } },
        "type": "if",
        "locations": [
          { "start": { "line": 180, "column": 12 }, "end": { "line": 190, "column": null } }
        ]
      },
      "16": {
        "loc": { "start": { "line": 199, "column": 8 }, "end": { "line": 212, "column": null } },
        "type": "if",
        "locations": [
          { "start": { "line": 199, "column": 8 }, "end": { "line": 212, "column": null } }
        ]
      },
      "17": {
        "loc": { "start": { "line": 206, "column": 10 }, "end": { "line": 210, "column": null } },
        "type": "if",
        "locations": [
          { "start": { "line": 206, "column": 10 }, "end": { "line": 210, "column": null } },
          { "start": { "line": 208, "column": 17 }, "end": { "line": 210, "column": null } }
        ]
      },
      "18": {
        "loc": { "start": { "line": 219, "column": 8 }, "end": { "line": 225, "column": null } },
        "type": "if",
        "locations": [
          { "start": { "line": 219, "column": 8 }, "end": { "line": 225, "column": null } }
        ]
      },
      "19": {
        "loc": { "start": { "line": 221, "column": 10 }, "end": { "line": 224, "column": null } },
        "type": "if",
        "locations": [
          { "start": { "line": 221, "column": 10 }, "end": { "line": 224, "column": null } }
        ]
      },
      "20": {
        "loc": { "start": { "line": 232, "column": 8 }, "end": { "line": 238, "column": null } },
        "type": "if",
        "locations": [
          { "start": { "line": 232, "column": 8 }, "end": { "line": 238, "column": null } }
        ]
      },
      "21": {
        "loc": { "start": { "line": 232, "column": 12 }, "end": { "line": 232, "column": 55 } },
        "type": "binary-expr",
        "locations": [
          { "start": { "line": 232, "column": 12 }, "end": { "line": 232, "column": 22 } },
          { "start": { "line": 232, "column": 26 }, "end": { "line": 232, "column": 55 } }
        ]
      },
      "22": {
        "loc": { "start": { "line": 234, "column": 10 }, "end": { "line": 237, "column": null } },
        "type": "if",
        "locations": [
          { "start": { "line": 234, "column": 10 }, "end": { "line": 237, "column": null } }
        ]
      },
      "23": {
        "loc": { "start": { "line": 245, "column": 8 }, "end": { "line": 252, "column": null } },
        "type": "if",
        "locations": [
          { "start": { "line": 245, "column": 8 }, "end": { "line": 252, "column": null } }
        ]
      },
      "24": {
        "loc": { "start": { "line": 247, "column": 10 }, "end": { "line": 251, "column": null } },
        "type": "if",
        "locations": [
          { "start": { "line": 247, "column": 10 }, "end": { "line": 251, "column": null } }
        ]
      },
      "25": {
        "loc": { "start": { "line": 259, "column": 8 }, "end": { "line": 265, "column": null } },
        "type": "if",
        "locations": [
          { "start": { "line": 259, "column": 8 }, "end": { "line": 265, "column": null } }
        ]
      },
      "26": {
        "loc": { "start": { "line": 260, "column": 10 }, "end": { "line": 262, "column": null } },
        "type": "if",
        "locations": [
          { "start": { "line": 260, "column": 10 }, "end": { "line": 262, "column": null } }
        ]
      },
      "27": {
        "loc": { "start": { "line": 272, "column": 8 }, "end": { "line": 278, "column": null } },
        "type": "if",
        "locations": [
          { "start": { "line": 272, "column": 8 }, "end": { "line": 278, "column": null } }
        ]
      },
      "28": {
        "loc": { "start": { "line": 274, "column": 10 }, "end": { "line": 277, "column": null } },
        "type": "if",
        "locations": [
          { "start": { "line": 274, "column": 10 }, "end": { "line": 277, "column": null } }
        ]
      },
      "29": {
        "loc": { "start": { "line": 285, "column": 8 }, "end": { "line": 291, "column": null } },
        "type": "if",
        "locations": [
          { "start": { "line": 285, "column": 8 }, "end": { "line": 291, "column": null } }
        ]
      },
      "30": {
        "loc": { "start": { "line": 287, "column": 10 }, "end": { "line": 290, "column": null } },
        "type": "if",
        "locations": [
          { "start": { "line": 287, "column": 10 }, "end": { "line": 290, "column": null } }
        ]
      },
      "31": {
        "loc": { "start": { "line": 298, "column": 8 }, "end": { "line": 304, "column": null } },
        "type": "if",
        "locations": [
          { "start": { "line": 298, "column": 8 }, "end": { "line": 304, "column": null } }
        ]
      },
      "32": {
        "loc": { "start": { "line": 299, "column": 10 }, "end": { "line": 301, "column": null } },
        "type": "if",
        "locations": [
          { "start": { "line": 299, "column": 10 }, "end": { "line": 301, "column": null } }
        ]
      },
      "33": {
        "loc": { "start": { "line": 323, "column": 8 }, "end": { "line": 327, "column": null } },
        "type": "if",
        "locations": [
          { "start": { "line": 323, "column": 8 }, "end": { "line": 327, "column": null } }
        ]
      },
      "34": {
        "loc": { "start": { "line": 333, "column": 8 }, "end": { "line": 337, "column": null } },
        "type": "if",
        "locations": [
          { "start": { "line": 333, "column": 8 }, "end": { "line": 337, "column": null } }
        ]
      },
      "35": {
        "loc": { "start": { "line": 343, "column": 8 }, "end": { "line": 356, "column": null } },
        "type": "if",
        "locations": [
          { "start": { "line": 343, "column": 8 }, "end": { "line": 356, "column": null } }
        ]
      },
      "36": {
        "loc": { "start": { "line": 351, "column": 10 }, "end": { "line": 353, "column": null } },
        "type": "if",
        "locations": [
          { "start": { "line": 351, "column": 10 }, "end": { "line": 353, "column": null } }
        ]
      }
    },
    "s": {
      "0": 0,
      "1": 0,
      "2": 0,
      "3": 0,
      "4": 0,
      "5": 0,
      "6": 0,
      "7": 0,
      "8": 0,
      "9": 0,
      "10": 0,
      "11": 0,
      "12": 0,
      "13": 0,
      "14": 0,
      "15": 0,
      "16": 0,
      "17": 0,
      "18": 0,
      "19": 0,
      "20": 0,
      "21": 0,
      "22": 0,
      "23": 0,
      "24": 0,
      "25": 0,
      "26": 0,
      "27": 0,
      "28": 0,
      "29": 0,
      "30": 0,
      "31": 0,
      "32": 0,
      "33": 0,
      "34": 0,
      "35": 0,
      "36": 0,
      "37": 0,
      "38": 0,
      "39": 0,
      "40": 0,
      "41": 0,
      "42": 0,
      "43": 0,
      "44": 0,
      "45": 0,
      "46": 0,
      "47": 0,
      "48": 0,
      "49": 0,
      "50": 0,
      "51": 0,
      "52": 0,
      "53": 0,
      "54": 0,
      "55": 0,
      "56": 0,
      "57": 0,
      "58": 0,
      "59": 0,
      "60": 0,
      "61": 0,
      "62": 0,
      "63": 0,
      "64": 0,
      "65": 0,
      "66": 0,
      "67": 0,
      "68": 0,
      "69": 0,
      "70": 0,
      "71": 0,
      "72": 0,
      "73": 0,
      "74": 0,
      "75": 0,
      "76": 0,
      "77": 0,
      "78": 0,
      "79": 0,
      "80": 0,
      "81": 0,
      "82": 0,
      "83": 0,
      "84": 0,
      "85": 0,
      "86": 0,
      "87": 0,
      "88": 0,
      "89": 0,
      "90": 0,
      "91": 0,
      "92": 0,
      "93": 0,
      "94": 0,
      "95": 0,
      "96": 0,
      "97": 0,
      "98": 0,
      "99": 0,
      "100": 0,
      "101": 0,
      "102": 0,
      "103": 0,
      "104": 0,
      "105": 0,
      "106": 0,
      "107": 0,
      "108": 0,
      "109": 0,
      "110": 0,
      "111": 0,
      "112": 0,
      "113": 0,
      "114": 0,
      "115": 0,
      "116": 0,
      "117": 0,
      "118": 0,
      "119": 0,
      "120": 0,
      "121": 0,
      "122": 0,
      "123": 0,
      "124": 0,
      "125": 0,
      "126": 0,
      "127": 0,
      "128": 0,
      "129": 0,
      "130": 0,
      "131": 0,
      "132": 0,
      "133": 0,
      "134": 0,
      "135": 0,
      "136": 0,
      "137": 0,
      "138": 0,
      "139": 0,
      "140": 0,
      "141": 0,
      "142": 0,
      "143": 0,
      "144": 0,
      "145": 0,
      "146": 0,
      "147": 0,
      "148": 0,
      "149": 0,
      "150": 0,
      "151": 0,
      "152": 0,
      "153": 0,
      "154": 0,
      "155": 0,
      "156": 0,
      "157": 0,
      "158": 0,
      "159": 0,
      "160": 0,
      "161": 0,
      "162": 0,
      "163": 0,
      "164": 0,
      "165": 0,
      "166": 0,
      "167": 0,
      "168": 0
    },
    "f": {
      "0": 0,
      "1": 0,
      "2": 0,
      "3": 0,
      "4": 0,
      "5": 0,
      "6": 0,
      "7": 0,
      "8": 0,
      "9": 0,
      "10": 0,
      "11": 0,
      "12": 0,
      "13": 0,
      "14": 0,
      "15": 0,
      "16": 0,
      "17": 0,
      "18": 0,
      "19": 0,
      "20": 0,
      "21": 0,
      "22": 0,
      "23": 0,
      "24": 0,
      "25": 0,
      "26": 0,
      "27": 0,
      "28": 0,
      "29": 0,
      "30": 0,
      "31": 0,
      "32": 0,
      "33": 0,
      "34": 0,
      "35": 0,
      "36": 0,
      "37": 0,
      "38": 0,
      "39": 0,
      "40": 0,
      "41": 0,
      "42": 0,
      "43": 0,
      "44": 0,
      "45": 0,
      "46": 0,
      "47": 0,
      "48": 0,
      "49": 0,
      "50": 0,
      "51": 0,
      "52": 0,
      "53": 0,
      "54": 0,
      "55": 0,
      "56": 0
    },
    "b": {
      "0": [0, 0],
      "1": [0],
      "2": [0],
      "3": [0],
      "4": [0, 0],
      "5": [0],
      "6": [0],
      "7": [0],
      "8": [0],
      "9": [0],
      "10": [0],
      "11": [0],
      "12": [0],
      "13": [0],
      "14": [0],
      "15": [0],
      "16": [0],
      "17": [0, 0],
      "18": [0],
      "19": [0],
      "20": [0],
      "21": [0, 0],
      "22": [0],
      "23": [0],
      "24": [0],
      "25": [0],
      "26": [0],
      "27": [0],
      "28": [0],
      "29": [0],
      "30": [0],
      "31": [0],
      "32": [0],
      "33": [0],
      "34": [0],
      "35": [0],
      "36": [0]
    }
  }
}
