TN:
SF:.eslintrc.js
FNF:0
FNH:0
DA:1,0
LF:1
LH:0
BRF:0
BRH:0
end_of_record
TN:
SF:middleware.ts
FN:21,middleware
FN:27,(anonymous_4)
FNF:2
FNH:0
FNDA:0,middleware
FNDA:0,(anonymous_4)
DA:1,0
DA:5,0
DA:13,0
DA:21,0
DA:22,0
DA:25,0
DA:27,0
DA:29,0
DA:33,0
DA:39,0
DA:43,0
DA:46,0
DA:47,0
DA:48,0
DA:49,0
DA:53,0
DA:54,0
DA:57,0
DA:60,0
LF:19
LH:0
BRDA:25,0,0,0
BRDA:26,1,0,0
BRDA:26,1,1,0
BRDA:33,2,0,0
BRDA:34,3,0,0
BRDA:34,3,1,0
BRDA:34,3,2,0
BRDA:34,3,3,0
BRDA:46,4,0,0
BRDA:46,5,0,0
BRDA:46,5,1,0
BRDA:53,6,0,0
BRDA:53,7,0,0
BRDA:53,7,1,0
BRF:14
BRH:0
end_of_record
TN:
SF:app/layout.tsx
FN:18,RootLayout
FN:24,(anonymous_2)
FN:36,(anonymous_3)
FNF:3
FNH:0
FNDA:0,RootLayout
FNDA:0,(anonymous_2)
FNDA:0,(anonymous_3)
DA:3,0
DA:4,0
DA:5,0
DA:6,0
DA:7,0
DA:8,0
DA:9,0
DA:10,0
DA:12,0
DA:18,0
DA:23,0
DA:25,0
DA:36,0
DA:37,0
LF:14
LH:0
BRF:0
BRH:0
end_of_record
TN:
SF:app/page.tsx
FN:52,BuilderPage
FN:58,(anonymous_6)
FN:82,(anonymous_7)
FN:83,(anonymous_8)
FN:84,(anonymous_9)
FN:88,(anonymous_10)
FN:93,(anonymous_11)
FN:97,(anonymous_12)
FN:99,(anonymous_13)
FN:126,(anonymous_14)
FN:165,(anonymous_15)
FN:173,(anonymous_16)
FN:180,(anonymous_17)
FN:229,(anonymous_18)
FNF:14
FNH:0
FNDA:0,BuilderPage
FNDA:0,(anonymous_6)
FNDA:0,(anonymous_7)
FNDA:0,(anonymous_8)
FNDA:0,(anonymous_9)
FNDA:0,(anonymous_10)
FNDA:0,(anonymous_11)
FNDA:0,(anonymous_12)
FNDA:0,(anonymous_13)
FNDA:0,(anonymous_14)
FNDA:0,(anonymous_15)
FNDA:0,(anonymous_16)
FNDA:0,(anonymous_17)
FNDA:0,(anonymous_18)
DA:3,0
DA:5,0
DA:6,0
DA:21,0
DA:23,0
DA:24,0
DA:25,0
DA:26,0
DA:27,0
DA:28,0
DA:29,0
DA:32,0
DA:47,0
DA:52,0
DA:53,0
DA:54,0
DA:55,0
DA:58,0
DA:59,0
DA:60,0
DA:78,0
DA:79,0
DA:82,0
DA:83,0
DA:84,0
DA:87,0
DA:88,0
DA:89,0
DA:93,0
DA:94,0
DA:97,0
DA:99,0
DA:126,0
DA:165,0
DA:174,0
DA:181,0
DA:229,0
LF:37
LH:0
BRDA:59,0,0,0
BRDA:79,1,0,0
BRDA:79,1,1,0
BRDA:116,2,0,0
BRDA:116,2,1,0
BRDA:118,3,0,0
BRDA:118,3,1,0
BRDA:174,4,0,0
BRDA:174,4,1,0
BRDA:188,5,0,0
BRDA:216,6,0,0
BRF:11
BRH:0
end_of_record
TN:
SF:app/auth/forgot-password/page.tsx
FN:23,ForgotPasswordPage
FN:35,(anonymous_6)
FN:72,(anonymous_7)
FNF:3
FNH:0
FNDA:0,ForgotPasswordPage
FNDA:0,(anonymous_6)
FNDA:0,(anonymous_7)
DA:3,0
DA:4,0
DA:5,0
DA:6,0
DA:7,0
DA:8,0
DA:10,0
DA:15,0
DA:17,0
DA:23,0
DA:24,0
DA:25,0
DA:26,0
DA:28,0
DA:35,0
DA:36,0
DA:37,0
DA:38,0
DA:39,0
DA:40,0
DA:45,0
DA:51,0
DA:55,0
DA:73,0
DA:74,0
LF:25
LH:0
BRDA:47,0,0,0
BRDA:47,0,1,0
BRDA:55,1,0,0
BRDA:125,2,0,0
BRDA:125,2,1,0
BRF:5
BRH:0
end_of_record
TN:
SF:app/auth/login/page.tsx
FN:25,LoginPage
FN:39,(anonymous_6)
FNF:2
FNH:0
FNDA:0,LoginPage
FNDA:0,(anonymous_6)
DA:3,0
DA:4,0
DA:5,0
DA:6,0
DA:7,0
DA:8,0
DA:9,0
DA:11,0
DA:16,0
DA:18,0
DA:25,0
DA:26,0
DA:27,0
DA:28,0
DA:29,0
DA:31,0
DA:39,0
DA:40,0
DA:41,0
DA:42,0
DA:43,0
DA:47,0
DA:49,0
DA:50,0
DA:51,0
LF:25
LH:0
BRDA:49,0,0,0
BRDA:49,0,1,0
BRDA:49,0,2,0
BRDA:107,1,0,0
BRDA:113,2,0,0
BRDA:113,2,1,0
BRF:6
BRH:0
end_of_record
TN:
SF:app/auth/reset-password/page.tsx
FN:36,(anonymous_5)
FN:43,ResetPasswordForm
FN:59,(anonymous_7)
FN:180,ResetPasswordPage
FNF:4
FNH:0
FNDA:0,(anonymous_5)
FNDA:0,ResetPasswordForm
FNDA:0,(anonymous_7)
FNDA:0,ResetPasswordPage
DA:3,0
DA:4,0
DA:5,0
DA:6,0
DA:7,0
DA:8,0
DA:9,0
DA:11,0
DA:24,0
DA:26,0
DA:36,0
DA:44,0
DA:45,0
DA:46,0
DA:47,0
DA:49,0
DA:51,0
DA:59,0
DA:60,0
DA:61,0
DA:66,0
DA:69,0
DA:70,0
DA:71,0
DA:72,0
DA:76,0
DA:78,0
DA:84,0
DA:88,0
DA:180,0
LF:30
LH:0
BRDA:60,0,0,0
BRDA:80,1,0,0
BRDA:80,1,1,0
BRDA:88,2,0,0
BRDA:158,3,0,0
BRDA:158,3,1,0
BRF:6
BRH:0
end_of_record
TN:
SF:app/auth/signup/page.tsx
FN:40,SignupPage
FN:56,(anonymous_6)
FNF:2
FNH:0
FNDA:0,SignupPage
FNDA:0,(anonymous_6)
DA:3,0
DA:4,0
DA:5,0
DA:6,0
DA:7,0
DA:8,0
DA:9,0
DA:11,0
DA:24,0
DA:26,0
DA:40,0
DA:41,0
DA:42,0
DA:43,0
DA:44,0
DA:46,0
DA:56,0
DA:57,0
DA:58,0
DA:59,0
DA:60,0
DA:64,0
DA:66,0
DA:67,0
DA:68,0
LF:25
LH:0
BRDA:66,0,0,0
BRDA:66,0,1,0
BRDA:66,0,2,0
BRDA:154,1,0,0
BRDA:160,2,0,0
BRDA:160,2,1,0
BRF:6
BRH:0
end_of_record
TN:
SF:app/dashboard/page.tsx
FN:25,DashboardPage
FN:32,(anonymous_3)
FN:36,(anonymous_4)
FN:47,(anonymous_5)
FN:51,(anonymous_6)
FN:83,(anonymous_7)
FN:90,(anonymous_8)
FN:97,(anonymous_9)
FN:110,(anonymous_10)
FN:144,(anonymous_11)
FN:215,(anonymous_12)
FNF:11
FNH:0
FNDA:0,DashboardPage
FNDA:0,(anonymous_3)
FNDA:0,(anonymous_4)
FNDA:0,(anonymous_5)
FNDA:0,(anonymous_6)
FNDA:0,(anonymous_7)
FNDA:0,(anonymous_8)
FNDA:0,(anonymous_9)
FNDA:0,(anonymous_10)
FNDA:0,(anonymous_11)
FNDA:0,(anonymous_12)
DA:3,0
DA:4,0
DA:5,0
DA:6,0
DA:8,0
DA:20,0
DA:22,0
DA:23,0
DA:25,0
DA:26,0
DA:27,0
DA:28,0
DA:29,0
DA:30,0
DA:32,0
DA:33,0
DA:36,0
DA:37,0
DA:38,0
DA:39,0
DA:41,0
DA:43,0
DA:47,0
DA:48,0
DA:51,0
DA:52,0
DA:83,0
DA:90,0
DA:97,0
DA:111,0
DA:145,0
DA:216,0
LF:32
LH:0
BRDA:39,0,0,0
BRDA:39,0,1,0
BRDA:88,1,0,0
BRDA:88,1,1,0
BRDA:95,2,0,0
BRDA:95,2,1,0
BRDA:109,3,0,0
BRDA:123,4,0,0
BRDA:127,5,0,0
BRDA:127,5,1,0
BRDA:130,6,0,0
BRDA:130,6,1,0
BRDA:134,7,0,0
BRDA:143,8,0,0
BRDA:156,9,0,0
BRDA:156,9,1,0
BRDA:172,10,0,0
BRDA:172,10,1,0
BRDA:179,11,0,0
BRDA:179,11,1,0
BRDA:182,12,0,0
BRDA:182,12,1,0
BRDA:221,13,0,0
BRDA:221,13,1,0
BRDA:228,14,0,0
BRDA:228,14,1,0
BRDA:235,15,0,0
BRDA:235,15,1,0
BRDA:238,16,0,0
BRDA:238,16,1,0
BRF:30
BRH:0
end_of_record
TN:
SF:app/forms/page.tsx
FN:54,FormsPage
FN:63,(anonymous_3)
FN:68,(anonymous_4)
FN:74,(anonymous_5)
FN:80,(anonymous_6)
FN:81,(anonymous_7)
FN:85,(anonymous_8)
FN:91,(anonymous_9)
FN:92,(anonymous_10)
FN:96,(anonymous_11)
FN:101,(anonymous_12)
FN:119,(anonymous_13)
FN:178,(anonymous_14)
FN:187,(anonymous_15)
FN:204,(anonymous_16)
FN:231,(anonymous_17)
FN:249,(anonymous_18)
FN:301,(anonymous_19)
FNF:18
FNH:0
FNDA:0,FormsPage
FNDA:0,(anonymous_3)
FNDA:0,(anonymous_4)
FNDA:0,(anonymous_5)
FNDA:0,(anonymous_6)
FNDA:0,(anonymous_7)
FNDA:0,(anonymous_8)
FNDA:0,(anonymous_9)
FNDA:0,(anonymous_10)
FNDA:0,(anonymous_11)
FNDA:0,(anonymous_12)
FNDA:0,(anonymous_13)
FNDA:0,(anonymous_14)
FNDA:0,(anonymous_15)
FNDA:0,(anonymous_16)
FNDA:0,(anonymous_17)
FNDA:0,(anonymous_18)
FNDA:0,(anonymous_19)
DA:3,0
DA:4,0
DA:5,0
DA:6,0
DA:7,0
DA:8,0
DA:35,0
DA:47,0
DA:49,0
DA:50,0
DA:54,0
DA:55,0
DA:56,0
DA:57,0
DA:58,0
DA:59,0
DA:61,0
DA:63,0
DA:66,0
DA:69,0
DA:70,0
DA:71,0
DA:72,0
DA:75,0
DA:79,0
DA:80,0
DA:82,0
DA:83,0
DA:86,0
DA:90,0
DA:91,0
DA:93,0
DA:94,0
DA:97,0
DA:101,0
DA:102,0
DA:103,0
DA:104,0
DA:119,0
DA:178,0
DA:188,0
DA:205,0
DA:231,0
DA:250,0
DA:251,0
DA:301,0
LF:46
LH:0
BRDA:162,0,0,0
BRDA:162,0,1,0
BRDA:186,1,0,0
BRDA:210,2,0,0
BRDA:210,2,1,0
BRDA:250,3,0,0
BRDA:265,4,0,0
BRDA:265,4,1,0
BRDA:266,5,0,0
BRDA:266,5,1,0
BRDA:267,6,0,0
BRDA:267,6,1,0
BRDA:273,7,0,0
BRDA:273,7,1,0
BRDA:273,7,2,0
BRDA:292,8,0,0
BRDA:292,8,1,0
BRDA:296,9,0,0
BRDA:296,9,1,0
BRDA:300,10,0,0
BRF:20
BRH:0
end_of_record
TN:
SF:app/forms/[id]/analytics/page.tsx
FN:14,FormAnalyticsPage
FN:23,(anonymous_3)
FN:30,(anonymous_4)
FN:35,(anonymous_5)
FN:85,(anonymous_6)
FNF:5
FNH:0
FNDA:0,FormAnalyticsPage
FNDA:0,(anonymous_3)
FNDA:0,(anonymous_4)
FNDA:0,(anonymous_5)
FNDA:0,(anonymous_6)
DA:3,0
DA:4,0
DA:5,0
DA:6,0
DA:8,0
DA:9,0
DA:11,0
DA:12,0
DA:14,0
DA:15,0
DA:21,0
DA:23,0
DA:26,0
DA:27,0
DA:30,0
DA:32,0
DA:35,0
DA:37,0
DA:86,0
LF:19
LH:0
BRDA:26,0,0,0
BRDA:56,1,0,0
BRDA:63,2,0,0
BRDA:82,3,0,0
BRDA:82,3,1,0
BRDA:91,4,0,0
BRDA:91,4,1,0
BRF:7
BRH:0
end_of_record
TN:
SF:app/forms/[id]/edit/page.tsx
FN:37,EditFormPage
FN:46,(anonymous_3)
FN:55,(anonymous_4)
FN:61,(anonymous_5)
FN:80,(anonymous_6)
FNF:5
FNH:0
FNDA:0,EditFormPage
FNDA:0,(anonymous_3)
FNDA:0,(anonymous_4)
FNDA:0,(anonymous_5)
FNDA:0,(anonymous_6)
DA:3,0
DA:4,0
DA:5,0
DA:6,0
DA:7,0
DA:17,0
DA:28,0
DA:30,0
DA:31,0
DA:32,0
DA:33,0
DA:34,0
DA:35,0
DA:37,0
DA:38,0
DA:39,0
DA:42,0
DA:44,0
DA:48,0
DA:49,0
DA:51,0
DA:55,0
DA:56,0
DA:57,0
DA:61,0
DA:62,0
DA:64,0
DA:65,0
DA:73,0
DA:74,0
DA:76,0
DA:80,0
DA:81,0
DA:82,0
DA:83,0
DA:85,0
DA:89,0
DA:100,0
LF:38
LH:0
BRDA:48,0,0,0
BRDA:56,1,0,0
BRDA:62,2,0,0
BRDA:62,3,0,0
BRDA:62,3,1,0
BRDA:89,4,0,0
BRDA:100,5,0,0
BRDA:123,6,0,0
BRDA:123,6,1,0
BRDA:124,7,0,0
BRF:10
BRH:0
end_of_record
TN:
SF:app/forms/[id]/submissions/page.tsx
FN:69,SubmissionsPage
FN:108,(anonymous_2)
FN:111,(anonymous_3)
FN:205,(anonymous_4)
FN:207,(anonymous_5)
FN:225,(anonymous_6)
FN:232,(anonymous_7)
FN:294,(anonymous_8)
FNF:8
FNH:0
FNDA:0,SubmissionsPage
FNDA:0,(anonymous_2)
FNDA:0,(anonymous_3)
FNDA:0,(anonymous_4)
FNDA:0,(anonymous_5)
FNDA:0,(anonymous_6)
FNDA:0,(anonymous_7)
FNDA:0,(anonymous_8)
DA:3,0
DA:4,0
DA:16,0
DA:17,0
DA:29,0
DA:69,0
DA:70,0
DA:71,0
DA:72,0
DA:108,0
DA:111,0
DA:206,0
DA:207,0
DA:209,0
DA:226,0
DA:233,0
DA:234,0
DA:235,0
DA:237,0
DA:239,0
DA:295,0
LF:21
LH:0
BRDA:119,0,0,0
BRDA:137,1,0,0
BRDA:206,2,0,0
BRDA:206,2,1,0
BRDA:234,3,0,0
BRDA:234,3,1,0
BRDA:251,4,0,0
BRDA:264,5,0,0
BRDA:278,6,0,0
BRDA:294,7,0,0
BRDA:308,8,0,0
BRDA:308,8,1,0
BRDA:312,9,0,0
BRDA:313,10,0,0
BRDA:313,10,1,0
BRDA:339,11,0,0
BRDA:391,12,0,0
BRDA:396,13,0,0
BRF:18
BRH:0
end_of_record
TN:
SF:app/gdpr/page.tsx
FN:9,GDPRPage
FNF:1
FNH:0
FNDA:0,GDPRPage
DA:2,0
DA:4,0
DA:9,0
LF:3
LH:0
BRF:0
BRH:0
end_of_record
TN:
SF:app/integrations/page.tsx
FN:78,IntegrationsPage
FN:86,(anonymous_2)
FN:91,(anonymous_3)
FN:103,(anonymous_4)
FN:109,(anonymous_5)
FN:110,(anonymous_6)
FN:114,(anonymous_7)
FN:120,(anonymous_8)
FN:121,(anonymous_9)
FN:125,(anonymous_10)
FN:130,(anonymous_11)
FN:140,(anonymous_12)
FN:190,(anonymous_13)
FN:197,(anonymous_14)
FN:214,(anonymous_15)
FN:220,(anonymous_16)
FN:237,(anonymous_17)
FN:258,(anonymous_18)
FN:267,(anonymous_19)
FN:284,(anonymous_20)
FN:315,(anonymous_21)
FN:324,(anonymous_22)
FN:360,(anonymous_23)
FN:397,(anonymous_24)
FN:408,getIntegrationDescription
FNF:25
FNH:0
FNDA:0,IntegrationsPage
FNDA:0,(anonymous_2)
FNDA:0,(anonymous_3)
FNDA:0,(anonymous_4)
FNDA:0,(anonymous_5)
FNDA:0,(anonymous_6)
FNDA:0,(anonymous_7)
FNDA:0,(anonymous_8)
FNDA:0,(anonymous_9)
FNDA:0,(anonymous_10)
FNDA:0,(anonymous_11)
FNDA:0,(anonymous_12)
FNDA:0,(anonymous_13)
FNDA:0,(anonymous_14)
FNDA:0,(anonymous_15)
FNDA:0,(anonymous_16)
FNDA:0,(anonymous_17)
FNDA:0,(anonymous_18)
FNDA:0,(anonymous_19)
FNDA:0,(anonymous_20)
FNDA:0,(anonymous_21)
FNDA:0,(anonymous_22)
FNDA:0,(anonymous_23)
FNDA:0,(anonymous_24)
FNDA:0,getIntegrationDescription
DA:3,0
DA:4,0
DA:5,0
DA:31,0
DA:48,0
DA:50,0
DA:54,0
DA:66,0
DA:78,0
DA:79,0
DA:80,0
DA:81,0
DA:82,0
DA:84,0
DA:86,0
DA:89,0
DA:92,0
DA:93,0
DA:94,0
DA:97,0
DA:98,0
DA:100,0
DA:104,0
DA:108,0
DA:109,0
DA:111,0
DA:112,0
DA:115,0
DA:119,0
DA:120,0
DA:122,0
DA:123,0
DA:126,0
DA:130,0
DA:131,0
DA:132,0
DA:133,0
DA:140,0
DA:141,0
DA:143,0
DA:149,0
DA:154,0
DA:158,0
DA:162,0
DA:191,0
DA:192,0
DA:197,0
DA:215,0
DA:220,0
DA:237,0
DA:258,0
DA:268,0
DA:285,0
DA:286,0
DA:315,0
DA:325,0
DA:326,0
DA:361,0
DA:397,0
DA:409,0
DA:421,0
LF:61
LH:0
BRDA:97,0,0,0
BRDA:97,0,1,0
BRDA:141,1,0,0
BRDA:141,1,1,0
BRDA:141,1,2,0
BRDA:141,1,3,0
BRDA:141,1,4,0
BRDA:189,2,0,0
BRDA:215,3,0,0
BRDA:215,3,1,0
BRDA:235,4,0,0
BRDA:241,5,0,0
BRDA:241,5,1,0
BRDA:266,6,0,0
BRDA:285,7,0,0
BRDA:285,7,1,0
BRDA:297,8,0,0
BRDA:297,8,1,0
BRDA:325,9,0,0
BRDA:341,10,0,0
BRDA:346,11,0,0
BRDA:358,12,0,0
BRDA:369,13,0,0
BRDA:388,14,0,0
BRDA:388,14,1,0
BRDA:392,15,0,0
BRDA:392,15,1,0
BRDA:396,16,0,0
BRDA:421,17,0,0
BRDA:421,17,1,0
BRF:30
BRH:0
end_of_record
TN:
SF:app/preview/[id]/page.tsx
FN:8,PreviewPage
FN:16,(anonymous_2)
FN:21,(anonymous_3)
FN:26,(anonymous_4)
FN:120,(anonymous_5)
FN:121,(anonymous_6)
FNF:6
FNH:0
FNDA:0,PreviewPage
FNDA:0,(anonymous_2)
FNDA:0,(anonymous_3)
FNDA:0,(anonymous_4)
FNDA:0,(anonymous_5)
FNDA:0,(anonymous_6)
DA:3,0
DA:4,0
DA:5,0
DA:6,0
DA:8,0
DA:9,0
DA:10,0
DA:11,0
DA:14,0
DA:16,0
DA:17,0
DA:18,0
DA:21,0
DA:22,0
DA:24,0
DA:25,0
DA:26,0
DA:27,0
DA:28,0
DA:29,0
DA:30,0
DA:35,0
DA:46,0
DA:116,0
DA:121,0
LF:25
LH:0
BRDA:24,0,0,0
BRDA:35,1,0,0
BRDA:46,2,0,0
BRDA:86,3,0,0
BRDA:123,4,0,0
BRDA:123,4,1,0
BRDA:125,5,0,0
BRDA:125,5,1,0
BRDA:129,6,0,0
BRDA:129,6,1,0
BRDA:139,7,0,0
BRDA:139,7,1,0
BRF:12
BRH:0
end_of_record
TN:
SF:app/test-form/page.tsx
FN:5,TestFormPage
FN:13,(anonymous_2)
FN:59,(anonymous_3)
FNF:3
FNH:0
FNDA:0,TestFormPage
FNDA:0,(anonymous_2)
FNDA:0,(anonymous_3)
DA:3,0
DA:5,0
DA:6,0
DA:7,0
DA:13,0
DA:14,0
DA:16,0
DA:19,0
DA:20,0
DA:21,0
DA:22,0
DA:25,0
DA:28,0
DA:29,0
DA:30,0
DA:43,0
DA:45,0
DA:46,0
DA:47,0
DA:49,0
DA:52,0
DA:54,0
DA:55,0
DA:59,0
DA:60,0
DA:66,0
LF:26
LH:0
BRDA:19,0,0,0
BRDA:19,1,0,0
BRDA:19,1,1,0
BRDA:45,2,0,0
BRDA:45,2,1,0
BRDA:66,3,0,0
BRF:6
BRH:0
end_of_record
TN:
SF:components/analytics/analytics-dashboard.tsx
FN:89,AnalyticsDashboard
FN:102,(anonymous_2)
FN:146,(anonymous_3)
FN:151,(anonymous_4)
FN:158,(anonymous_5)
FN:196,(anonymous_6)
FN:287,(anonymous_7)
FN:319,(anonymous_8)
FN:350,(anonymous_9)
FNF:9
FNH:0
FNDA:0,AnalyticsDashboard
FNDA:0,(anonymous_2)
FNDA:0,(anonymous_3)
FNDA:0,(anonymous_4)
FNDA:0,(anonymous_5)
FNDA:0,(anonymous_6)
FNDA:0,(anonymous_7)
FNDA:0,(anonymous_8)
FNDA:0,(anonymous_9)
DA:3,0
DA:21,0
DA:31,0
DA:32,0
DA:34,0
DA:47,0
DA:89,0
DA:90,0
DA:91,0
DA:92,0
DA:93,0
DA:94,0
DA:95,0
DA:99,0
DA:100,0
DA:102,0
DA:103,0
DA:104,0
DA:105,0
DA:108,0
DA:114,0
DA:117,0
DA:123,0
DA:126,0
DA:132,0
DA:134,0
DA:135,0
DA:141,0
DA:142,0
DA:146,0
DA:147,0
DA:151,0
DA:152,0
DA:153,0
DA:154,0
DA:155,0
DA:158,0
DA:160,0
DA:161,0
DA:171,0
DA:172,0
DA:173,0
DA:174,0
DA:175,0
DA:176,0
DA:177,0
DA:180,0
DA:196,0
DA:288,0
DA:291,0
DA:320,0
DA:351,0
LF:52
LH:0
BRDA:102,0,0,0
BRDA:104,1,0,0
BRDA:104,1,1,0
BRDA:123,2,0,0
BRDA:123,2,1,0
BRDA:132,3,0,0
BRDA:132,3,1,0
BRDA:152,4,0,0
BRDA:162,5,0,0
BRDA:162,5,1,0
BRDA:163,6,0,0
BRDA:163,6,1,0
BRDA:164,7,0,0
BRDA:164,7,1,0
BRDA:165,8,0,0
BRDA:165,8,1,0
BRDA:166,9,0,0
BRDA:166,9,1,0
BRDA:167,10,0,0
BRDA:167,10,1,0
BRDA:168,11,0,0
BRDA:168,11,1,0
BRDA:180,12,0,0
BRDA:199,13,0,0
BRDA:199,13,1,0
BRDA:225,14,0,0
BRDA:225,14,1,0
BRDA:227,15,0,0
BRDA:227,15,1,0
BRDA:227,16,0,0
BRDA:227,16,1,0
BRDA:240,17,0,0
BRDA:240,17,1,0
BRDA:242,18,0,0
BRDA:242,18,1,0
BRDA:256,19,0,0
BRDA:256,19,1,0
BRDA:269,20,0,0
BRDA:269,20,1,0
BRDA:273,21,0,0
BRDA:273,21,1,0
BRDA:279,22,0,0
BRDA:279,22,1,0
BRDA:288,23,0,0
BRDA:288,23,1,0
BRDA:295,24,0,0
BRDA:295,24,1,0
BRDA:311,25,0,0
BRDA:311,25,1,0
BRDA:350,26,0,0
BRDA:359,27,0,0
BRDA:396,28,0,0
BRF:52
BRH:0
end_of_record
TN:
SF:components/blocks/address-block.tsx
FN:9,AddressBlock
FNF:1
FNH:1
FNDA:2,AddressBlock
DA:9,3
DA:10,2
DA:11,2
LF:3
LH:3
BRDA:10,0,0,2
BRDA:10,0,1,2
BRDA:11,1,0,2
BRDA:11,1,1,2
BRDA:17,2,0,2
BRDA:19,3,0,2
BRDA:25,4,0,1
BRDA:25,4,1,1
BRDA:26,5,0,0
BRDA:26,5,1,2
BRDA:29,6,0,2
BRDA:34,7,0,1
BRDA:34,7,1,1
BRDA:35,8,0,0
BRDA:35,8,1,2
BRDA:44,9,0,1
BRDA:44,9,1,1
BRDA:45,10,0,0
BRDA:45,10,1,2
BRDA:52,11,0,1
BRDA:52,11,1,1
BRDA:53,12,0,0
BRDA:53,12,1,2
BRDA:62,13,0,1
BRDA:62,13,1,1
BRDA:63,14,0,0
BRDA:63,14,1,2
BRDA:68,15,0,1
BRDA:68,15,1,1
BRDA:69,16,0,0
BRDA:69,16,1,2
BRF:31
BRH:25
end_of_record
TN:
SF:components/blocks/checkbox-group-block.tsx
FN:7,CheckboxGroupBlock
FN:17,(anonymous_2)
FN:30,(anonymous_3)
FN:32,(anonymous_4)
FN:43,(anonymous_5)
FN:54,(anonymous_6)
FNF:6
FNH:2
FNDA:2,CheckboxGroupBlock
FNDA:0,(anonymous_2)
FNDA:0,(anonymous_3)
FNDA:0,(anonymous_4)
FNDA:0,(anonymous_5)
FNDA:6,(anonymous_6)
DA:3,2
DA:5,2
DA:7,3
DA:8,2
DA:9,2
DA:11,2
DA:17,2
DA:18,0
DA:19,0
DA:30,0
DA:33,0
DA:34,0
DA:43,0
DA:55,6
LF:14
LH:8
BRDA:9,0,0,2
BRDA:9,0,1,0
BRDA:11,1,0,2
BRDA:11,1,1,2
BRDA:23,2,0,1
BRDA:23,2,1,1
BRDA:27,3,0,0
BRDA:33,4,0,0
BRDA:45,5,0,2
BRDA:45,5,1,0
BRDA:46,6,0,2
BRDA:49,7,0,2
BRDA:68,8,0,2
BRF:13
BRH:9
end_of_record
TN:
SF:components/blocks/currency-block.tsx
FN:9,CurrencyBlock
FNF:1
FNH:1
FNDA:2,CurrencyBlock
DA:9,3
DA:10,2
DA:11,2
DA:12,2
DA:13,2
DA:14,2
LF:6
LH:6
BRDA:10,0,0,2
BRDA:10,0,1,2
BRDA:11,1,0,2
BRDA:11,1,1,2
BRDA:12,2,0,2
BRDA:12,2,1,2
BRDA:20,3,0,2
BRDA:22,4,0,2
BRDA:34,5,0,1
BRDA:34,5,1,1
BRDA:35,6,0,0
BRDA:35,6,1,2
BRF:12
BRH:11
end_of_record
TN:
SF:components/blocks/date-block.tsx
FN:8,DateBlock
FN:12,(anonymous_2)
FN:25,(anonymous_3)
FN:27,(anonymous_4)
FN:39,(anonymous_5)
FN:57,(anonymous_6)
FN:58,(anonymous_7)
FNF:7
FNH:5
FNDA:32,DateBlock
FNDA:1,(anonymous_2)
FNDA:18,(anonymous_3)
FNDA:18,(anonymous_4)
FNDA:1,(anonymous_5)
FNDA:0,(anonymous_6)
FNDA:0,(anonymous_7)
DA:3,3
DA:4,3
DA:6,3
DA:8,13
DA:9,32
DA:10,32
DA:12,32
DA:13,1
DA:14,1
DA:25,18
DA:28,18
DA:29,1
DA:39,1
DA:57,0
DA:58,0
LF:15
LH:13
BRDA:10,0,0,32
BRDA:10,0,1,1
BRDA:18,1,0,2
BRDA:18,1,1,30
BRDA:22,2,0,19
BRDA:28,3,0,1
BRDA:41,4,0,13
BRDA:41,4,1,1
BRDA:42,5,0,13
BRDA:45,6,0,32
BRDA:57,7,0,32
BRDA:57,7,1,31
BRDA:58,8,0,32
BRDA:58,8,1,31
BRDA:61,9,0,32
BRF:15
BRH:15
end_of_record
TN:
SF:components/blocks/dropdown-block.tsx
FN:10,DropdownBlock
FN:33,(anonymous_2)
FNF:2
FNH:1
FNDA:2,DropdownBlock
FNDA:0,(anonymous_2)
DA:1,2
DA:10,2
DA:11,2
DA:12,2
DA:13,2
DA:34,0
LF:6
LH:5
BRDA:11,0,0,2
BRDA:11,0,1,2
BRDA:12,1,0,2
BRDA:12,1,1,2
BRDA:13,2,0,2
BRDA:13,2,1,2
BRDA:19,3,0,2
BRDA:21,4,0,2
BRDA:25,5,0,1
BRDA:25,5,1,1
BRDA:26,6,0,0
BRDA:26,6,1,2
BRDA:34,7,0,0
BRDA:34,7,1,0
BRDA:41,8,0,2
BRF:15
BRH:12
end_of_record
TN:
SF:components/blocks/email-block.tsx
FN:8,EmailBlock
FN:12,(anonymous_2)
FN:25,(anonymous_3)
FN:27,(anonymous_4)
FN:39,(anonymous_5)
FNF:5
FNH:5
FNDA:37,EmailBlock
FNDA:1,(anonymous_2)
FNDA:25,(anonymous_3)
FNDA:25,(anonymous_4)
FNDA:1,(anonymous_5)
DA:3,3
DA:4,3
DA:6,3
DA:8,11
DA:9,37
DA:10,37
DA:12,37
DA:13,1
DA:14,1
DA:25,25
DA:28,25
DA:29,1
DA:39,1
LF:13
LH:13
BRDA:10,0,0,37
BRDA:10,0,1,0
BRDA:18,1,0,2
BRDA:18,1,1,35
BRDA:22,2,0,26
BRDA:28,3,0,1
BRDA:41,4,0,11
BRDA:41,4,1,0
BRDA:42,5,0,11
BRDA:45,6,0,37
BRDA:54,7,0,37
BRDA:54,7,1,3
BRDA:59,8,0,37
BRF:13
BRH:11
end_of_record
TN:
SF:components/blocks/file-upload-block.tsx
FN:10,FileUploadBlock
FNF:1
FNH:1
FNDA:2,FileUploadBlock
DA:1,2
DA:10,3
DA:11,2
DA:12,2
DA:13,2
DA:14,2
LF:6
LH:6
BRDA:11,0,0,2
BRDA:11,0,1,2
BRDA:12,1,0,2
BRDA:12,1,1,2
BRDA:13,2,0,2
BRDA:13,2,1,2
BRDA:20,3,0,2
BRDA:22,4,0,2
BRDA:25,5,0,1
BRDA:25,5,1,1
BRDA:26,6,0,0
BRDA:26,6,1,2
BRDA:30,7,0,0
BRDA:30,7,1,2
BRDA:35,8,0,2
BRDA:35,8,1,0
BRDA:36,9,0,2
BRDA:36,9,1,0
BRDA:36,9,2,0
BRDA:37,10,0,2
BRDA:37,10,1,2
BRDA:38,11,0,2
BRDA:38,11,1,0
BRF:23
BRH:17
end_of_record
TN:
SF:components/blocks/index.tsx
FNF:0
FNH:0
DA:1,2
DA:2,2
DA:3,2
DA:4,2
DA:5,2
DA:6,2
DA:7,2
DA:8,2
DA:9,2
DA:10,2
DA:11,2
DA:12,2
DA:13,2
DA:14,2
DA:15,2
DA:16,2
DA:17,2
DA:18,2
DA:19,2
DA:20,2
DA:21,2
DA:22,2
DA:49,67
LF:23
LH:23
BRF:0
BRH:0
end_of_record
TN:
SF:components/blocks/long-text-block.tsx
FN:7,LongTextBlock
FN:11,(anonymous_2)
FN:24,(anonymous_3)
FN:26,(anonymous_4)
FN:38,(anonymous_5)
FNF:5
FNH:1
FNDA:2,LongTextBlock
FNDA:0,(anonymous_2)
FNDA:0,(anonymous_3)
FNDA:0,(anonymous_4)
FNDA:0,(anonymous_5)
DA:3,2
DA:5,2
DA:7,3
DA:8,2
DA:9,2
DA:11,2
DA:12,0
DA:13,0
DA:24,0
DA:27,0
DA:28,0
DA:38,0
LF:12
LH:6
BRDA:9,0,0,2
BRDA:9,0,1,0
BRDA:17,1,0,1
BRDA:17,1,1,1
BRDA:21,2,0,0
BRDA:27,3,0,0
BRDA:40,4,0,2
BRDA:40,4,1,0
BRDA:41,5,0,2
BRDA:44,6,0,2
BRDA:50,7,0,2
BRDA:50,7,1,2
BRDA:55,8,0,2
BRF:13
BRH:9
end_of_record
TN:
SF:components/blocks/matrix-block.tsx
FN:9,MatrixBlock
FN:32,(anonymous_2)
FN:40,(anonymous_3)
FN:43,(anonymous_4)
FNF:4
FNH:4
FNDA:2,MatrixBlock
FNDA:4,(anonymous_2)
FNDA:4,(anonymous_3)
FNDA:8,(anonymous_4)
DA:9,2
DA:10,2
DA:14,2
DA:18,2
DA:33,4
DA:41,4
DA:44,8
LF:7
LH:7
BRDA:10,0,0,2
BRDA:10,0,1,2
BRDA:14,1,0,2
BRDA:14,1,1,2
BRDA:18,2,0,2
BRDA:18,2,1,2
BRDA:24,3,0,2
BRDA:26,4,0,2
BRDA:46,5,0,0
BRDA:46,5,1,8
BRDA:47,6,0,0
BRDA:47,6,1,8
BRDA:49,7,0,0
BRDA:49,7,1,8
BRDA:51,8,0,0
BRDA:51,8,1,8
BRF:16
BRH:12
end_of_record
TN:
SF:components/blocks/multi-select-block.tsx
FN:9,MultiSelectBlock
FN:32,(anonymous_2)
FNF:2
FNH:1
FNDA:2,MultiSelectBlock
FNDA:0,(anonymous_2)
DA:9,3
DA:10,2
DA:11,2
DA:12,2
DA:13,2
DA:33,0
LF:6
LH:5
BRDA:10,0,0,2
BRDA:10,0,1,2
BRDA:11,1,0,2
BRDA:11,1,1,2
BRDA:19,2,0,2
BRDA:21,3,0,2
BRDA:22,4,0,2
BRDA:22,4,1,2
BRDA:24,5,0,0
BRDA:24,5,1,0
BRDA:24,6,0,0
BRDA:24,6,1,0
BRDA:26,7,0,0
BRDA:26,7,1,0
BRDA:27,8,0,0
BRDA:27,8,1,0
BRDA:28,9,0,0
BRDA:28,9,1,0
BRDA:31,10,0,0
BRDA:31,10,1,2
BRDA:38,11,0,0
BRDA:38,11,1,0
BRDA:33,12,0,0
BRDA:33,12,1,0
BRF:24
BRH:9
end_of_record
TN:
SF:components/blocks/nps-block.tsx
FN:9,NPSBlock
FN:22,(anonymous_2)
FNF:2
FNH:2
FNDA:2,NPSBlock
FNDA:22,(anonymous_2)
DA:9,3
DA:10,2
DA:11,2
DA:23,22
LF:4
LH:4
BRDA:10,0,0,2
BRDA:10,0,1,2
BRDA:11,1,0,2
BRDA:11,1,1,2
BRDA:17,2,0,2
BRDA:19,3,0,2
BRDA:27,4,0,0
BRDA:27,4,1,22
BRDA:30,5,0,11
BRDA:30,5,1,11
BRF:10
BRH:9
end_of_record
TN:
SF:components/blocks/number-block.tsx
FN:9,NumberBlock
FNF:1
FNH:1
FNDA:13,NumberBlock
DA:9,14
DA:10,13
DA:11,13
DA:12,13
DA:13,13
LF:5
LH:5
BRDA:10,0,0,13
BRDA:10,0,1,13
BRDA:13,1,0,13
BRDA:13,1,1,13
BRDA:19,2,0,13
BRDA:21,3,0,13
BRDA:29,4,0,2
BRDA:29,4,1,11
BRDA:30,5,0,0
BRDA:30,5,1,13
BRF:10
BRH:9
end_of_record
TN:
SF:components/blocks/payment-block.tsx
FN:10,PaymentBlock
FNF:1
FNH:1
FNDA:2,PaymentBlock
DA:1,2
DA:10,2
DA:11,2
DA:12,2
DA:13,2
DA:14,2
LF:6
LH:6
BRDA:11,0,0,2
BRDA:11,0,1,2
BRDA:12,1,0,2
BRDA:12,1,1,2
BRDA:13,2,0,2
BRDA:13,2,1,2
BRDA:14,3,0,2
BRDA:14,3,1,2
BRDA:20,4,0,2
BRDA:22,5,0,2
BRDA:33,6,0,2
BRDA:43,7,0,1
BRDA:43,7,1,1
BRDA:44,8,0,0
BRDA:44,8,1,2
BRDA:56,9,0,1
BRDA:56,9,1,1
BRDA:57,10,0,0
BRDA:57,10,1,2
BRDA:64,11,0,1
BRDA:64,11,1,1
BRDA:65,12,0,0
BRDA:65,12,1,2
BRF:23
BRH:20
end_of_record
TN:
SF:components/blocks/phone-block.tsx
FN:9,PhoneBlock
FNF:1
FNH:1
FNDA:2,PhoneBlock
DA:9,3
DA:10,2
DA:11,2
LF:3
LH:3
BRDA:10,0,0,2
BRDA:10,0,1,2
BRDA:11,1,0,2
BRDA:11,1,1,2
BRDA:17,2,0,2
BRDA:19,3,0,2
BRDA:24,4,0,1
BRDA:24,4,1,1
BRDA:25,5,0,0
BRDA:25,5,1,2
BRF:10
BRH:9
end_of_record
TN:
SF:components/blocks/ranking-block.tsx
FN:10,RankingBlock
FN:26,(anonymous_2)
FNF:2
FNH:2
FNDA:2,RankingBlock
FNDA:6,(anonymous_2)
DA:1,2
DA:10,2
DA:11,2
DA:27,6
LF:4
LH:4
BRDA:11,0,0,2
BRDA:11,0,1,2
BRDA:21,1,0,2
BRDA:23,2,0,2
BRDA:30,3,0,3
BRDA:30,3,1,3
BRDA:31,4,0,0
BRDA:31,4,1,6
BRF:8
BRH:7
end_of_record
TN:
SF:components/blocks/rating-block.tsx
FN:10,RatingBlock
FN:23,(anonymous_2)
FNF:2
FNH:2
FNDA:2,RatingBlock
FNDA:10,(anonymous_2)
DA:1,2
DA:10,3
DA:11,2
DA:12,2
DA:13,2
DA:24,10
LF:6
LH:6
BRDA:11,0,0,2
BRDA:11,0,1,2
BRDA:12,1,0,2
BRDA:12,1,1,2
BRDA:13,2,0,2
BRDA:13,2,1,2
BRDA:19,3,0,2
BRDA:21,4,0,2
BRDA:28,5,0,0
BRDA:28,5,1,10
BRF:10
BRH:9
end_of_record
TN:
SF:components/blocks/scale-block.tsx
FN:9,ScaleBlock
FNF:1
FNH:1
FNDA:2,ScaleBlock
DA:9,3
DA:10,2
DA:11,2
DA:12,2
DA:13,2
DA:14,2
DA:16,2
LF:7
LH:7
BRDA:10,0,0,2
BRDA:10,0,1,2
BRDA:11,1,0,2
BRDA:11,1,1,2
BRDA:12,2,0,2
BRDA:12,2,1,2
BRDA:13,3,0,2
BRDA:13,3,1,2
BRDA:14,4,0,2
BRDA:14,4,1,2
BRDA:22,5,0,2
BRDA:24,6,0,2
BRDA:33,7,0,0
BRDA:33,7,1,2
BRDA:37,8,0,2
BRDA:44,9,0,2
BRF:16
BRH:15
end_of_record
TN:
SF:components/blocks/select-block.tsx
FN:7,SelectBlock
FN:17,(anonymous_2)
FN:30,(anonymous_3)
FN:32,(anonymous_4)
FN:44,(anonymous_5)
FN:59,(anonymous_6)
FNF:6
FNH:6
FNDA:31,SelectBlock
FNDA:1,(anonymous_2)
FNDA:19,(anonymous_3)
FNDA:19,(anonymous_4)
FNDA:1,(anonymous_5)
FNDA:93,(anonymous_6)
DA:3,3
DA:5,3
DA:7,11
DA:8,31
DA:9,31
DA:11,31
DA:17,31
DA:18,1
DA:19,1
DA:30,19
DA:33,19
DA:34,1
DA:44,1
DA:60,93
LF:14
LH:14
BRDA:9,0,0,31
BRDA:9,0,1,1
BRDA:11,1,0,31
BRDA:11,1,1,3
BRDA:23,2,0,2
BRDA:23,2,1,29
BRDA:27,3,0,20
BRDA:33,4,0,1
BRDA:46,5,0,11
BRDA:46,5,1,1
BRDA:47,6,0,11
BRDA:50,7,0,31
BRDA:56,8,0,31
BRDA:56,8,1,2
BRDA:66,9,0,31
BRF:15
BRH:15
end_of_record
TN:
SF:components/blocks/short-text-block.tsx
FN:7,ShortTextBlock
FN:11,(anonymous_2)
FN:24,(anonymous_3)
FN:26,(anonymous_4)
FN:38,(anonymous_5)
FNF:5
FNH:5
FNDA:50,ShortTextBlock
FNDA:2,(anonymous_2)
FNDA:33,(anonymous_3)
FNDA:32,(anonymous_4)
FNDA:3,(anonymous_5)
DA:3,3
DA:5,3
DA:7,13
DA:8,50
DA:9,50
DA:11,50
DA:12,2
DA:13,2
DA:24,33
DA:27,32
DA:28,1
DA:38,3
LF:12
LH:12
BRDA:9,0,0,50
BRDA:9,0,1,1
BRDA:17,1,0,2
BRDA:17,1,1,48
BRDA:21,2,0,36
BRDA:27,3,0,1
BRDA:40,4,0,14
BRDA:40,4,1,1
BRDA:41,5,0,14
BRDA:44,6,0,50
BRDA:51,7,0,50
BRDA:51,7,1,3
BRDA:55,8,0,50
BRF:13
BRH:13
end_of_record
TN:
SF:components/blocks/signature-block.tsx
FN:10,SignatureBlock
FNF:1
FNH:1
FNDA:2,SignatureBlock
DA:1,2
DA:10,2
LF:2
LH:2
BRDA:15,0,0,2
BRDA:17,1,0,2
BRDA:20,2,0,1
BRDA:20,2,1,1
BRDA:21,3,0,0
BRDA:21,3,1,2
BRDA:36,4,0,0
BRDA:36,4,1,2
BRF:8
BRH:6
end_of_record
TN:
SF:components/blocks/single-select-block.tsx
FN:9,SingleSelectBlock
FN:21,(anonymous_2)
FNF:2
FNH:1
FNDA:2,SingleSelectBlock
FNDA:0,(anonymous_2)
DA:9,3
DA:10,2
DA:11,2
DA:22,0
LF:4
LH:3
BRDA:10,0,0,2
BRDA:10,0,1,2
BRDA:11,1,0,2
BRDA:11,1,1,2
BRDA:17,2,0,2
BRDA:19,3,0,2
BRDA:20,4,0,0
BRDA:20,4,1,2
BRDA:28,5,0,0
BRDA:28,5,1,0
BRDA:22,6,0,0
BRDA:22,6,1,0
BRF:12
BRH:7
end_of_record
TN:
SF:components/blocks/statement-block.tsx
FN:9,StatementBlock
FNF:1
FNH:1
FNDA:2,StatementBlock
DA:9,2
DA:10,2
DA:11,2
LF:3
LH:3
BRDA:10,0,0,2
BRDA:10,0,1,2
BRDA:11,1,0,2
BRDA:11,1,1,2
BRDA:16,2,0,1
BRDA:16,2,1,1
BRDA:21,3,0,0
BRDA:21,3,1,2
BRDA:21,4,0,0
BRDA:21,4,1,2
BRF:10
BRH:8
end_of_record
TN:
SF:components/builder/block-inspector.tsx
FN:24,BlockInspector
FN:29,(anonymous_2)
FN:30,(anonymous_3)
FN:48,(anonymous_4)
FN:60,(anonymous_5)
FN:70,(anonymous_6)
FN:81,(anonymous_7)
FN:85,(anonymous_8)
FN:98,(anonymous_9)
FN:123,(anonymous_10)
FN:160,(anonymous_11)
FN:180,(anonymous_12)
FN:199,(anonymous_13)
FN:212,(anonymous_14)
FNF:14
FNH:0
FNDA:0,BlockInspector
FNDA:0,(anonymous_2)
FNDA:0,(anonymous_3)
FNDA:0,(anonymous_4)
FNDA:0,(anonymous_5)
FNDA:0,(anonymous_6)
FNDA:0,(anonymous_7)
FNDA:0,(anonymous_8)
FNDA:0,(anonymous_9)
FNDA:0,(anonymous_10)
FNDA:0,(anonymous_11)
FNDA:0,(anonymous_12)
FNDA:0,(anonymous_13)
FNDA:0,(anonymous_14)
DA:15,0
DA:16,0
DA:17,0
DA:24,0
DA:25,0
DA:29,0
DA:30,0
DA:31,0
DA:34,0
DA:48,0
DA:60,0
DA:70,0
DA:82,0
DA:86,0
DA:87,0
DA:88,0
DA:99,0
DA:104,0
DA:123,0
DA:160,0
DA:180,0
DA:199,0
DA:212,0
LF:23
LH:0
BRDA:31,0,0,0
BRDA:34,1,0,0
BRDA:47,2,0,0
BRDA:47,2,1,0
BRDA:59,3,0,0
BRDA:59,3,1,0
BRDA:69,4,0,0
BRDA:69,4,1,0
BRDA:77,5,0,0
BRDA:77,5,1,0
BRDA:81,6,0,0
BRDA:81,6,1,0
BRDA:86,7,0,0
BRDA:86,7,1,0
BRDA:101,8,0,0
BRDA:101,8,1,0
BRDA:102,9,0,0
BRDA:102,9,1,0
BRDA:105,10,0,0
BRDA:105,10,1,0
BRDA:122,11,0,0
BRDA:122,11,1,0
BRDA:179,12,0,0
BRDA:179,12,1,0
BRDA:198,13,0,0
BRDA:198,13,1,0
BRDA:211,14,0,0
BRDA:211,14,1,0
BRF:28
BRH:0
end_of_record
TN:
SF:components/builder/block-item.tsx
FN:27,BlockItem
FN:64,(anonymous_2)
FN:82,(anonymous_3)
FN:92,(anonymous_4)
FN:98,(anonymous_5)
FN:102,(anonymous_6)
FN:109,(anonymous_7)
FNF:7
FNH:0
FNDA:0,BlockItem
FNDA:0,(anonymous_2)
FNDA:0,(anonymous_3)
FNDA:0,(anonymous_4)
FNDA:0,(anonymous_5)
FNDA:0,(anonymous_6)
FNDA:0,(anonymous_7)
DA:3,0
DA:4,0
DA:13,0
DA:14,0
DA:15,0
DA:16,0
DA:17,0
DA:19,0
DA:27,0
DA:29,0
DA:31,0
DA:41,0
DA:47,0
DA:48,0
DA:64,0
DA:82,0
DA:92,0
DA:98,0
DA:102,0
DA:109,0
LF:20
LH:0
BRDA:44,0,0,0
BRDA:44,0,1,0
BRDA:58,1,0,0
BRDA:58,1,1,0
BRDA:62,2,0,0
BRDA:62,2,1,0
BRDA:79,3,0,0
BRF:7
BRH:0
end_of_record
TN:
SF:components/builder/block-library.tsx
FN:76,BlockLibrary
FN:80,(anonymous_2)
FN:98,(anonymous_3)
FN:121,(anonymous_4)
FN:126,(anonymous_5)
FN:127,(anonymous_6)
FN:138,(anonymous_7)
FNF:7
FNH:0
FNDA:0,BlockLibrary
FNDA:0,(anonymous_2)
FNDA:0,(anonymous_3)
FNDA:0,(anonymous_4)
FNDA:0,(anonymous_5)
FNDA:0,(anonymous_6)
FNDA:0,(anonymous_7)
DA:3,0
DA:4,0
DA:33,0
DA:34,0
DA:35,0
DA:37,0
DA:39,0
DA:65,0
DA:76,0
DA:77,0
DA:78,0
DA:80,0
DA:81,0
DA:83,0
DA:84,0
DA:91,0
DA:98,0
DA:122,0
DA:126,0
DA:128,0
DA:129,0
DA:138,0
LF:22
LH:0
BRDA:81,0,0,0
BRDA:81,1,0,0
BRDA:81,1,1,0
BRF:3
BRH:0
end_of_record
TN:
SF:components/builder/block-settings.tsx
FN:26,BlockSettings
FN:39,(anonymous_2)
FN:39,(anonymous_3)
FN:54,(anonymous_4)
FN:79,(anonymous_5)
FN:89,(anonymous_6)
FN:100,(anonymous_7)
FN:113,(anonymous_8)
FN:132,(anonymous_9)
FN:149,(anonymous_10)
FN:179,(anonymous_11)
FN:213,(anonymous_12)
FN:224,(anonymous_13)
FN:258,(anonymous_14)
FN:272,(anonymous_15)
FN:285,(anonymous_16)
FN:307,(anonymous_17)
FN:311,(anonymous_18)
FN:321,(anonymous_19)
FN:323,(anonymous_20)
FN:336,(anonymous_21)
FN:361,(anonymous_22)
FN:387,(anonymous_23)
FN:404,(anonymous_24)
FN:427,(anonymous_25)
FN:440,(anonymous_26)
FN:453,(anonymous_27)
FN:465,(anonymous_28)
FN:477,(anonymous_29)
FN:496,(anonymous_30)
FN:514,(anonymous_31)
FN:534,(anonymous_32)
FN:546,(anonymous_33)
FN:565,(anonymous_34)
FN:566,(anonymous_35)
FN:568,(anonymous_36)
FN:593,(anonymous_37)
FN:594,(anonymous_38)
FN:596,(anonymous_39)
FN:626,(anonymous_40)
FN:627,(anonymous_41)
FN:629,(anonymous_42)
FN:654,(anonymous_43)
FN:655,(anonymous_44)
FN:657,(anonymous_45)
FN:685,(anonymous_46)
FNF:46
FNH:0
FNDA:0,BlockSettings
FNDA:0,(anonymous_2)
FNDA:0,(anonymous_3)
FNDA:0,(anonymous_4)
FNDA:0,(anonymous_5)
FNDA:0,(anonymous_6)
FNDA:0,(anonymous_7)
FNDA:0,(anonymous_8)
FNDA:0,(anonymous_9)
FNDA:0,(anonymous_10)
FNDA:0,(anonymous_11)
FNDA:0,(anonymous_12)
FNDA:0,(anonymous_13)
FNDA:0,(anonymous_14)
FNDA:0,(anonymous_15)
FNDA:0,(anonymous_16)
FNDA:0,(anonymous_17)
FNDA:0,(anonymous_18)
FNDA:0,(anonymous_19)
FNDA:0,(anonymous_20)
FNDA:0,(anonymous_21)
FNDA:0,(anonymous_22)
FNDA:0,(anonymous_23)
FNDA:0,(anonymous_24)
FNDA:0,(anonymous_25)
FNDA:0,(anonymous_26)
FNDA:0,(anonymous_27)
FNDA:0,(anonymous_28)
FNDA:0,(anonymous_29)
FNDA:0,(anonymous_30)
FNDA:0,(anonymous_31)
FNDA:0,(anonymous_32)
FNDA:0,(anonymous_33)
FNDA:0,(anonymous_34)
FNDA:0,(anonymous_35)
FNDA:0,(anonymous_36)
FNDA:0,(anonymous_37)
FNDA:0,(anonymous_38)
FNDA:0,(anonymous_39)
FNDA:0,(anonymous_40)
FNDA:0,(anonymous_41)
FNDA:0,(anonymous_42)
FNDA:0,(anonymous_43)
FNDA:0,(anonymous_44)
FNDA:0,(anonymous_45)
FNDA:0,(anonymous_46)
DA:3,0
DA:21,0
DA:22,0
DA:24,0
DA:26,0
DA:27,0
DA:29,0
DA:39,0
DA:40,0
DA:54,0
DA:79,0
DA:89,0
DA:100,0
DA:114,0
DA:133,0
DA:150,0
DA:180,0
DA:214,0
DA:225,0
DA:259,0
DA:273,0
DA:286,0
DA:308,0
DA:312,0
DA:313,0
DA:314,0
DA:322,0
DA:323,0
DA:325,0
DA:337,0
DA:345,0
DA:362,0
DA:388,0
DA:405,0
DA:428,0
DA:441,0
DA:454,0
DA:466,0
DA:478,0
DA:497,0
DA:515,0
DA:535,0
DA:547,0
DA:565,0
DA:567,0
DA:568,0
DA:569,0
DA:570,0
DA:575,0
DA:576,0
DA:578,0
DA:580,0
DA:581,0
DA:583,0
DA:593,0
DA:595,0
DA:596,0
DA:597,0
DA:598,0
DA:603,0
DA:604,0
DA:606,0
DA:608,0
DA:609,0
DA:611,0
DA:626,0
DA:628,0
DA:629,0
DA:630,0
DA:631,0
DA:636,0
DA:637,0
DA:639,0
DA:641,0
DA:642,0
DA:644,0
DA:654,0
DA:656,0
DA:657,0
DA:658,0
DA:659,0
DA:664,0
DA:665,0
DA:667,0
DA:669,0
DA:670,0
DA:672,0
DA:686,0
DA:687,0
DA:688,0
DA:689,0
LF:91
LH:0
BRDA:29,0,0,0
BRDA:29,1,0,0
BRDA:29,1,1,0
BRDA:40,2,0,0
BRDA:88,3,0,0
BRDA:88,3,1,0
BRDA:99,4,0,0
BRDA:99,4,1,0
BRDA:105,5,0,0
BRDA:112,6,0,0
BRDA:112,6,1,0
BRDA:124,7,0,0
BRDA:131,8,0,0
BRDA:131,8,1,0
BRDA:143,9,0,0
BRDA:148,10,0,0
BRDA:148,10,1,0
BRDA:173,11,0,0
BRDA:178,12,0,0
BRDA:178,12,1,0
BRDA:206,13,0,0
BRDA:212,14,0,0
BRDA:212,14,1,0
BRDA:223,15,0,0
BRDA:223,15,1,0
BRDA:251,16,0,0
BRDA:257,17,0,0
BRDA:257,17,1,0
BRDA:271,18,0,0
BRDA:271,18,1,0
BRDA:284,19,0,0
BRDA:284,19,1,0
BRDA:296,20,0,0
BRDA:307,21,0,0
BRDA:307,21,1,0
BRDA:312,22,0,0
BRDA:312,22,1,0
BRDA:322,23,0,0
BRDA:322,23,1,0
BRDA:338,24,0,0
BRDA:338,24,1,0
BRDA:342,25,0,0
BRDA:342,25,1,0
BRDA:356,26,0,0
BRDA:360,27,0,0
BRDA:360,27,1,0
BRDA:379,28,0,0
BRDA:386,29,0,0
BRDA:386,29,1,0
BRDA:391,30,0,0
BRDA:391,30,1,0
BRDA:403,31,0,0
BRDA:403,31,1,0
BRDA:408,32,0,0
BRDA:408,32,1,0
BRDA:419,33,0,0
BRDA:426,34,0,0
BRDA:426,34,1,0
BRDA:439,35,0,0
BRDA:439,35,1,0
BRDA:452,36,0,0
BRDA:452,36,1,0
BRDA:464,37,0,0
BRDA:464,37,1,0
BRDA:476,38,0,0
BRDA:476,38,1,0
BRDA:488,39,0,0
BRDA:495,40,0,0
BRDA:495,40,1,0
BRDA:513,41,0,0
BRDA:513,41,1,0
BRDA:527,42,0,0
BRDA:533,43,0,0
BRDA:533,43,1,0
BRDA:545,44,0,0
BRDA:545,44,1,0
BRDA:558,45,0,0
BRDA:565,46,0,0
BRDA:565,46,1,0
BRDA:567,47,0,0
BRDA:567,47,1,0
BRDA:569,48,0,0
BRDA:569,48,1,0
BRDA:575,49,0,0
BRDA:575,49,1,0
BRDA:580,50,0,0
BRDA:593,51,0,0
BRDA:593,51,1,0
BRDA:595,52,0,0
BRDA:595,52,1,0
BRDA:597,53,0,0
BRDA:597,53,1,0
BRDA:603,54,0,0
BRDA:603,54,1,0
BRDA:608,55,0,0
BRDA:619,56,0,0
BRDA:626,57,0,0
BRDA:626,57,1,0
BRDA:628,58,0,0
BRDA:628,58,1,0
BRDA:630,59,0,0
BRDA:630,59,1,0
BRDA:636,60,0,0
BRDA:636,60,1,0
BRDA:641,61,0,0
BRDA:654,62,0,0
BRDA:654,62,1,0
BRDA:656,63,0,0
BRDA:656,63,1,0
BRDA:658,64,0,0
BRDA:658,64,1,0
BRDA:664,65,0,0
BRDA:664,65,1,0
BRDA:669,66,0,0
BRDA:684,67,0,0
BRDA:684,67,1,0
BRDA:686,68,0,0
BRDA:686,68,1,0
BRDA:687,69,0,0
BRF:119
BRH:0
end_of_record
TN:
SF:components/builder/draggable-block.tsx
FN:18,DraggableBlock
FNF:1
FNH:0
FNDA:0,DraggableBlock
DA:3,0
DA:4,0
DA:5,0
DA:18,0
DA:19,0
DA:27,0
DA:32,0
LF:7
LH:0
BRDA:29,0,0,0
BRDA:29,0,1,0
BRDA:44,1,0,0
BRDA:44,1,1,0
BRF:4
BRH:0
end_of_record
TN:
SF:components/builder/form-canvas.tsx
FN:27,FormCanvas
FN:54,(anonymous_2)
FN:58,(anonymous_3)
FN:62,(anonymous_4)
FN:99,(anonymous_5)
FN:106,(anonymous_6)
FN:116,(anonymous_7)
FN:122,(anonymous_8)
FN:135,(anonymous_9)
FN:152,(anonymous_10)
FN:165,(anonymous_11)
FN:176,(anonymous_12)
FN:213,Dropzone
FNF:13
FNH:0
FNDA:0,FormCanvas
FNDA:0,(anonymous_2)
FNDA:0,(anonymous_3)
FNDA:0,(anonymous_4)
FNDA:0,(anonymous_5)
FNDA:0,(anonymous_6)
FNDA:0,(anonymous_7)
FNDA:0,(anonymous_8)
FNDA:0,(anonymous_9)
FNDA:0,(anonymous_10)
FNDA:0,(anonymous_11)
FNDA:0,(anonymous_12)
FNDA:0,Dropzone
DA:3,0
DA:13,0
DA:18,0
DA:19,0
DA:21,0
DA:22,0
DA:24,0
DA:25,0
DA:27,0
DA:28,0
DA:29,0
DA:30,0
DA:32,0
DA:43,0
DA:54,0
DA:55,0
DA:58,0
DA:59,0
DA:62,0
DA:63,0
DA:64,0
DA:65,0
DA:67,0
DA:69,0
DA:70,0
DA:73,0
DA:74,0
DA:80,0
DA:83,0
DA:84,0
DA:87,0
DA:88,0
DA:99,0
DA:107,0
DA:116,0
DA:123,0
DA:135,0
DA:153,0
DA:165,0
DA:177,0
DA:224,0
DA:226,0
LF:42
LH:0
BRDA:43,0,0,0
BRDA:59,1,0,0
BRDA:59,1,1,0
BRDA:67,2,0,0
BRDA:73,3,0,0
BRDA:73,3,1,0
BRDA:73,4,0,0
BRDA:73,4,1,0
BRDA:83,5,0,0
BRDA:83,5,1,0
BRDA:83,6,0,0
BRDA:83,6,1,0
BRDA:87,7,0,0
BRDA:87,8,0,0
BRDA:87,8,1,0
BRDA:98,9,0,0
BRDA:98,9,1,0
BRDA:105,10,0,0
BRDA:105,10,1,0
BRDA:115,11,0,0
BRDA:115,11,1,0
BRDA:128,12,0,0
BRDA:128,12,1,0
BRDA:157,13,0,0
BRDA:198,14,0,0
BRDA:217,15,0,0
BRDA:240,16,0,0
BRDA:240,16,1,0
BRDA:241,17,0,0
BRDA:241,17,1,0
BRDA:247,18,0,0
BRDA:247,18,1,0
BRDA:249,19,0,0
BRDA:249,19,1,0
BRDA:254,20,0,0
BRF:35
BRH:0
end_of_record
TN:
SF:components/builder/preview-panel.tsx
FN:22,PreviewPanel
FN:27,(anonymous_5)
FN:33,(anonymous_6)
FN:59,(anonymous_7)
FN:67,(anonymous_8)
FN:75,(anonymous_9)
FNF:6
FNH:0
FNDA:0,PreviewPanel
FNDA:0,(anonymous_5)
FNDA:0,(anonymous_6)
FNDA:0,(anonymous_7)
FNDA:0,(anonymous_8)
FNDA:0,(anonymous_9)
DA:3,0
DA:4,0
DA:5,0
DA:6,0
DA:16,0
DA:22,0
DA:23,0
DA:24,0
DA:25,0
DA:27,0
DA:28,0
DA:29,0
DA:33,0
DA:34,0
DA:37,0
DA:59,0
DA:67,0
DA:75,0
LF:18
LH:0
BRDA:28,0,0,0
BRDA:28,1,0,0
BRDA:28,1,1,0
BRDA:41,2,0,0
BRDA:56,3,0,0
BRDA:56,3,1,0
BRDA:64,4,0,0
BRDA:64,4,1,0
BRDA:72,5,0,0
BRDA:72,5,1,0
BRDA:91,6,0,0
BRDA:91,6,1,0
BRDA:100,7,0,0
BRDA:112,8,0,0
BRDA:112,8,1,0
BRDA:115,9,0,0
BRDA:115,9,1,0
BRDA:121,10,0,0
BRDA:123,11,0,0
BRDA:123,11,1,0
BRF:20
BRH:0
end_of_record
TN:
SF:components/gdpr/gdpr-dashboard.tsx
FN:37,GDPRDashboard
FN:43,(anonymous_2)
FN:49,(anonymous_3)
FN:91,(anonymous_4)
FN:170,ComplianceCard
FN:196,OverviewTab
FN:268,DataResidencyTab
FN:313,RetentionPolicyTab
FN:330,(anonymous_9)
FN:364,PIIManagementTab
FN:424,DataRequestsTab
FN:495,ConsentManagementTab
FN:569,DPAManagementTab
FNF:13
FNH:0
FNDA:0,GDPRDashboard
FNDA:0,(anonymous_2)
FNDA:0,(anonymous_3)
FNDA:0,(anonymous_4)
FNDA:0,ComplianceCard
FNDA:0,OverviewTab
FNDA:0,DataResidencyTab
FNDA:0,RetentionPolicyTab
FNDA:0,(anonymous_9)
FNDA:0,PIIManagementTab
FNDA:0,DataRequestsTab
FNDA:0,ConsentManagementTab
FNDA:0,DPAManagementTab
DA:3,0
DA:4,0
DA:5,0
DA:6,0
DA:7,0
DA:8,0
DA:20,0
DA:21,0
DA:22,0
DA:37,0
DA:38,0
DA:39,0
DA:40,0
DA:41,0
DA:43,0
DA:44,0
DA:45,0
DA:49,0
DA:50,0
DA:51,0
DA:52,0
DA:53,0
DA:55,0
DA:57,0
DA:61,0
DA:65,0
DA:92,0
DA:314,0
DA:331,0
LF:29
LH:0
BRDA:44,0,0,0
BRDA:61,1,0,0
BRDA:65,2,0,0
BRDA:77,3,0,0
BRDA:77,3,1,0
BRDA:81,4,0,0
BRDA:81,4,1,0
BRDA:85,5,0,0
BRDA:183,6,0,0
BRDA:183,6,1,0
BRDA:187,7,0,0
BRDA:340,8,0,0
BRDA:340,8,1,0
BRDA:343,9,0,0
BRF:14
BRH:0
end_of_record
TN:
SF:components/import/import-dialog.tsx
FN:45,ImportDialog
FN:55,(anonymous_2)
FN:57,(anonymous_3)
FN:64,(anonymous_4)
FN:66,(anonymous_5)
FN:73,(anonymous_6)
FN:75,(anonymous_7)
FN:84,(anonymous_8)
FN:89,(anonymous_9)
FN:100,(anonymous_10)
FN:109,(anonymous_11)
FN:118,(anonymous_12)
FN:133,(anonymous_13)
FN:160,(anonymous_14)
FN:212,(anonymous_15)
FN:228,(anonymous_16)
FN:254,(anonymous_17)
FN:276,(anonymous_18)
FNF:18
FNH:0
FNDA:0,ImportDialog
FNDA:0,(anonymous_2)
FNDA:0,(anonymous_3)
FNDA:0,(anonymous_4)
FNDA:0,(anonymous_5)
FNDA:0,(anonymous_6)
FNDA:0,(anonymous_7)
FNDA:0,(anonymous_8)
FNDA:0,(anonymous_9)
FNDA:0,(anonymous_10)
FNDA:0,(anonymous_11)
FNDA:0,(anonymous_12)
FNDA:0,(anonymous_13)
FNDA:0,(anonymous_14)
FNDA:0,(anonymous_15)
FNDA:0,(anonymous_16)
FNDA:0,(anonymous_17)
FNDA:0,(anonymous_18)
DA:3,0
DA:4,0
DA:5,0
DA:6,0
DA:26,0
DA:36,0
DA:38,0
DA:45,0
DA:46,0
DA:47,0
DA:48,0
DA:49,0
DA:50,0
DA:51,0
DA:54,0
DA:56,0
DA:58,0
DA:63,0
DA:65,0
DA:67,0
DA:72,0
DA:74,0
DA:76,0
DA:77,0
DA:78,0
DA:79,0
DA:81,0
DA:85,0
DA:89,0
DA:90,0
DA:91,0
DA:92,0
DA:95,0
DA:96,0
DA:100,0
DA:101,0
DA:106,0
DA:109,0
DA:110,0
DA:115,0
DA:118,0
DA:133,0
DA:160,0
DA:213,0
DA:229,0
DA:254,0
DA:276,0
LF:47
LH:0
BRDA:76,0,0,0
BRDA:76,0,1,0
BRDA:95,1,0,0
BRDA:104,2,0,0
BRDA:104,2,1,0
BRDA:113,3,0,0
BRDA:113,3,1,0
BRDA:123,4,0,0
BRDA:123,4,1,0
BRDA:128,5,0,0
BRDA:128,5,1,0
BRDA:135,6,0,0
BRDA:138,7,0,0
BRDA:152,8,0,0
BRDA:168,9,0,0
BRDA:177,10,0,0
BRDA:197,11,0,0
BRDA:208,12,0,0
BRDA:208,12,1,0
BRDA:222,13,0,0
BRDA:222,13,1,0
BRDA:231,14,0,0
BRDA:280,15,0,0
BRDA:283,16,0,0
BRDA:283,16,1,0
BRDA:283,16,2,0
BRDA:283,16,3,0
BRDA:283,16,4,0
BRDA:290,17,0,0
BRDA:304,18,0,0
BRF:30
BRH:0
end_of_record
TN:
SF:components/logic/logic-editor.tsx
FN:30,LogicEditor
FN:41,(anonymous_2)
FN:46,(anonymous_3)
FN:51,(anonymous_4)
FN:64,(anonymous_5)
FN:69,(anonymous_6)
FN:80,(anonymous_7)
FN:95,(anonymous_8)
FN:96,(anonymous_9)
FN:105,(anonymous_10)
FN:141,(anonymous_11)
FN:150,(anonymous_12)
FN:157,(anonymous_13)
FN:175,(anonymous_14)
FN:185,(anonymous_15)
FN:195,(anonymous_16)
FN:210,(anonymous_17)
FN:229,(anonymous_18)
FNF:18
FNH:0
FNDA:0,LogicEditor
FNDA:0,(anonymous_2)
FNDA:0,(anonymous_3)
FNDA:0,(anonymous_4)
FNDA:0,(anonymous_5)
FNDA:0,(anonymous_6)
FNDA:0,(anonymous_7)
FNDA:0,(anonymous_8)
FNDA:0,(anonymous_9)
FNDA:0,(anonymous_10)
FNDA:0,(anonymous_11)
FNDA:0,(anonymous_12)
FNDA:0,(anonymous_13)
FNDA:0,(anonymous_14)
FNDA:0,(anonymous_15)
FNDA:0,(anonymous_16)
FNDA:0,(anonymous_17)
FNDA:0,(anonymous_18)
DA:3,0
DA:4,0
DA:5,0
DA:6,0
DA:7,0
DA:8,0
DA:9,0
DA:22,0
DA:23,0
DA:24,0
DA:26,0
DA:27,0
DA:28,0
DA:30,0
DA:32,0
DA:33,0
DA:34,0
DA:35,0
DA:36,0
DA:37,0
DA:39,0
DA:41,0
DA:42,0
DA:43,0
DA:46,0
DA:47,0
DA:48,0
DA:51,0
DA:52,0
DA:54,0
DA:55,0
DA:57,0
DA:60,0
DA:61,0
DA:64,0
DA:65,0
DA:66,0
DA:69,0
DA:70,0
DA:72,0
DA:77,0
DA:80,0
DA:81,0
DA:95,0
DA:96,0
DA:97,0
DA:100,0
DA:106,0
DA:107,0
DA:141,0
DA:151,0
DA:157,0
DA:176,0
DA:177,0
DA:186,0
DA:187,0
DA:196,0
DA:197,0
DA:211,0
DA:230,0
LF:60
LH:0
BRDA:39,0,0,0
BRDA:39,0,1,0
BRDA:52,1,0,0
BRDA:54,2,0,0
BRDA:54,2,1,0
BRDA:65,3,0,0
BRDA:70,4,0,0
BRDA:97,5,0,0
BRDA:97,5,1,0
BRDA:97,5,2,0
BRDA:100,6,0,0
BRDA:127,7,0,0
BRDA:155,8,0,0
BRDA:155,8,1,0
BRDA:167,9,0,0
BRDA:167,9,1,0
BRDA:168,10,0,0
BRDA:168,10,1,0
BRDA:217,11,0,0
BRDA:233,12,0,0
BRDA:233,12,1,0
BRDA:234,13,0,0
BRDA:234,13,1,0
BRF:23
BRH:0
end_of_record
TN:
SF:components/logic/logic-graph.tsx
FN:43,LogicGraph
FN:47,(anonymous_2)
FN:55,(anonymous_3)
FN:69,(anonymous_4)
FN:84,(anonymous_5)
FN:97,(anonymous_6)
FN:131,(anonymous_7)
FN:151,(anonymous_8)
FN:195,(anonymous_9)
FN:196,(anonymous_10)
FN:197,(anonymous_11)
FN:238,(anonymous_12)
FN:257,(anonymous_13)
FNF:13
FNH:0
FNDA:0,LogicGraph
FNDA:0,(anonymous_2)
FNDA:0,(anonymous_3)
FNDA:0,(anonymous_4)
FNDA:0,(anonymous_5)
FNDA:0,(anonymous_6)
FNDA:0,(anonymous_7)
FNDA:0,(anonymous_8)
FNDA:0,(anonymous_9)
FNDA:0,(anonymous_10)
FNDA:0,(anonymous_11)
FNDA:0,(anonymous_12)
FNDA:0,(anonymous_13)
DA:3,0
DA:6,0
DA:7,0
DA:17,0
DA:18,0
DA:19,0
DA:43,0
DA:44,0
DA:45,0
DA:47,0
DA:48,0
DA:49,0
DA:50,0
DA:51,0
DA:54,0
DA:55,0
DA:56,0
DA:64,0
DA:65,0
DA:69,0
DA:70,0
DA:73,0
DA:81,0
DA:84,0
DA:85,0
DA:86,0
DA:87,0
DA:97,0
DA:98,0
DA:106,0
DA:109,0
DA:116,0
DA:117,0
DA:118,0
DA:128,0
DA:131,0
DA:132,0
DA:135,0
DA:136,0
DA:151,0
DA:152,0
DA:154,0
DA:156,0
DA:158,0
DA:160,0
DA:164,0
DA:196,0
DA:197,0
DA:198,0
DA:200,0
DA:201,0
DA:202,0
DA:203,0
DA:206,0
DA:207,0
DA:208,0
DA:209,0
DA:210,0
DA:211,0
DA:213,0
DA:239,0
DA:257,0
LF:62
LH:0
BRDA:59,0,0,0
BRDA:59,0,1,0
BRDA:59,0,2,0
BRDA:86,1,0,0
BRDA:116,2,0,0
BRDA:116,2,1,0
BRDA:117,3,0,0
BRDA:122,4,0,0
BRDA:122,4,1,0
BRDA:132,5,0,0
BRDA:135,6,0,0
BRDA:136,7,0,0
BRDA:152,8,0,0
BRDA:152,8,1,0
BRDA:152,8,2,0
BRDA:152,8,3,0
BRDA:164,9,0,0
BRDA:198,10,0,0
BRDA:198,11,0,0
BRDA:198,11,1,0
BRDA:222,12,0,0
BRDA:252,13,0,0
BRDA:252,13,1,0
BRF:23
BRH:0
end_of_record
TN:
SF:components/logic/rule-builder.tsx
FN:47,RuleBuilder
FN:59,(anonymous_2)
FN:62,(anonymous_3)
FN:66,(anonymous_4)
FN:76,(anonymous_5)
FN:89,(anonymous_6)
FN:101,(anonymous_7)
FN:113,(anonymous_8)
FN:120,(anonymous_9)
FN:122,(anonymous_10)
FN:126,(anonymous_11)
FN:137,(anonymous_12)
FN:144,(anonymous_13)
FN:146,(anonymous_14)
FN:150,(anonymous_15)
FN:151,(anonymous_16)
FN:155,(anonymous_17)
FN:156,(anonymous_18)
FN:160,(anonymous_19)
FN:169,(anonymous_20)
FN:183,(anonymous_21)
FN:188,(anonymous_22)
FN:194,(anonymous_23)
FN:211,(anonymous_24)
FN:221,(anonymous_25)
FN:242,(anonymous_26)
FN:259,(anonymous_27)
FN:276,(anonymous_28)
FN:282,(anonymous_29)
FN:295,(anonymous_30)
FN:303,(anonymous_31)
FN:325,(anonymous_32)
FN:353,(anonymous_33)
FN:362,(anonymous_34)
FN:368,(anonymous_35)
FN:384,(anonymous_36)
FN:390,(anonymous_37)
FN:404,(anonymous_38)
FN:414,(anonymous_39)
FNF:39
FNH:0
FNDA:0,RuleBuilder
FNDA:0,(anonymous_2)
FNDA:0,(anonymous_3)
FNDA:0,(anonymous_4)
FNDA:0,(anonymous_5)
FNDA:0,(anonymous_6)
FNDA:0,(anonymous_7)
FNDA:0,(anonymous_8)
FNDA:0,(anonymous_9)
FNDA:0,(anonymous_10)
FNDA:0,(anonymous_11)
FNDA:0,(anonymous_12)
FNDA:0,(anonymous_13)
FNDA:0,(anonymous_14)
FNDA:0,(anonymous_15)
FNDA:0,(anonymous_16)
FNDA:0,(anonymous_17)
FNDA:0,(anonymous_18)
FNDA:0,(anonymous_19)
FNDA:0,(anonymous_20)
FNDA:0,(anonymous_21)
FNDA:0,(anonymous_22)
FNDA:0,(anonymous_23)
FNDA:0,(anonymous_24)
FNDA:0,(anonymous_25)
FNDA:0,(anonymous_26)
FNDA:0,(anonymous_27)
FNDA:0,(anonymous_28)
FNDA:0,(anonymous_29)
FNDA:0,(anonymous_30)
FNDA:0,(anonymous_31)
FNDA:0,(anonymous_32)
FNDA:0,(anonymous_33)
FNDA:0,(anonymous_34)
FNDA:0,(anonymous_35)
FNDA:0,(anonymous_36)
FNDA:0,(anonymous_37)
FNDA:0,(anonymous_38)
FNDA:0,(anonymous_39)
DA:3,0
DA:4,0
DA:5,0
DA:6,0
DA:13,0
DA:14,0
DA:15,0
DA:16,0
DA:17,0
DA:18,0
DA:19,0
DA:20,0
DA:21,0
DA:30,0
DA:39,0
DA:47,0
DA:48,0
DA:49,0
DA:50,0
DA:53,0
DA:56,0
DA:58,0
DA:59,0
DA:62,0
DA:63,0
DA:66,0
DA:67,0
DA:68,0
DA:70,0
DA:71,0
DA:76,0
DA:77,0
DA:78,0
DA:80,0
DA:81,0
DA:85,0
DA:86,0
DA:89,0
DA:90,0
DA:92,0
DA:98,0
DA:101,0
DA:102,0
DA:113,0
DA:114,0
DA:115,0
DA:116,0
DA:117,0
DA:120,0
DA:121,0
DA:122,0
DA:126,0
DA:127,0
DA:137,0
DA:138,0
DA:139,0
DA:140,0
DA:141,0
DA:144,0
DA:145,0
DA:146,0
DA:150,0
DA:151,0
DA:152,0
DA:155,0
DA:156,0
DA:157,0
DA:160,0
DA:161,0
DA:163,0
DA:169,0
DA:183,0
DA:184,0
DA:188,0
DA:195,0
DA:211,0
DA:221,0
DA:243,0
DA:260,0
DA:276,0
DA:283,0
DA:296,0
DA:304,0
DA:325,0
DA:354,0
DA:362,0
DA:369,0
DA:384,0
DA:391,0
DA:404,0
DA:414,0
LF:91
LH:0
BRDA:51,0,0,0
BRDA:51,0,1,0
BRDA:54,1,0,0
BRDA:54,1,1,0
BRDA:59,2,0,0
BRDA:59,2,1,0
BRDA:67,3,0,0
BRDA:70,4,0,0
BRDA:70,5,0,0
BRDA:70,5,1,0
BRDA:77,6,0,0
BRDA:80,7,0,0
BRDA:80,8,0,0
BRDA:80,8,1,0
BRDA:90,9,0,0
BRDA:93,10,0,0
BRDA:93,10,1,0
BRDA:121,11,0,0
BRDA:145,12,0,0
BRDA:152,13,0,0
BRDA:152,13,1,0
BRDA:157,14,0,0
BRDA:157,14,1,0
BRDA:157,14,2,0
BRDA:163,15,0,0
BRDA:163,15,1,0
BRDA:163,15,2,0
BRDA:163,15,3,0
BRDA:163,15,4,0
BRDA:184,16,0,0
BRDA:184,16,1,0
BRDA:210,17,0,0
BRDA:210,17,1,0
BRDA:220,18,0,0
BRDA:220,18,1,0
BRDA:231,19,0,0
BRDA:231,19,1,0
BRDA:237,20,0,0
BRDA:261,21,0,0
BRDA:284,22,0,0
BRDA:284,22,1,0
BRDA:315,23,0,0
BRDA:321,24,0,0
BRDA:355,25,0,0
BRDA:355,25,1,0
BRDA:392,26,0,0
BRDA:392,26,1,0
BRDA:399,27,0,0
BRDA:403,28,0,0
BRDA:403,28,1,0
BRDA:410,29,0,0
BRF:51
BRH:0
end_of_record
TN:
SF:components/shared/navigation.tsx
FN:18,Navigation
FN:23,(anonymous_3)
FNF:2
FNH:0
FNDA:0,Navigation
FNDA:0,(anonymous_3)
DA:3,0
DA:4,0
DA:5,0
DA:14,0
DA:16,0
DA:18,0
DA:19,0
DA:20,0
DA:21,0
DA:23,0
DA:24,0
DA:25,0
LF:12
LH:0
BRDA:38,0,0,0
BRDA:58,1,0,0
BRDA:58,1,1,0
BRF:3
BRH:0
end_of_record
TN:
SF:components/ui/alert.tsx
FNF:0
FNH:0
DA:1,0
LF:1
LH:0
BRF:0
BRH:0
end_of_record
TN:
SF:components/ui/badge.tsx
FNF:0
FNH:0
DA:1,0
LF:1
LH:0
BRF:0
BRH:0
end_of_record
TN:
SF:components/ui/button.tsx
FNF:0
FNH:0
DA:1,0
LF:1
LH:0
BRF:0
BRH:0
end_of_record
TN:
SF:components/ui/card.tsx
FNF:0
FNH:0
DA:1,0
LF:1
LH:0
BRF:0
BRH:0
end_of_record
TN:
SF:components/ui/dialog.tsx
FNF:0
FNH:0
DA:4,0
DA:5,0
DA:6,0
DA:7,0
DA:8,0
DA:9,0
DA:10,0
DA:12,0
LF:8
LH:0
BRF:0
BRH:0
end_of_record
TN:
SF:components/ui/dropdown-menu.tsx
FNF:0
FNH:0
DA:4,0
DA:5,0
DA:6,0
DA:7,0
DA:8,0
DA:9,0
DA:10,0
DA:11,0
DA:12,0
DA:13,0
DA:14,0
DA:16,0
LF:12
LH:0
BRF:0
BRH:0
end_of_record
TN:
SF:components/ui/input.tsx
FNF:0
FNH:0
DA:3,0
LF:1
LH:0
BRF:0
BRH:0
end_of_record
TN:
SF:components/ui/label.tsx
FNF:0
FNH:0
DA:3,0
LF:1
LH:0
BRF:0
BRH:0
end_of_record
TN:
SF:components/ui/scroll-area.tsx
FNF:0
FNH:0
DA:1,0
LF:1
LH:0
BRF:0
BRH:0
end_of_record
TN:
SF:components/ui/select.tsx
FNF:0
FNH:0
DA:4,0
DA:5,0
DA:6,0
DA:7,0
DA:8,0
DA:9,0
DA:10,0
DA:11,0
DA:13,0
LF:9
LH:0
BRF:0
BRH:0
end_of_record
TN:
SF:components/ui/separator.tsx
FNF:0
FNH:0
DA:3,0
LF:1
LH:0
BRF:0
BRH:0
end_of_record
TN:
SF:components/ui/skeleton.tsx
FNF:0
FNH:0
DA:3,0
LF:1
LH:0
BRF:0
BRH:0
end_of_record
TN:
SF:components/ui/switch.tsx
FNF:0
FNH:0
DA:3,0
LF:1
LH:0
BRF:0
BRH:0
end_of_record
TN:
SF:components/ui/tabs.tsx
FNF:0
FNH:0
DA:1,0
LF:1
LH:0
BRF:0
BRH:0
end_of_record
TN:
SF:components/ui/textarea.tsx
FNF:0
FNH:0
DA:3,0
LF:1
LH:0
BRF:0
BRH:0
end_of_record
TN:
SF:e2e/builder.spec.ts
FN:3,(anonymous_0)
FN:4,(anonymous_1)
FN:8,(anonymous_2)
FN:29,(anonymous_3)
FN:42,(anonymous_4)
FN:58,(anonymous_5)
FN:65,(anonymous_6)
FN:78,(anonymous_7)
FN:84,(anonymous_8)
FN:104,(anonymous_9)
FNF:10
FNH:0
FNDA:0,(anonymous_0)
FNDA:0,(anonymous_1)
FNDA:0,(anonymous_2)
FNDA:0,(anonymous_3)
FNDA:0,(anonymous_4)
FNDA:0,(anonymous_5)
FNDA:0,(anonymous_6)
FNDA:0,(anonymous_7)
FNDA:0,(anonymous_8)
FNDA:0,(anonymous_9)
DA:1,0
DA:3,0
DA:4,0
DA:5,0
DA:8,0
DA:10,0
DA:11,0
DA:12,0
DA:15,0
DA:16,0
DA:17,0
DA:20,0
DA:21,0
DA:22,0
DA:25,0
DA:26,0
DA:29,0
DA:31,0
DA:32,0
DA:35,0
DA:36,0
DA:42,0
DA:44,0
DA:45,0
DA:48,0
DA:51,0
DA:54,0
DA:55,0
DA:58,0
DA:60,0
DA:65,0
DA:67,0
DA:68,0
DA:69,0
DA:70,0
DA:73,0
DA:74,0
DA:75,0
DA:78,0
DA:80,0
DA:81,0
DA:84,0
DA:85,0
DA:88,0
DA:89,0
DA:92,0
DA:95,0
DA:96,0
DA:97,0
DA:100,0
DA:101,0
DA:104,0
DA:106,0
DA:109,0
DA:110,0
DA:111,0
DA:114,0
DA:115,0
DA:118,0
DA:119,0
LF:60
LH:0
BRF:0
BRH:0
end_of_record
TN:
SF:lib/block-utils.ts
FN:7,builderToContractBlock
FN:20,(anonymous_6)
FN:29,contractToBuilderBlock
FN:42,(anonymous_8)
FN:55,builderToContractField
FN:67,(anonymous_10)
FN:85,contractFieldToBuilderBlock
FN:97,(anonymous_12)
FNF:8
FNH:0
FNDA:0,builderToContractBlock
FNDA:0,(anonymous_6)
FNDA:0,contractToBuilderBlock
FNDA:0,(anonymous_8)
FNDA:0,builderToContractField
FNDA:0,(anonymous_10)
FNDA:0,contractFieldToBuilderBlock
FNDA:0,(anonymous_12)
DA:7,0
DA:8,0
DA:19,0
DA:20,0
DA:26,0
DA:29,0
DA:30,0
DA:41,0
DA:42,0
DA:49,0
DA:55,0
DA:56,0
DA:66,0
DA:67,0
DA:76,0
DA:77,0
DA:78,0
DA:79,0
DA:82,0
DA:85,0
DA:86,0
DA:96,0
DA:97,0
DA:105,0
DA:106,0
DA:109,0
LF:26
LH:0
BRDA:14,0,0,0
BRDA:14,0,1,0
BRDA:19,1,0,0
BRDA:33,2,0,0
BRDA:33,2,1,0
BRDA:41,3,0,0
BRDA:44,4,0,0
BRDA:44,4,1,0
BRDA:44,4,2,0
BRDA:62,5,0,0
BRDA:62,5,1,0
BRDA:66,6,0,0
BRDA:76,7,0,0
BRDA:76,7,1,0
BRDA:76,8,0,0
BRDA:76,8,1,0
BRDA:78,9,0,0
BRDA:96,10,0,0
BRDA:98,11,0,0
BRDA:98,11,1,0
BRDA:99,12,0,0
BRDA:99,12,1,0
BRDA:99,12,2,0
BRDA:105,13,0,0
BRDA:105,14,0,0
BRDA:105,14,1,0
BRF:26
BRH:0
end_of_record
TN:
SF:lib/demo-forms.ts
FNF:0
FNH:0
DA:3,0
LF:1
LH:0
BRF:0
BRH:0
end_of_record
TN:
SF:lib/test-utils.tsx
FN:6,renderWithProviders
FN:16,Wrapper
FNF:2
FNH:0
FNDA:0,renderWithProviders
FNDA:0,Wrapper
DA:1,0
DA:2,0
DA:3,0
DA:6,0
DA:7,0
DA:20,0
DA:27,0
LF:7
LH:0
BRDA:6,0,0,0
BRF:1
BRH:0
end_of_record
TN:
SF:lib/utils.ts
FNF:0
FNH:0
DA:1,0
LF:1
LH:0
BRF:0
BRH:0
end_of_record
TN:
SF:lib/validators.ts
FN:3,validateEmail
FN:9,validateRequired
FN:21,validateBlockData
FN:57,(anonymous_7)
FN:79,(anonymous_8)
FN:80,(anonymous_9)
FNF:6
FNH:0
FNDA:0,validateEmail
FNDA:0,validateRequired
FNDA:0,validateBlockData
FNDA:0,(anonymous_7)
FNDA:0,(anonymous_8)
FNDA:0,(anonymous_9)
DA:3,0
DA:4,0
DA:5,0
DA:6,0
DA:9,0
DA:10,0
DA:11,0
DA:12,0
DA:13,0
DA:21,0
DA:23,0
DA:24,0
DA:25,0
DA:27,0
DA:28,0
DA:30,0
DA:34,0
DA:35,0
DA:39,0
DA:41,0
DA:42,0
DA:44,0
DA:47,0
DA:48,0
DA:50,0
DA:51,0
DA:53,0
DA:56,0
DA:57,0
DA:58,0
DA:59,0
DA:62,0
DA:65,0
DA:66,0
DA:67,0
DA:72,0
DA:73,0
DA:78,0
DA:79,0
DA:80,0
DA:81,0
DA:82,0
DA:86,0
DA:88,0
DA:92,0
DA:93,0
DA:95,0
DA:96,0
DA:98,0
DA:99,0
DA:100,0
DA:101,0
DA:104,0
DA:107,0
LF:54
LH:0
BRDA:4,0,0,0
BRDA:4,1,0,0
BRDA:4,1,1,0
BRDA:10,2,0,0
BRDA:10,3,0,0
BRDA:10,3,1,0
BRDA:11,4,0,0
BRDA:12,5,0,0
BRDA:23,6,0,0
BRDA:23,7,0,0
BRDA:23,7,1,0
BRDA:24,8,0,0
BRDA:27,9,0,0
BRDA:34,10,0,0
BRDA:34,11,0,0
BRDA:34,11,1,0
BRDA:39,12,0,0
BRDA:39,12,1,0
BRDA:39,12,2,0
BRDA:39,12,3,0
BRDA:39,12,4,0
BRDA:39,12,5,0
BRDA:41,13,0,0
BRDA:47,14,0,0
BRDA:47,15,0,0
BRDA:47,15,1,0
BRDA:50,16,0,0
BRDA:50,17,0,0
BRDA:50,17,1,0
BRDA:56,18,0,0
BRDA:58,19,0,0
BRDA:65,20,0,0
BRDA:65,20,1,0
BRDA:66,21,0,0
BRDA:66,22,0,0
BRDA:66,22,1,0
BRDA:69,23,0,0
BRDA:69,23,1,0
BRDA:72,24,0,0
BRDA:72,25,0,0
BRDA:72,25,1,0
BRDA:75,26,0,0
BRDA:75,26,1,0
BRDA:78,27,0,0
BRDA:81,28,0,0
BRDA:92,29,0,0
BRDA:92,30,0,0
BRDA:92,30,1,0
BRDA:95,31,0,0
BRDA:95,32,0,0
BRDA:95,32,1,0
BRDA:98,33,0,0
BRDA:100,34,0,0
BRF:53
BRH:0
end_of_record
TN:
SF:lib/api/auth.ts
FN:26,(anonymous_1)
FN:32,(anonymous_2)
FN:38,(anonymous_3)
FN:48,(anonymous_4)
FN:60,(anonymous_5)
FN:66,(anonymous_6)
FN:72,(anonymous_7)
FNF:7
FNH:0
FNDA:0,(anonymous_1)
FNDA:0,(anonymous_2)
FNDA:0,(anonymous_3)
FNDA:0,(anonymous_4)
FNDA:0,(anonymous_5)
FNDA:0,(anonymous_6)
FNDA:0,(anonymous_7)
DA:1,0
DA:24,0
DA:27,0
DA:28,0
DA:33,0
DA:34,0
DA:39,0
DA:40,0
DA:41,0
DA:43,0
DA:44,0
DA:49,0
DA:50,0
DA:51,0
DA:56,0
DA:61,0
DA:62,0
DA:67,0
DA:68,0
DA:76,0
DA:77,0
LF:21
LH:0
BRDA:40,0,0,0
BRDA:50,1,0,0
BRDA:50,2,0,0
BRDA:50,2,1,0
BRF:4
BRH:0
end_of_record
TN:
SF:lib/api/axios-client.ts
FN:18,(anonymous_4)
FN:25,(anonymous_5)
FN:32,(anonymous_6)
FN:35,(anonymous_7)
FN:92,(anonymous_8)
FN:97,(anonymous_9)
FN:102,(anonymous_10)
FN:107,(anonymous_11)
FN:112,(anonymous_12)
FNF:9
FNH:0
FNDA:0,(anonymous_4)
FNDA:0,(anonymous_5)
FNDA:0,(anonymous_6)
FNDA:0,(anonymous_7)
FNDA:0,(anonymous_8)
FNDA:0,(anonymous_9)
FNDA:0,(anonymous_10)
FNDA:0,(anonymous_11)
FNDA:0,(anonymous_12)
DA:1,0
DA:2,0
DA:5,0
DA:8,0
DA:17,0
DA:19,0
DA:20,0
DA:21,0
DA:23,0
DA:26,0
DA:31,0
DA:33,0
DA:36,0
DA:39,0
DA:40,0
DA:42,0
DA:43,0
DA:44,0
DA:45,0
DA:49,0
DA:53,0
DA:54,0
DA:57,0
DA:60,0
DA:61,0
DA:64,0
DA:65,0
DA:66,0
DA:69,0
DA:70,0
DA:73,0
DA:78,0
DA:79,0
DA:86,0
DA:93,0
DA:94,0
DA:98,0
DA:99,0
DA:103,0
DA:104,0
DA:108,0
DA:109,0
DA:113,0
DA:114,0
DA:118,0
DA:119,0
LF:46
LH:0
BRDA:5,0,0,0
BRDA:5,0,1,0
BRDA:20,1,0,0
BRDA:39,2,0,0
BRDA:39,3,0,0
BRDA:39,3,1,0
BRDA:44,4,0,0
BRDA:69,5,0,0
BRDA:69,6,0,0
BRDA:69,6,1,0
BRDA:78,7,0,0
BRF:11
BRH:0
end_of_record
TN:
SF:lib/api/client.ts
FN:5,(anonymous_1)
FN:85,(anonymous_2)
FN:90,(anonymous_3)
FN:95,(anonymous_4)
FNF:4
FNH:0
FNDA:0,(anonymous_1)
FNDA:0,(anonymous_2)
FNDA:0,(anonymous_3)
FNDA:0,(anonymous_4)
DA:6,0
DA:9,0
DA:10,0
DA:37,0
DA:38,0
DA:46,0
DA:47,0
DA:48,0
DA:66,0
DA:67,0
DA:75,0
DA:76,0
DA:77,0
DA:82,0
DA:86,0
DA:87,0
DA:91,0
DA:92,0
DA:96,0
DA:97,0
DA:101,0
LF:21
LH:0
BRDA:9,0,0,0
BRDA:37,1,0,0
BRDA:37,2,0,0
BRDA:37,2,1,0
BRDA:46,3,0,0
BRDA:66,4,0,0
BRDA:75,5,0,0
BRDA:75,6,0,0
BRDA:75,6,1,0
BRF:9
BRH:0
end_of_record
TN:
SF:lib/api/forms.ts
FN:7,(anonymous_7)
FN:17,(anonymous_8)
FN:29,(anonymous_9)
FN:42,(anonymous_10)
FN:48,(anonymous_11)
FN:54,(anonymous_12)
FN:60,(anonymous_13)
FN:66,(anonymous_14)
FN:72,(anonymous_15)
FN:78,(anonymous_16)
FN:84,(anonymous_17)
FN:93,(anonymous_18)
FN:103,(anonymous_19)
FN:113,(anonymous_20)
FNF:14
FNH:0
FNDA:0,(anonymous_7)
FNDA:0,(anonymous_8)
FNDA:0,(anonymous_9)
FNDA:0,(anonymous_10)
FNDA:0,(anonymous_11)
FNDA:0,(anonymous_12)
FNDA:0,(anonymous_13)
FNDA:0,(anonymous_14)
FNDA:0,(anonymous_15)
FNDA:0,(anonymous_16)
FNDA:0,(anonymous_17)
FNDA:0,(anonymous_18)
FNDA:0,(anonymous_19)
FNDA:0,(anonymous_20)
DA:1,0
DA:5,0
DA:13,0
DA:14,0
DA:16,0
DA:17,0
DA:25,0
DA:30,0
DA:31,0
DA:32,0
DA:43,0
DA:44,0
DA:49,0
DA:50,0
DA:55,0
DA:56,0
DA:61,0
DA:62,0
DA:67,0
DA:68,0
DA:73,0
DA:74,0
DA:79,0
DA:80,0
DA:88,0
DA:89,0
DA:98,0
DA:99,0
DA:108,0
DA:109,0
DA:114,0
DA:115,0
DA:120,0
DA:121,0
DA:122,0
DA:123,0
DA:124,0
LF:37
LH:0
BRDA:14,0,0,0
BRDA:14,1,0,0
BRDA:14,1,1,0
BRDA:21,2,0,0
BRDA:21,2,1,0
BRDA:31,3,0,0
BRDA:31,4,0,0
BRDA:31,4,1,0
BRDA:36,5,0,0
BRDA:36,5,1,0
BRDA:74,6,0,0
BRDA:74,6,1,0
BRF:12
BRH:0
end_of_record
TN:
SF:lib/api/index.ts
FNF:0
FNH:0
DA:1,0
DA:2,0
DA:3,0
DA:4,0
LF:4
LH:0
BRF:0
BRH:0
end_of_record
TN:
SF:lib/api/integrations.ts
FN:6,(anonymous_1)
FN:12,(anonymous_2)
FN:21,(anonymous_3)
FN:27,(anonymous_4)
FN:33,(anonymous_5)
FN:39,(anonymous_6)
FN:45,(anonymous_7)
FN:51,(anonymous_8)
FNF:8
FNH:0
FNDA:0,(anonymous_1)
FNDA:0,(anonymous_2)
FNDA:0,(anonymous_3)
FNDA:0,(anonymous_4)
FNDA:0,(anonymous_5)
FNDA:0,(anonymous_6)
FNDA:0,(anonymous_7)
FNDA:0,(anonymous_8)
DA:1,0
DA:4,0
DA:7,0
DA:8,0
DA:13,0
DA:14,0
DA:15,0
DA:17,0
DA:22,0
DA:23,0
DA:28,0
DA:29,0
DA:34,0
DA:35,0
DA:40,0
DA:41,0
DA:46,0
DA:47,0
DA:52,0
DA:53,0
LF:20
LH:0
BRDA:8,0,0,0
BRDA:8,0,1,0
BRDA:14,1,0,0
BRDA:14,2,0,0
BRDA:14,2,1,0
BRDA:14,2,2,0
BRF:6
BRH:0
end_of_record
TN:
SF:lib/hooks/use-autosave.ts
FN:6,useAutosave
FN:10,(anonymous_2)
FN:19,(anonymous_3)
FN:22,(anonymous_4)
FN:35,(anonymous_5)
FNF:5
FNH:0
FNDA:0,useAutosave
FNDA:0,(anonymous_2)
FNDA:0,(anonymous_3)
FNDA:0,(anonymous_4)
FNDA:0,(anonymous_5)
DA:1,0
DA:2,0
DA:4,0
DA:6,0
DA:7,0
DA:8,0
DA:10,0
DA:11,0
DA:14,0
DA:15,0
DA:19,0
DA:20,0
DA:22,0
DA:27,0
DA:28,0
DA:30,0
DA:31,0
DA:35,0
DA:36,0
DA:37,0
LF:20
LH:0
BRDA:6,0,0,0
BRDA:11,1,0,0
BRDA:11,2,0,0
BRDA:11,2,1,0
BRDA:11,2,2,0
BRDA:14,3,0,0
BRDA:36,4,0,0
BRF:7
BRH:0
end_of_record
TN:
SF:lib/hooks/use-form-blocks.ts
FN:5,useFormBlocks
FN:6,(anonymous_2)
FN:8,(anonymous_3)
FN:10,(anonymous_4)
FNF:4
FNH:0
FNDA:0,useFormBlocks
FNDA:0,(anonymous_2)
FNDA:0,(anonymous_3)
FNDA:0,(anonymous_4)
DA:1,0
DA:2,0
DA:5,0
DA:6,0
DA:8,0
DA:9,0
DA:10,0
LF:7
LH:0
BRDA:9,0,0,0
BRDA:9,1,0,0
BRDA:9,1,1,0
BRDA:10,2,0,0
BRDA:10,2,1,0
BRF:5
BRH:0
end_of_record
TN:
SF:lib/hooks/use-keyboard-shortcuts.ts
FN:5,useKeyboardShortcuts
FN:8,(anonymous_2)
FN:9,(anonymous_3)
FN:64,(anonymous_4)
FNF:4
FNH:0
FNDA:0,useKeyboardShortcuts
FNDA:0,(anonymous_2)
FNDA:0,(anonymous_3)
FNDA:0,(anonymous_4)
DA:1,0
DA:3,0
DA:5,0
DA:6,0
DA:8,0
DA:9,0
DA:11,0
DA:14,0
DA:15,0
DA:16,0
DA:17,0
DA:21,0
DA:22,0
DA:23,0
DA:24,0
DA:28,0
DA:30,0
DA:31,0
DA:32,0
DA:33,0
DA:35,0
DA:39,0
DA:40,0
DA:42,0
DA:43,0
DA:47,0
DA:48,0
DA:50,0
DA:51,0
DA:55,0
DA:56,0
DA:58,0
DA:59,0
DA:63,0
DA:64,0
LF:35
LH:0
BRDA:11,0,0,0
BRDA:11,0,1,0
BRDA:14,1,0,0
BRDA:14,2,0,0
BRDA:14,2,1,0
BRDA:14,2,2,0
BRDA:21,3,0,0
BRDA:21,4,0,0
BRDA:21,4,1,0
BRDA:21,4,2,0
BRDA:28,5,0,0
BRDA:28,6,0,0
BRDA:28,6,1,0
BRDA:28,6,2,0
BRDA:31,7,0,0
BRDA:31,8,0,0
BRDA:31,8,1,0
BRDA:39,9,0,0
BRDA:39,10,0,0
BRDA:39,10,1,0
BRDA:47,11,0,0
BRDA:47,12,0,0
BRDA:47,12,1,0
BRDA:55,13,0,0
BRDA:55,14,0,0
BRDA:55,14,1,0
BRF:26
BRH:0
end_of_record
TN:
SF:lib/hooks/use-organization.ts
FN:10,useOrganization
FN:14,(anonymous_2)
FNF:2
FNH:0
FNDA:0,useOrganization
FNDA:0,(anonymous_2)
DA:1,0
DA:10,0
DA:11,0
DA:12,0
DA:14,0
DA:16,0
DA:21,0
DA:24,0
LF:8
LH:0
BRF:0
BRH:0
end_of_record
TN:
SF:lib/stores/auth-store.ts
FN:29,(anonymous_1)
FN:35,(anonymous_2)
FN:58,(anonymous_3)
FN:77,(anonymous_4)
FN:105,(anonymous_5)
FN:130,(anonymous_6)
FN:131,(anonymous_7)
FN:138,(anonymous_8)
FN:139,(anonymous_9)
FNF:9
FNH:0
FNDA:0,(anonymous_1)
FNDA:0,(anonymous_2)
FNDA:0,(anonymous_3)
FNDA:0,(anonymous_4)
FNDA:0,(anonymous_5)
FNDA:0,(anonymous_6)
FNDA:0,(anonymous_7)
FNDA:0,(anonymous_8)
FNDA:0,(anonymous_9)
DA:1,0
DA:2,0
DA:4,0
DA:27,0
DA:29,0
DA:36,0
DA:37,0
DA:38,0
DA:40,0
DA:41,0
DA:44,0
DA:46,0
DA:53,0
DA:54,0
DA:59,0
DA:60,0
DA:63,0
DA:64,0
DA:67,0
DA:69,0
DA:78,0
DA:79,0
DA:80,0
DA:87,0
DA:88,0
DA:91,0
DA:93,0
DA:100,0
DA:101,0
DA:106,0
DA:107,0
DA:108,0
DA:109,0
DA:110,0
DA:113,0
DA:114,0
DA:121,0
DA:131,0
DA:138,0
DA:139,0
LF:40
LH:0
BRDA:108,0,0,0
BRDA:132,1,0,0
BRDA:132,1,1,0
BRF:3
BRH:0
end_of_record
TN:
SF:lib/stores/form-builder-store.ts
FN:58,(anonymous_1)
FN:66,(anonymous_2)
FN:67,(anonymous_3)
FN:76,(anonymous_4)
FN:77,(anonymous_5)
FN:85,(anonymous_6)
FN:86,(anonymous_7)
FN:95,(anonymous_8)
FN:96,(anonymous_9)
FN:98,(anonymous_10)
FN:113,(anonymous_11)
FN:114,(anonymous_12)
FN:117,(anonymous_13)
FN:129,(anonymous_14)
FN:130,(anonymous_15)
FN:133,(anonymous_16)
FN:148,(anonymous_17)
FN:149,(anonymous_18)
FN:155,(anonymous_19)
FN:164,(anonymous_20)
FN:175,(anonymous_21)
FN:176,(anonymous_22)
FN:179,(anonymous_23)
FN:197,(anonymous_24)
FN:198,(anonymous_25)
FN:217,(anonymous_26)
FN:218,(anonymous_27)
FN:220,(anonymous_28)
FN:230,(anonymous_29)
FN:231,(anonymous_30)
FN:233,(anonymous_31)
FN:243,(anonymous_32)
FN:244,(anonymous_33)
FN:246,(anonymous_34)
FN:257,(anonymous_35)
FN:258,(anonymous_36)
FN:270,(anonymous_37)
FN:271,(anonymous_38)
FN:273,(anonymous_39)
FN:283,(anonymous_40)
FN:284,(anonymous_41)
FN:286,(anonymous_42)
FN:296,(anonymous_43)
FN:297,(anonymous_44)
FN:309,(anonymous_45)
FN:310,(anonymous_46)
FN:315,(anonymous_47)
FN:316,(anonymous_48)
FN:321,(anonymous_49)
FN:322,(anonymous_50)
FN:331,(anonymous_51)
FN:332,(anonymous_52)
FN:341,(anonymous_53)
FN:342,(anonymous_54)
FN:360,(anonymous_55)
FN:371,(anonymous_56)
FN:372,(anonymous_57)
FNF:57
FNH:0
FNDA:0,(anonymous_1)
FNDA:0,(anonymous_2)
FNDA:0,(anonymous_3)
FNDA:0,(anonymous_4)
FNDA:0,(anonymous_5)
FNDA:0,(anonymous_6)
FNDA:0,(anonymous_7)
FNDA:0,(anonymous_8)
FNDA:0,(anonymous_9)
FNDA:0,(anonymous_10)
FNDA:0,(anonymous_11)
FNDA:0,(anonymous_12)
FNDA:0,(anonymous_13)
FNDA:0,(anonymous_14)
FNDA:0,(anonymous_15)
FNDA:0,(anonymous_16)
FNDA:0,(anonymous_17)
FNDA:0,(anonymous_18)
FNDA:0,(anonymous_19)
FNDA:0,(anonymous_20)
FNDA:0,(anonymous_21)
FNDA:0,(anonymous_22)
FNDA:0,(anonymous_23)
FNDA:0,(anonymous_24)
FNDA:0,(anonymous_25)
FNDA:0,(anonymous_26)
FNDA:0,(anonymous_27)
FNDA:0,(anonymous_28)
FNDA:0,(anonymous_29)
FNDA:0,(anonymous_30)
FNDA:0,(anonymous_31)
FNDA:0,(anonymous_32)
FNDA:0,(anonymous_33)
FNDA:0,(anonymous_34)
FNDA:0,(anonymous_35)
FNDA:0,(anonymous_36)
FNDA:0,(anonymous_37)
FNDA:0,(anonymous_38)
FNDA:0,(anonymous_39)
FNDA:0,(anonymous_40)
FNDA:0,(anonymous_41)
FNDA:0,(anonymous_42)
FNDA:0,(anonymous_43)
FNDA:0,(anonymous_44)
FNDA:0,(anonymous_45)
FNDA:0,(anonymous_46)
FNDA:0,(anonymous_47)
FNDA:0,(anonymous_48)
FNDA:0,(anonymous_49)
FNDA:0,(anonymous_50)
FNDA:0,(anonymous_51)
FNDA:0,(anonymous_52)
FNDA:0,(anonymous_53)
FNDA:0,(anonymous_54)
FNDA:0,(anonymous_55)
FNDA:0,(anonymous_56)
FNDA:0,(anonymous_57)
DA:1,0
DA:2,0
DA:51,0
DA:57,0
DA:58,0
DA:67,0
DA:68,0
DA:69,0
DA:70,0
DA:71,0
DA:72,0
DA:77,0
DA:78,0
DA:79,0
DA:80,0
DA:81,0
DA:86,0
DA:87,0
DA:88,0
DA:89,0
DA:92,0
DA:96,0
DA:97,0
DA:98,0
DA:99,0
DA:100,0
DA:101,0
DA:103,0
DA:105,0
DA:106,0
DA:110,0
DA:114,0
DA:115,0
DA:116,0
DA:117,0
DA:118,0
DA:119,0
DA:120,0
DA:121,0
DA:126,0
DA:130,0
DA:131,0
DA:132,0
DA:133,0
DA:134,0
DA:135,0
DA:136,0
DA:137,0
DA:138,0
DA:140,0
DA:145,0
DA:149,0
DA:150,0
DA:154,0
DA:155,0
DA:156,0
DA:157,0
DA:158,0
DA:163,0
DA:164,0
DA:165,0
DA:166,0
DA:167,0
DA:172,0
DA:176,0
DA:177,0
DA:178,0
DA:179,0
DA:180,0
DA:181,0
DA:182,0
DA:187,0
DA:188,0
DA:189,0
DA:194,0
DA:198,0
DA:199,0
DA:200,0
DA:206,0
DA:207,0
DA:209,0
DA:211,0
DA:214,0
DA:218,0
DA:219,0
DA:220,0
DA:221,0
DA:222,0
DA:223,0
DA:227,0
DA:231,0
DA:232,0
DA:233,0
DA:234,0
DA:235,0
DA:236,0
DA:240,0
DA:244,0
DA:245,0
DA:246,0
DA:247,0
DA:248,0
DA:249,0
DA:250,0
DA:254,0
DA:258,0
DA:259,0
DA:260,0
DA:261,0
DA:263,0
DA:264,0
DA:267,0
DA:271,0
DA:272,0
DA:273,0
DA:274,0
DA:275,0
DA:276,0
DA:280,0
DA:284,0
DA:285,0
DA:286,0
DA:287,0
DA:288,0
DA:289,0
DA:293,0
DA:297,0
DA:298,0
DA:299,0
DA:300,0
DA:302,0
DA:303,0
DA:306,0
DA:310,0
DA:311,0
DA:316,0
DA:317,0
DA:322,0
DA:323,0
DA:324,0
DA:325,0
DA:326,0
DA:332,0
DA:333,0
DA:334,0
DA:335,0
DA:336,0
DA:342,0
DA:343,0
DA:345,0
DA:348,0
DA:351,0
DA:352,0
DA:355,0
DA:361,0
DA:372,0
DA:373,0
LF:157
LH:0
BRDA:69,0,0,0
BRDA:69,0,1,0
BRDA:87,1,0,0
BRDA:97,2,0,0
BRDA:99,3,0,0
BRDA:100,4,0,0
BRDA:100,4,1,0
BRDA:115,5,0,0
BRDA:118,6,0,0
BRDA:131,7,0,0
BRDA:134,8,0,0
BRDA:137,9,0,0
BRDA:150,10,0,0
BRDA:156,11,0,0
BRDA:163,12,0,0
BRDA:165,13,0,0
BRDA:177,14,0,0
BRDA:180,15,0,0
BRDA:199,16,0,0
BRDA:206,17,0,0
BRDA:206,17,1,0
BRDA:219,18,0,0
BRDA:221,19,0,0
BRDA:232,20,0,0
BRDA:232,21,0,0
BRDA:232,21,1,0
BRDA:234,22,0,0
BRDA:245,23,0,0
BRDA:247,24,0,0
BRDA:259,25,0,0
BRDA:260,26,0,0
BRDA:272,27,0,0
BRDA:274,28,0,0
BRDA:285,29,0,0
BRDA:287,30,0,0
BRDA:298,31,0,0
BRDA:299,32,0,0
BRDA:323,33,0,0
BRDA:333,34,0,0
BRDA:343,35,0,0
BRDA:351,36,0,0
BRF:41
BRH:0
end_of_record
